
**** Build of configuration Debug for project usart_test ****

make all 
make: Nothing to be done for `all'.

**** Build Finished ****

**** Build of configuration Debug for project usart_test ****

make all 
Building file: ../usart.c
Invoking: GCC C Compiler
gcc -O0 -g3 -Wall -c -fmessage-length=0 -MMD -MP -MF"usart.d" -MT"usart.d" -o "usart.o" "../usart.c"
../usart.c: In function ‘seriral_test’:
../usart.c:21:2: warning: implicit declaration of function ‘open’ [-Wimplicit-function-declaration]
../usart.c:21:30: error: ‘O_RDWR’ undeclared (first use in this function)
../usart.c:21:30: note: each undeclared identifier is reported only once for each function it appears in
../usart.c:21:39: error: ‘O_NOCTTY’ undeclared (first use in this function)
../usart.c:21:50: error: ‘O_NDELAY’ undeclared (first use in this function)
../usart.c: At top level:
../usart.c:40:5: warning: ‘main’ takes only zero or two arguments [-Wmain]
../usart.c: In function ‘main’:
../usart.c:40:1: error: parameter name omitted
make: *** [usart.o] Error 1

**** Build Finished ****

**** Build of configuration Debug for project usart_test ****

make all 
Building file: ../usart.c
Invoking: Cross GCC Compiler
arm-none-linux-gnueabi-gcc -O0 -g3 -Wall -c -fmessage-length=0 -MMD -MP -MF"usart.d" -MT"usart.d" -o "usart.o" "../usart.c"
/bin/sh: 1: arm-none-linux-gnueabi-gcc: not found
make: *** [usart.o] Error 127

**** Build Finished ****

**** Build of configuration Debug for project usart_test ****

make all 
Building file: ../self_test.c
Invoking: Cross GCC Compiler
arm-none-linux-gnueabi-gcc -O0 -g3 -Wall -c -fmessage-length=0 -MMD -MP -MF"self_test.d" -MT"self_test.d" -o "self_test.o" "../self_test.c"
/bin/sh: 1: arm-none-linux-gnueabi-gcc: not found
make: *** [self_test.o] Error 127

**** Build Finished ****

**** Build of configuration Debug for project usart_test ****

make all 
Building file: ../usart.c
Invoking: Cross GCC Compiler
arm-none-linux-gnueabi-gcc -O0 -g3 -Wall -c -fmessage-length=0 -MMD -MP -MF"usart.d" -MT"usart.d" -o "usart.o" "../usart.c"
../usart.c: In function 'seriral_test':
../usart.c:21: warning: implicit declaration of function 'open'
../usart.c:21: error: 'O_RDWR' undeclared (first use in this function)
../usart.c:21: error: (Each undeclared identifier is reported only once
../usart.c:21: error: for each function it appears in.)
../usart.c:21: error: 'O_NOCTTY' undeclared (first use in this function)
../usart.c:21: error: 'O_NDELAY' undeclared (first use in this function)
../usart.c: At top level:
../usart.c:40: warning: 'main' takes only zero or two arguments
../usart.c: In function 'main':
../usart.c:40: error: parameter name omitted
make: *** [usart.o] Error 1

**** Build Finished ****

**** Build of configuration Debug for project usart_test ****

make all 
Building file: ../usart.c
Invoking: Cross GCC Compiler
arm-none-linux-gnueabi-gcc -O0 -g3 -Wall -c -fmessage-length=0 -MMD -MP -MF"usart.d" -MT"usart.d" -o "usart.o" "../usart.c"
../usart.c: In function 'seriral_test':
../usart.c:21: warning: implicit declaration of function 'open'
../usart.c:21: error: 'O_RDWR' undeclared (first use in this function)
../usart.c:21: error: (Each undeclared identifier is reported only once
../usart.c:21: error: for each function it appears in.)
../usart.c:21: error: 'O_NOCTTY' undeclared (first use in this function)
../usart.c:21: error: 'O_NDELAY' undeclared (first use in this function)
../usart.c: At top level:
../usart.c:40: warning: 'main' takes only zero or two arguments
../usart.c: In function 'main':
../usart.c:40: error: parameter name omitted
make: *** [usart.o] Error 1

**** Build Finished ****

**** Clean-only build of configuration Debug for project usart_test ****

make clean 
rm -rf  ./usart.o  ./usart.d  usart_test
 

**** Build Finished ****

**** Build of configuration Debug for project usart_test ****

make all 
Building file: ../usart.c
Invoking: Cross GCC Compiler
arm-none-linux-gnueabi-gcc -O0 -g3 -Wall -c -fmessage-length=0 -MMD -MP -MF"usart.d" -MT"usart.d" -o "usart.o" "../usart.c"
../usart.c: In function 'seriral_test':
../usart.c:21: warning: implicit declaration of function 'open'
../usart.c:21: error: 'O_RDWR' undeclared (first use in this function)
../usart.c:21: error: (Each undeclared identifier is reported only once
../usart.c:21: error: for each function it appears in.)
../usart.c:21: error: 'O_NOCTTY' undeclared (first use in this function)
../usart.c:21: error: 'O_NDELAY' undeclared (first use in this function)
../usart.c: At top level:
../usart.c:40: warning: 'main' takes only zero or two arguments
../usart.c: In function 'main':
../usart.c:40: error: parameter name omitted
make: *** [usart.o] Error 1

**** Build Finished ****

**** Build of configuration Debug for project usart_test ****

make all 
Building file: ../usart.c
Invoking: Cross GCC Compiler
arm-none-linux-gnueabi-gcc -O0 -g3 -Wall -c -fmessage-length=0 -MMD -MP -MF"usart.d" -MT"usart.d" -o "usart.o" "../usart.c"
../usart.c: In function 'seriral_test':
../usart.c:21: warning: implicit declaration of function 'open'
../usart.c:21: error: 'O_RDWR' undeclared (first use in this function)
../usart.c:21: error: (Each undeclared identifier is reported only once
../usart.c:21: error: for each function it appears in.)
../usart.c:21: error: 'O_NOCTTY' undeclared (first use in this function)
../usart.c:21: error: 'O_NDELAY' undeclared (first use in this function)
../usart.c: At top level:
../usart.c:40: warning: 'main' takes only zero or two arguments
../usart.c: In function 'main':
../usart.c:40: error: parameter name omitted
make: *** [usart.o] Error 1

**** Build Finished ****

**** Build of configuration Debug for project usart_test ****

make all 
Building file: ../usart.c
Invoking: Cross GCC Compiler
arm-none-linux-gnueabi-gcc -O0 -g3 -Wall -c -fmessage-length=0 -MMD -MP -MF"usart.d" -MT"usart.d" -o "usart.o" "../usart.c"
../usart.c: In function 'seriral_test':
../usart.c:21: warning: implicit declaration of function 'open'
../usart.c:21: error: 'O_RDWR' undeclared (first use in this function)
../usart.c:21: error: (Each undeclared identifier is reported only once
../usart.c:21: error: for each function it appears in.)
../usart.c:21: error: 'O_NOCTTY' undeclared (first use in this function)
../usart.c:21: error: 'O_NDELAY' undeclared (first use in this function)
../usart.c: At top level:
../usart.c:40: warning: 'main' takes only zero or two arguments
../usart.c: In function 'main':
../usart.c:40: error: parameter name omitted
make: *** [usart.o] Error 1

**** Build Finished ****

**** Build of configuration Debug for project usart_test ****

make all 
Building file: ../usart.c
Invoking: Cross GCC Compiler
arm-none-linux-gnueabi-gcc -O0 -g3 -Wall -c -fmessage-length=0 -MMD -MP -MF"usart.d" -MT"usart.d" -o "usart.o" "../usart.c"
Finished building: ../usart.c
 
Building target: usart_test
Invoking: Cross GCC Linker
arm-none-linux-gnueabi-gcc  -o "usart_test"  ./usart.o   
Finished building target: usart_test
 

**** Build Finished ****

**** Build of configuration Debug for project usart_test ****

make all 
make: Nothing to be done for `all'.

**** Build Finished ****

**** Build of configuration Debug for project usart_test ****

make all 
make: Nothing to be done for `all'.

**** Build Finished ****

**** Build of configuration Debug for project usart_test ****

make all 
make: Nothing to be done for `all'.

**** Build Finished ****

**** Build of configuration Debug for project usart_test ****

make all 
make: Nothing to be done for `all'.

**** Build Finished ****

**** Build of configuration Debug for project usart_test ****

make all 
Building file: ../usart.c
Invoking: Cross GCC Compiler
arm-none-linux-gnueabi-gcc -O0 -g3 -Wall -c -fmessage-length=0 -MMD -MP -MF"usart.d" -MT"usart.d" -o "usart.o" "../usart.c"
Finished building: ../usart.c
 
Building target: usart_test
Invoking: Cross GCC Linker
arm-none-linux-gnueabi-gcc  -o "usart_test"  ./usart.o   
Finished building target: usart_test
 

**** Build Finished ****

**** Build of configuration Debug for project usart_test ****

make all 
make: Nothing to be done for `all'.

**** Build Finished ****

**** Build of configuration Debug for project usart_test ****

make all 
make: Nothing to be done for `all'.

**** Build Finished ****

**** Build of configuration Debug for project usart_test ****

make all 
make: Nothing to be done for `all'.

**** Build Finished ****

**** Build of configuration Debug for project usart_test ****

make all 
make: Nothing to be done for `all'.

**** Build Finished ****

**** Build of configuration Debug for project usart_test ****

make all 
make: Nothing to be done for `all'.

**** Build Finished ****

**** Build of configuration Debug for project usart_test ****

make all 
make: Nothing to be done for `all'.

**** Build Finished ****

**** Build of configuration Debug for project usart_test ****

make all 
make: Nothing to be done for `all'.

**** Build Finished ****

**** Build of configuration Debug for project usart_test ****

make all 
make: Nothing to be done for `all'.

**** Build Finished ****

**** Build of configuration Debug for project usart_test ****

make all 
make: Nothing to be done for `all'.

**** Build Finished ****

**** Build of configuration Debug for project usart_test ****

make all 
make: Nothing to be done for `all'.

**** Build Finished ****

**** Build of configuration Debug for project usart_test ****

make all 
make: Nothing to be done for `all'.

**** Build Finished ****

**** Build of configuration Debug for project usart_test ****

make all 
make: Nothing to be done for `all'.

**** Build Finished ****

**** Build of configuration Debug for project usart_test ****

make all 
make: Nothing to be done for `all'.

**** Build Finished ****

**** Build of configuration Debug for project usart_test ****

make all 
make: Nothing to be done for `all'.

**** Build Finished ****

**** Build of configuration Debug for project usart_test ****

make all 
Building file: ../usart.c
Invoking: Cross GCC Compiler
arm-none-linux-gnueabi-gcc -O0 -g3 -Wall -c -fmessage-length=0 -MMD -MP -MF"usart.d" -MT"usart.d" -o "usart.o" "../usart.c"
../usart.c: In function 'main':
../usart.c:69: error: 'for' loop initial declarations are only allowed in C99 mode
../usart.c:69: note: use option -std=c99 or -std=gnu99 to compile your code
../usart.c:72: error: 'op_status' undeclared (first use in this function)
../usart.c:72: error: (Each undeclared identifier is reported only once
../usart.c:72: error: for each function it appears in.)
../usart.c:89: error: 'for' loop initial declarations are only allowed in C99 mode
../usart.c:92: warning: format '%s' expects type 'char *', but argument 2 has type 'int'
make: *** [usart.o] Error 1

**** Build Finished ****

**** Build of configuration Debug for project usart_test ****

make all 
Building file: ../usart.c
Invoking: Cross GCC Compiler
arm-none-linux-gnueabi-gcc -O0 -g3 -Wall -c -fmessage-length=0 -MMD -MP -MF"usart.d" -MT"usart.d" -o "usart.o" "../usart.c"
../usart.c: In function 'main':
../usart.c:69: error: 'for' loop initial declarations are only allowed in C99 mode
../usart.c:69: note: use option -std=c99 or -std=gnu99 to compile your code
../usart.c:72: error: 'op_status' undeclared (first use in this function)
../usart.c:72: error: (Each undeclared identifier is reported only once
../usart.c:72: error: for each function it appears in.)
../usart.c:89: error: 'for' loop initial declarations are only allowed in C99 mode
../usart.c:92: warning: format '%s' expects type 'char *', but argument 2 has type 'int'
make: *** [usart.o] Error 1

**** Build Finished ****

**** Build of configuration Debug for project usart_test ****

make all 
Building file: ../usart.c
Invoking: Cross GCC Compiler
arm-none-linux-gnueabi-gcc -O0 -g3 -Wall -c -fmessage-length=0 -MMD -MP -MF"usart.d" -MT"usart.d" -o "usart.o" "../usart.c"
../usart.c: In function 'main':
../usart.c:69: error: 'for' loop initial declarations are only allowed in C99 mode
../usart.c:69: note: use option -std=c99 or -std=gnu99 to compile your code
../usart.c:72: error: 'op_status' undeclared (first use in this function)
../usart.c:72: error: (Each undeclared identifier is reported only once
../usart.c:72: error: for each function it appears in.)
../usart.c:89: error: 'for' loop initial declarations are only allowed in C99 mode
../usart.c:92: warning: format '%s' expects type 'char *', but argument 2 has type 'int'
make: *** [usart.o] Error 1

**** Build Finished ****

**** Build of configuration Debug for project usart_test ****

make all 
Building file: ../usart.c
Invoking: Cross GCC Compiler
arm-none-linux-gnueabi-gcc -O0 -g3 -Wall -c -fmessage-length=0 -MMD -MP -MF"usart.d" -MT"usart.d" -o "usart.o" "../usart.c"
../usart.c: In function 'main':
../usart.c:69: error: 'for' loop initial declarations are only allowed in C99 mode
../usart.c:69: note: use option -std=c99 or -std=gnu99 to compile your code
../usart.c:72: error: 'op_status' undeclared (first use in this function)
../usart.c:72: error: (Each undeclared identifier is reported only once
../usart.c:72: error: for each function it appears in.)
../usart.c:89: error: 'for' loop initial declarations are only allowed in C99 mode
../usart.c:92: warning: format '%s' expects type 'char *', but argument 2 has type 'int'
make: *** [usart.o] Error 1

**** Build Finished ****

**** Build of configuration Debug for project usart_test ****

make all 
Building file: ../usart.c
Invoking: Cross GCC Compiler
arm-none-linux-gnueabi-gcc -O0 -g3 -Wall -c -fmessage-length=0 -MMD -MP -MF"usart.d" -MT"usart.d" -o "usart.o" "../usart.c"
../usart.c: In function 'main':
../usart.c:69: error: 'for' loop initial declarations are only allowed in C99 mode
../usart.c:69: note: use option -std=c99 or -std=gnu99 to compile your code
../usart.c:72: error: 'op_status' undeclared (first use in this function)
../usart.c:72: error: (Each undeclared identifier is reported only once
../usart.c:72: error: for each function it appears in.)
../usart.c:89: error: 'for' loop initial declarations are only allowed in C99 mode
../usart.c:92: warning: format '%s' expects type 'char *', but argument 2 has type 'int'
make: *** [usart.o] Error 1

**** Build Finished ****

**** Build of configuration Debug for project usart_test ****

make all 
Building file: ../usart.c
Invoking: Cross GCC Compiler
arm-none-linux-gnueabi-gcc -O0 -g3 -Wall -c -fmessage-length=0 -MMD -MP -MF"usart.d" -MT"usart.d" -o "usart.o" "../usart.c"
../usart.c: In function 'main':
../usart.c:69: error: 'for' loop initial declarations are only allowed in C99 mode
../usart.c:69: note: use option -std=c99 or -std=gnu99 to compile your code
../usart.c:72: error: 'op_status' undeclared (first use in this function)
../usart.c:72: error: (Each undeclared identifier is reported only once
../usart.c:72: error: for each function it appears in.)
../usart.c:89: error: 'for' loop initial declarations are only allowed in C99 mode
../usart.c:92: warning: format '%s' expects type 'char *', but argument 2 has type 'int'
make: *** [usart.o] Error 1

**** Build Finished ****

**** Build of configuration Debug for project usart_test ****

make all 
Building file: ../usart.c
Invoking: Cross GCC Compiler
arm-none-linux-gnueabi-gcc -O0 -g3 -Wall -c -fmessage-length=0 -MMD -MP -MF"usart.d" -MT"usart.d" -o "usart.o" "../usart.c"
../usart.c: In function 'main':
../usart.c:69: error: 'for' loop initial declarations are only allowed in C99 mode
../usart.c:69: note: use option -std=c99 or -std=gnu99 to compile your code
../usart.c:72: error: 'op_status' undeclared (first use in this function)
../usart.c:72: error: (Each undeclared identifier is reported only once
../usart.c:72: error: for each function it appears in.)
../usart.c:89: error: 'for' loop initial declarations are only allowed in C99 mode
../usart.c:92: warning: format '%s' expects type 'char *', but argument 2 has type 'int'
make: *** [usart.o] Error 1

**** Build Finished ****

**** Build of configuration Debug for project usart_test ****

make all 
Building file: ../usart.c
Invoking: Cross GCC Compiler
arm-none-linux-gnueabi-gcc -O0 -g3 -Wall -c -fmessage-length=0 -MMD -MP -MF"usart.d" -MT"usart.d" -o "usart.o" "../usart.c"
../usart.c: In function 'main':
../usart.c:69: error: 'for' loop initial declarations are only allowed in C99 mode
../usart.c:69: note: use option -std=c99 or -std=gnu99 to compile your code
../usart.c:72: error: 'op_status' undeclared (first use in this function)
../usart.c:72: error: (Each undeclared identifier is reported only once
../usart.c:72: error: for each function it appears in.)
../usart.c:89: error: 'for' loop initial declarations are only allowed in C99 mode
../usart.c:92: warning: format '%s' expects type 'char *', but argument 2 has type 'int'
make: *** [usart.o] Error 1

**** Build Finished ****

**** Build of configuration Debug for project usart_test ****

make all 
Building file: ../usart.c
Invoking: Cross GCC Compiler
arm-none-linux-gnueabi-gcc --std=c99 -O0 -g3 -Wall -c -fmessage-length=0 -MMD -MP -MF"usart.d" -MT"usart.d" -o "usart.o" "../usart.c"
../usart.c: In function 'main':
../usart.c:72: error: 'op_status' undeclared (first use in this function)
../usart.c:72: error: (Each undeclared identifier is reported only once
../usart.c:72: error: for each function it appears in.)
../usart.c:92: warning: format '%s' expects type 'char *', but argument 2 has type 'int'
make: *** [usart.o] Error 1

**** Build Finished ****

**** Build of configuration Debug for project usart_test ****

make all 
Building file: ../usart.c
Invoking: Cross GCC Compiler
arm-none-linux-gnueabi-gcc --std=c99 -O0 -g3 -Wall -c -fmessage-length=0 -MMD -MP -MF"usart.d" -MT"usart.d" -o "usart.o" "../usart.c"
../usart.c: In function 'main':
../usart.c:70: error: expected expression before '=' token
../usart.c:70: warning: statement with no effect
../usart.c:91: error: expected expression before '=' token
../usart.c:91: warning: statement with no effect
../usart.c:94: warning: format '%s' expects type 'char *', but argument 2 has type 'int'
make: *** [usart.o] Error 1

**** Build Finished ****

**** Build of configuration Debug for project usart_test ****

make all 
Building file: ../usart.c
Invoking: Cross GCC Compiler
arm-none-linux-gnueabi-gcc --std=c99 -O0 -g3 -Wall -c -fmessage-length=0 -MMD -MP -MF"usart.d" -MT"usart.d" -o "usart.o" "../usart.c"
../usart.c: In function 'main':
../usart.c:91: error: expected expression before '=' token
../usart.c:91: warning: statement with no effect
../usart.c:94: warning: format '%s' expects type 'char *', but argument 2 has type 'int'
make: *** [usart.o] Error 1

**** Build Finished ****

**** Build of configuration Debug for project usart_test ****

make all 
Building file: ../usart.c
Invoking: Cross GCC Compiler
arm-none-linux-gnueabi-gcc --std=c99 -O0 -g3 -Wall -c -fmessage-length=0 -MMD -MP -MF"usart.d" -MT"usart.d" -o "usart.o" "../usart.c"
../usart.c: In function 'main':
../usart.c:94: warning: format '%s' expects type 'char *', but argument 2 has type 'int'
Finished building: ../usart.c
 
Building target: usart_test
Invoking: Cross GCC Linker
arm-none-linux-gnueabi-gcc  -o "usart_test"  ./usart.o   
Finished building target: usart_test
 

**** Build Finished ****

**** Build of configuration Debug for project usart_test ****

make all 
make: Nothing to be done for `all'.

**** Build Finished ****

**** Build of configuration Debug for project usart_test ****

make all 
make: Nothing to be done for `all'.

**** Build Finished ****

**** Build of configuration Debug for project usart_test ****

make all 
make: Nothing to be done for `all'.

**** Build Finished ****

**** Build of configuration Debug for project usart_test ****

make all 
make: Nothing to be done for `all'.

**** Build Finished ****

**** Build of configuration Debug for project usart_test ****

make all 
make: Nothing to be done for `all'.

**** Build Finished ****

**** Build of configuration Debug for project usart_test ****

make all 
make: Nothing to be done for `all'.

**** Build Finished ****

**** Build of configuration Debug for project usart_test ****

make all 
make: Nothing to be done for `all'.

**** Build Finished ****

**** Clean-only build of configuration Debug for project usart_test ****

make clean 
rm -rf  ./usart.o  ./usart.d  usart_test
 

**** Build Finished ****

**** Build of configuration Debug for project usart_test ****

make all 
Building file: ../usart.c
Invoking: Cross GCC Compiler
arm-none-linux-gnueabi-gcc --std=c99 -O0 -g3 -Wall -c -fmessage-length=0 -MMD -MP -MF"usart.d" -MT"usart.d" -o "usart.o" "../usart.c"
../usart.c: In function 'main':
../usart.c:94: warning: format '%s' expects type 'char *', but argument 2 has type 'int'
Finished building: ../usart.c
 
Building target: usart_test
Invoking: Cross GCC Linker
arm-none-linux-gnueabi-gcc  -o "usart_test"  ./usart.o   
Finished building target: usart_test
 

**** Build Finished ****

**** Build of configuration Debug for project usart_test ****

make all 
make: Nothing to be done for `all'.

**** Build Finished ****

**** Build of configuration Debug for project usart_test ****

make all 
make: Nothing to be done for `all'.

**** Build Finished ****

**** Build of configuration Debug for project usart_test ****

make all 
make: Nothing to be done for `all'.

**** Build Finished ****

**** Build of configuration Debug for project usart_test ****

make all 
make: Nothing to be done for `all'.

**** Build Finished ****

**** Build of configuration Debug for project usart_test ****

make all 
make: Nothing to be done for `all'.

**** Build Finished ****

**** Build of configuration Debug for project usart_test ****

make all 
make: Nothing to be done for `all'.

**** Build Finished ****

**** Build of configuration Debug for project usart_test ****

make all 
make: Nothing to be done for `all'.

**** Build Finished ****

**** Build of configuration Debug for project usart_test ****

make all 
make: Nothing to be done for `all'.

**** Build Finished ****

**** Build of configuration Debug for project usart_test ****

make all 
Building file: ../usart.c
Invoking: Cross GCC Compiler
arm-none-linux-gnueabi-gcc --std=c99 -O0 -g3 -Wall -c -fmessage-length=0 -MMD -MP -MF"usart.d" -MT"usart.d" -o "usart.o" "../usart.c"
../usart.c: In function 'main':
../usart.c:97: warning: format '%s' expects type 'char *', but argument 2 has type 'int'
Finished building: ../usart.c
 
Building target: usart_test
Invoking: Cross GCC Linker
arm-none-linux-gnueabi-gcc  -o "usart_test"  ./usart.o   
Finished building target: usart_test
 

**** Build Finished ****

**** Build of configuration Debug for project usart_test ****

make all 
make: Nothing to be done for `all'.

**** Build Finished ****

**** Build of configuration Debug for project usart_test ****

make all 
make: Nothing to be done for `all'.

**** Build Finished ****

**** Build of configuration Debug for project usart_test ****

make all 
make: Nothing to be done for `all'.

**** Build Finished ****

**** Build of configuration Debug for project usart_test ****

make all 
make: Nothing to be done for `all'.

**** Build Finished ****

**** Build of configuration Debug for project usart_test ****

make all 
make: Nothing to be done for `all'.

**** Build Finished ****

**** Build of configuration Debug for project usart_test ****

make all 
make: Nothing to be done for `all'.

**** Build Finished ****

**** Build of configuration Debug for project usart_test ****

make all 
Building file: ../usart.c
Invoking: Cross GCC Compiler
arm-none-linux-gnueabi-gcc --std=c99 -O0 -g3 -Wall -c -fmessage-length=0 -MMD -MP -MF"usart.d" -MT"usart.d" -o "usart.o" "../usart.c"
../usart.c: In function 'main':
../usart.c:102: warning: format '%s' expects type 'char *', but argument 2 has type 'int'
../usart.c: At top level:
../usart.c:28: warning: 'seriral_test' defined but not used
Finished building: ../usart.c
 
Building target: usart_test
Invoking: Cross GCC Linker
arm-none-linux-gnueabi-gcc  -o "usart_test"  ./usart.o   
Finished building target: usart_test
 

**** Build Finished ****

**** Build of configuration Debug for project usart_test ****

make all 
make: Nothing to be done for `all'.

**** Build Finished ****

**** Build of configuration Debug for project usart_test ****

make all 
make: Nothing to be done for `all'.

**** Build Finished ****

**** Build of configuration Debug for project usart_test ****

make all 
Building file: ../usart.c
Invoking: Cross GCC Compiler
arm-none-linux-gnueabi-gcc --std=c99 -O0 -g3 -Wall -c -fmessage-length=0 -MMD -MP -MF"usart.d" -MT"usart.d" -o "usart.o" "../usart.c"
../usart.c: In function 'main':
../usart.c:102: warning: format '%s' expects type 'char *', but argument 2 has type 'int'
../usart.c: At top level:
../usart.c:28: warning: 'seriral_test' defined but not used
../usart.c: In function 'main':
../usart.c:59: warning: 'status' is used uninitialized in this function
Finished building: ../usart.c
 
Building target: usart_test
Invoking: Cross GCC Linker
arm-none-linux-gnueabi-gcc  -o "usart_test"  ./usart.o   
Finished building target: usart_test
 

**** Build Finished ****

**** Build of configuration Debug for project usart_test ****

make all 
make: Nothing to be done for `all'.

**** Build Finished ****

**** Build of configuration Debug for project usart_test ****

make all 
make: Nothing to be done for `all'.

**** Build Finished ****

**** Build of configuration Debug for project usart_test ****

make all 
Building file: ../usart.c
Invoking: Cross GCC Compiler
arm-none-linux-gnueabi-gcc --std=c99 -O0 -g3 -Wall -c -fmessage-length=0 -MMD -MP -MF"usart.d" -MT"usart.d" -o "usart.o" "../usart.c"
../usart.c: In function 'main':
../usart.c:76: error: expected expression before '.' token
../usart.c:102: warning: format '%s' expects type 'char *', but argument 2 has type 'int'
make: *** [usart.o] Error 1

**** Build Finished ****

**** Build of configuration Debug for project usart_test ****

make all 
Building file: ../usart.c
Invoking: Cross GCC Compiler
arm-none-linux-gnueabi-gcc --std=c99 -O0 -g3 -Wall -c -fmessage-length=0 -MMD -MP -MF"usart.d" -MT"usart.d" -o "usart.o" "../usart.c"
../usart.c: In function 'main':
../usart.c:76: error: expected expression before '.' token
../usart.c:102: warning: format '%s' expects type 'char *', but argument 2 has type 'int'
make: *** [usart.o] Error 1

**** Build Finished ****

**** Build of configuration Debug for project usart_test ****

make all 
Building file: ../usart.c
Invoking: Cross GCC Compiler
arm-none-linux-gnueabi-gcc --std=c99 -O0 -g3 -Wall -c -fmessage-length=0 -MMD -MP -MF"usart.d" -MT"usart.d" -o "usart.o" "../usart.c"
../usart.c: In function 'main':
../usart.c:76: error: expected expression before '.' token
../usart.c:102: warning: format '%s' expects type 'char *', but argument 2 has type 'int'
make: *** [usart.o] Error 1

**** Build Finished ****

**** Build of configuration Debug for project usart_test ****

make all 
Building file: ../usart.c
Invoking: Cross GCC Compiler
arm-none-linux-gnueabi-gcc --std=c99 -O0 -g3 -Wall -c -fmessage-length=0 -MMD -MP -MF"usart.d" -MT"usart.d" -o "usart.o" "../usart.c"
../usart.c: In function 'main':
../usart.c:76: error: expected expression before '.' token
../usart.c:102: warning: format '%s' expects type 'char *', but argument 2 has type 'int'
make: *** [usart.o] Error 1

**** Build Finished ****

**** Build of configuration Debug for project usart_test ****

make all 
Building file: ../usart.c
Invoking: Cross GCC Compiler
arm-none-linux-gnueabi-gcc --std=c99 -O0 -g3 -Wall -c -fmessage-length=0 -MMD -MP -MF"usart.d" -MT"usart.d" -o "usart.o" "../usart.c"
../usart.c: In function 'main':
../usart.c:102: warning: format '%s' expects type 'char *', but argument 2 has type 'int'
../usart.c: At top level:
../usart.c:28: warning: 'seriral_test' defined but not used
../usart.c: In function 'main':
../usart.c:59: warning: 'status' is used uninitialized in this function
Finished building: ../usart.c
 
Building target: usart_test
Invoking: Cross GCC Linker
arm-none-linux-gnueabi-gcc  -o "usart_test"  ./usart.o   
Finished building target: usart_test
 

**** Build Finished ****

**** Build of configuration Debug for project usart_test ****

make all 
make: Nothing to be done for `all'.

**** Build Finished ****

**** Build of configuration Debug for project usart_test ****

make all 
make: Nothing to be done for `all'.

**** Build Finished ****

**** Build of configuration Debug for project usart_test ****

make all 
make: Nothing to be done for `all'.

**** Build Finished ****

**** Build of configuration Debug for project usart_test ****

make all 
Building file: ../usart.c
Invoking: Cross GCC Compiler
arm-none-linux-gnueabi-gcc --std=c99 -O0 -g3 -Wall -c -fmessage-length=0 -MMD -MP -MF"usart.d" -MT"usart.d" -o "usart.o" "../usart.c"
../usart.c: In function 'main':
../usart.c:103: warning: format '%s' expects type 'char *', but argument 2 has type 'int'
../usart.c: At top level:
../usart.c:28: warning: 'seriral_test' defined but not used
../usart.c: In function 'main':
../usart.c:59: warning: 'status' is used uninitialized in this function
Finished building: ../usart.c
 
Building target: usart_test
Invoking: Cross GCC Linker
arm-none-linux-gnueabi-gcc  -o "usart_test"  ./usart.o   
Finished building target: usart_test
 

**** Build Finished ****

**** Build of configuration Debug for project usart_test ****

make all 
make: Nothing to be done for `all'.

**** Build Finished ****

**** Build of configuration Debug for project usart_test ****

make all 
make: Nothing to be done for `all'.

**** Build Finished ****

**** Build of configuration Debug for project usart_test ****

make all 
make: Nothing to be done for `all'.

**** Build Finished ****

**** Build of configuration Debug for project usart_test ****

make all 
Building file: ../usart.c
Invoking: Cross GCC Compiler
arm-none-linux-gnueabi-gcc --std=c99 -O0 -g3 -Wall -c -fmessage-length=0 -MMD -MP -MF"usart.d" -MT"usart.d" -o "usart.o" "../usart.c"
../usart.c: In function 'ListeningUsart':
../usart.c:55: warning: format '%ld' expects type 'long int', but argument 2 has type 'void *'
../usart.c:69: warning: format '%s' expects type 'char *', but argument 2 has type 'int'
../usart.c:53: warning: unused variable 'thr_id'
../usart.c: In function 'main':
../usart.c:106: warning: implicit declaration of function 'prinf'
../usart.c: At top level:
../usart.c:28: warning: 'seriral_test' defined but not used
../usart.c: In function 'main':
../usart.c:87: warning: 'status' is used uninitialized in this function
Finished building: ../usart.c
 
Building target: usart_test
Invoking: Cross GCC Linker
arm-none-linux-gnueabi-gcc  -o "usart_test"  ./usart.o   
./usart.o: In function `main':
/home/kon/linux-learning/usat_communication/usart_test/Debug/../usart.c:99: undefined reference to `pthread_create'
/home/kon/linux-learning/usat_communication/usart_test/Debug/../usart.c:106: undefined reference to `prinf'
collect2: ld returned 1 exit status
make: *** [usart_test] Error 1

**** Build Finished ****

**** Build of configuration Debug for project usart_test ****

make all 
Building file: ../usart.c
Invoking: Cross GCC Compiler
arm-none-linux-gnueabi-gcc --std=c99 -O0 -g3 -Wall -c -fmessage-length=0 -MMD -MP -MF"usart.d" -MT"usart.d" -o "usart.o" "../usart.c"
../usart.c: In function 'ListeningUsart':
../usart.c:55: warning: format '%ld' expects type 'long int', but argument 2 has type 'void *'
../usart.c:69: warning: format '%s' expects type 'char *', but argument 2 has type 'int'
../usart.c:53: warning: unused variable 'thr_id'
../usart.c: At top level:
../usart.c:28: warning: 'seriral_test' defined but not used
../usart.c: In function 'main':
../usart.c:87: warning: 'status' is used uninitialized in this function
Finished building: ../usart.c
 
Building target: usart_test
Invoking: Cross GCC Linker
arm-none-linux-gnueabi-gcc  -o "usart_test"  ./usart.o   
./usart.o: In function `main':
/home/kon/linux-learning/usat_communication/usart_test/Debug/../usart.c:99: undefined reference to `pthread_create'
collect2: ld returned 1 exit status
make: *** [usart_test] Error 1

**** Build Finished ****

**** Build of configuration Debug for project usart_test ****

make all 
Building file: ../usart.c
Invoking: Cross GCC Compiler
arm-none-linux-gnueabi-gcc --std=c99 -O0 -g3 -Wall -c -fmessage-length=0 -MMD -MP -MF"usart.d" -MT"usart.d" -o "usart.o" "../usart.c"
../usart.c: In function 'ListeningUsart':
../usart.c:55: warning: format '%ld' expects type 'long int', but argument 2 has type 'void *'
../usart.c:69: warning: format '%s' expects type 'char *', but argument 2 has type 'int'
../usart.c:53: warning: unused variable 'thr_id'
../usart.c: At top level:
../usart.c:28: warning: 'seriral_test' defined but not used
Finished building: ../usart.c
 
Building target: usart_test
Invoking: Cross GCC Linker
arm-none-linux-gnueabi-gcc  -o "usart_test"  ./usart.o   
./usart.o: In function `main':
/home/kon/linux-learning/usat_communication/usart_test/Debug/../usart.c:95: undefined reference to `pthread_create'
collect2: ld returned 1 exit status
make: *** [usart_test] Error 1

**** Build Finished ****

**** Build of configuration Debug for project usart_test ****

make all 
Building target: usart_test
Invoking: Cross GCC Linker
arm-none-linux-gnueabi-gcc  -o "usart_test"  ./usart.o   
./usart.o: In function `main':
/home/kon/linux-learning/usat_communication/usart_test/Debug/../usart.c:95: undefined reference to `pthread_create'
collect2: ld returned 1 exit status
make: *** [usart_test] Error 1

**** Build Finished ****

**** Build of configuration Debug for project usart_test ****

make all 
Building target: usart_test
Invoking: Cross GCC Linker
arm-none-linux-gnueabi-gcc  -o "usart_test"  ./usart.o   
./usart.o: In function `main':
/home/kon/linux-learning/usat_communication/usart_test/Debug/../usart.c:95: undefined reference to `pthread_create'
collect2: ld returned 1 exit status
make: *** [usart_test] Error 1

**** Build Finished ****

**** Build of configuration Debug for project usart_test ****

make all 
Building file: ../usart.c
Invoking: Cross GCC Compiler
arm-none-linux-gnueabi-gcc --std=c99 -lpthread -O0 -g3 -Wall -c -fmessage-length=0 -MMD -MP -MF"usart.d" -MT"usart.d" -o "usart.o" "../usart.c"
../usart.c: In function 'ListeningUsart':
../usart.c:55: warning: format '%ld' expects type 'long int', but argument 2 has type 'void *'
../usart.c:69: warning: format '%s' expects type 'char *', but argument 2 has type 'int'
../usart.c:53: warning: unused variable 'thr_id'
../usart.c: At top level:
../usart.c:28: warning: 'seriral_test' defined but not used
Finished building: ../usart.c
 
Building target: usart_test
Invoking: Cross GCC Linker
arm-none-linux-gnueabi-gcc  -o "usart_test"  ./usart.o   
./usart.o: In function `main':
/home/kon/linux-learning/usat_communication/usart_test/Debug/../usart.c:95: undefined reference to `pthread_create'
collect2: ld returned 1 exit status
make: *** [usart_test] Error 1

**** Build Finished ****

**** Build of configuration Debug for project usart_test ****

make all 
Building file: ../usart.c
Invoking: Cross GCC Compiler
arm-none-linux-gnueabi-gcc --std=c99 --lpthread -O0 -g3 -Wall -c -fmessage-length=0 -MMD -MP -MF"usart.d" -MT"usart.d" -o "usart.o" "../usart.c"
cc1: error: unrecognized command line option "-flpthread"
make: *** [usart.o] Error 1

**** Build Finished ****

**** Build of configuration Debug for project usart_test ****

make all 
Building file: ../usart.c
Invoking: Cross GCC Compiler
arm-none-linux-gnueabi-gcc --std=c99 -O0 -g3 -Wall -c -fmessage-length=0 -MMD -MP -MF"usart.d" -MT"usart.d" -o "usart.o" "../usart.c"
../usart.c: In function 'ListeningUsart':
../usart.c:55: warning: format '%ld' expects type 'long int', but argument 2 has type 'void *'
../usart.c:69: warning: format '%s' expects type 'char *', but argument 2 has type 'int'
../usart.c:53: warning: unused variable 'thr_id'
../usart.c: At top level:
../usart.c:28: warning: 'seriral_test' defined but not used
Finished building: ../usart.c
 
Building target: usart_test
Invoking: Cross GCC Linker
arm-none-linux-gnueabi-gcc  -o "usart_test"  ./usart.o   -lpthread
Finished building target: usart_test
 

**** Build Finished ****

**** Build of configuration Debug for project usart_test ****

make all 
make: Nothing to be done for `all'.

**** Build Finished ****

**** Build of configuration Debug for project usart_test ****

make all 
Building target: usart_test
Invoking: Cross GCC Linker
arm-none-linux-gnueabi-gcc  -o "usart_test"  ./usart.o   -lpthread
Finished building target: usart_test
 

**** Build Finished ****

**** Build of configuration Debug for project usart_test ****

make all 
make: Nothing to be done for `all'.

**** Build Finished ****

**** Build of configuration Debug for project usart_test ****

make all 
Building file: ../usart.c
Invoking: Cross GCC Compiler
arm-none-linux-gnueabi-gcc --std=c99 -O0 -g3 -Wall -c -fmessage-length=0 -MMD -MP -MF"usart.d" -MT"usart.d" -o "usart.o" "../usart.c"
../usart.c: In function 'ListeningUsart':
../usart.c:55: warning: format '%ld' expects type 'long int', but argument 2 has type 'void *'
../usart.c:69: warning: format '%s' expects type 'char *', but argument 2 has type 'int'
../usart.c:53: warning: unused variable 'thr_id'
../usart.c: In function 'main':
../usart.c:112: error: expected expression before '.' token
make: *** [usart.o] Error 1

**** Build Finished ****

**** Build of configuration Debug for project usart_test ****

make all 
Building file: ../usart.c
Invoking: Cross GCC Compiler
arm-none-linux-gnueabi-gcc --std=c99 -O0 -g3 -Wall -c -fmessage-length=0 -MMD -MP -MF"usart.d" -MT"usart.d" -o "usart.o" "../usart.c"
../usart.c: In function 'ListeningUsart':
../usart.c:55: warning: format '%ld' expects type 'long int', but argument 2 has type 'void *'
../usart.c:69: warning: format '%s' expects type 'char *', but argument 2 has type 'int'
../usart.c:53: warning: unused variable 'thr_id'
../usart.c: In function 'main':
../usart.c:112: error: expected expression before '.' token
make: *** [usart.o] Error 1

**** Build Finished ****

**** Build of configuration Debug for project usart_test ****

make all 
Building file: ../usart.c
Invoking: Cross GCC Compiler
arm-none-linux-gnueabi-gcc --std=c99 -O0 -g3 -Wall -c -fmessage-length=0 -MMD -MP -MF"usart.d" -MT"usart.d" -o "usart.o" "../usart.c"
../usart.c: In function 'ListeningUsart':
../usart.c:55: warning: format '%ld' expects type 'long int', but argument 2 has type 'void *'
../usart.c:69: warning: format '%s' expects type 'char *', but argument 2 has type 'int'
../usart.c:53: warning: unused variable 'thr_id'
../usart.c: At top level:
../usart.c:28: warning: 'seriral_test' defined but not used
Finished building: ../usart.c
 
Building target: usart_test
Invoking: Cross GCC Linker
arm-none-linux-gnueabi-gcc  -o "usart_test"  ./usart.o   -lpthread
Finished building target: usart_test
 

**** Build Finished ****

**** Build of configuration Debug for project usart_test ****

make all 
make: Nothing to be done for `all'.

**** Build Finished ****

**** Build of configuration Debug for project usart_test ****

make all 
make: Nothing to be done for `all'.

**** Build Finished ****

**** Build of configuration Debug for project usart_test ****

make all 
Building file: ../usart.c
Invoking: Cross GCC Compiler
arm-none-linux-gnueabi-gcc --std=c99 -O0 -g3 -Wall -c -fmessage-length=0 -MMD -MP -MF"usart.d" -MT"usart.d" -o "usart.o" "../usart.c"
../usart.c: In function 'ListeningUsart':
../usart.c:55: warning: format '%ld' expects type 'long int', but argument 2 has type 'void *'
../usart.c:69: warning: format '%s' expects type 'char *', but argument 2 has type 'int'
../usart.c:53: warning: unused variable 'thr_id'
../usart.c: At top level:
../usart.c:28: warning: 'seriral_test' defined but not used
Finished building: ../usart.c
 
Building target: usart_test
Invoking: Cross GCC Linker
arm-none-linux-gnueabi-gcc  -o "usart_test"  ./usart.o   -lpthread
Finished building target: usart_test
 

**** Build Finished ****

**** Build of configuration Debug for project usart_test ****

make all 
make: Nothing to be done for `all'.

**** Build Finished ****

**** Build of configuration Debug for project usart_test ****

make all 
make: Nothing to be done for `all'.

**** Build Finished ****

**** Build of configuration Debug for project usart_test ****

make all 
Building file: ../usart.c
Invoking: Cross GCC Compiler
arm-none-linux-gnueabi-gcc --std=c99 -O0 -g3 -Wall -c -fmessage-length=0 -MMD -MP -MF"usart.d" -MT"usart.d" -o "usart.o" "../usart.c"
../usart.c: In function 'ListeningUsart':
../usart.c:55: warning: format '%ld' expects type 'long int', but argument 2 has type 'void *'
../usart.c:69: warning: format '%s' expects type 'char *', but argument 2 has type 'int'
../usart.c:53: warning: unused variable 'thr_id'
../usart.c: At top level:
../usart.c:28: warning: 'seriral_test' defined but not used
Finished building: ../usart.c
 
Building target: usart_test
Invoking: Cross GCC Linker
arm-none-linux-gnueabi-gcc  -o "usart_test"  ./usart.o   -lpthread
Finished building target: usart_test
 

**** Build Finished ****

**** Build of configuration Debug for project usart_test ****

make all 
make: Nothing to be done for `all'.

**** Build Finished ****

**** Build of configuration Debug for project usart_test ****

make all 
make: Nothing to be done for `all'.

**** Build Finished ****

**** Build of configuration Debug for project usart_test ****

make all 
Building file: ../usart.c
Invoking: Cross GCC Compiler
arm-none-linux-gnueabi-gcc --std=c99 -O0 -g3 -Wall -c -fmessage-length=0 -MMD -MP -MF"usart.d" -MT"usart.d" -o "usart.o" "../usart.c"
../usart.c: In function 'ListeningUsart':
../usart.c:55: warning: format '%ld' expects type 'long int', but argument 2 has type 'void *'
../usart.c:69: warning: format '%s' expects type 'char *', but argument 2 has type 'int'
../usart.c:53: warning: unused variable 'thr_id'
../usart.c: At top level:
../usart.c:28: warning: 'seriral_test' defined but not used
Finished building: ../usart.c
 
Building target: usart_test
Invoking: Cross GCC Linker
arm-none-linux-gnueabi-gcc  -o "usart_test"  ./usart.o   -lpthread
Finished building target: usart_test
 

**** Build Finished ****

**** Build of configuration Debug for project usart_test ****

make all 
make: Nothing to be done for `all'.

**** Build Finished ****

**** Build of configuration Debug for project usart_test ****

make all 
make: Nothing to be done for `all'.

**** Build Finished ****

**** Build of configuration Debug for project usart_test ****

make all 
Building file: ../usart.c
Invoking: Cross GCC Compiler
arm-none-linux-gnueabi-gcc --std=c99 -O0 -g3 -Wall -c -fmessage-length=0 -MMD -MP -MF"usart.d" -MT"usart.d" -o "usart.o" "../usart.c"
../usart.c: In function 'ListeningUsart':
../usart.c:55: warning: format '%ld' expects type 'long int', but argument 2 has type 'void *'
../usart.c:69: warning: format '%s' expects type 'char *', but argument 2 has type 'int'
../usart.c:53: warning: unused variable 'thr_id'
../usart.c: At top level:
../usart.c:28: warning: 'seriral_test' defined but not used
Finished building: ../usart.c
 
Building target: usart_test
Invoking: Cross GCC Linker
arm-none-linux-gnueabi-gcc  -o "usart_test"  ./usart.o   -lpthread
Finished building target: usart_test
 

**** Build Finished ****

**** Build of configuration Debug for project usart_test ****

make all 
make: Nothing to be done for `all'.

**** Build Finished ****

**** Build of configuration Debug for project usart_test ****

make all 
Building file: ../usart.c
Invoking: Cross GCC Compiler
arm-none-linux-gnueabi-gcc --std=c99 -O0 -g3 -Wall -c -fmessage-length=0 -MMD -MP -MF"usart.d" -MT"usart.d" -o "usart.o" "../usart.c"
../usart.c: In function 'ListeningUsart':
../usart.c:55: warning: format '%ld' expects type 'long int', but argument 2 has type 'void *'
../usart.c:69: warning: format '%s' expects type 'char *', but argument 2 has type 'int'
../usart.c:53: warning: unused variable 'thr_id'
../usart.c: At top level:
../usart.c:28: warning: 'seriral_test' defined but not used
Finished building: ../usart.c
 
Building target: usart_test
Invoking: Cross GCC Linker
arm-none-linux-gnueabi-gcc  -o "usart_test"  ./usart.o   -lpthread
Finished building target: usart_test
 

**** Build Finished ****

**** Build of configuration Debug for project usart_test ****

make all 
make: Nothing to be done for `all'.

**** Build Finished ****

**** Build of configuration Debug for project usart_test ****

make all 
make: Nothing to be done for `all'.

**** Build Finished ****

**** Build of configuration Debug for project usart_test ****

make all 
make: Nothing to be done for `all'.

**** Build Finished ****

**** Build of configuration Debug for project usart_test ****

make all 
make: Nothing to be done for `all'.

**** Build Finished ****

**** Build of configuration Debug for project usart_test ****

make all 
make: Nothing to be done for `all'.

**** Build Finished ****

**** Build of configuration Debug for project usart_test ****

make all 
make: Nothing to be done for `all'.

**** Build Finished ****

**** Build of configuration Debug for project usart_test ****

make all 
Building file: ../usart.c
Invoking: Cross GCC Compiler
arm-none-linux-gnueabi-gcc --std=c99 -O0 -g3 -Wall -c -fmessage-length=0 -MMD -MP -MF"usart.d" -MT"usart.d" -o "usart.o" "../usart.c"
../usart.c: In function 'ListeningUsart':
../usart.c:55: warning: format '%ld' expects type 'long int', but argument 2 has type 'void *'
../usart.c:69: warning: format '%s' expects type 'char *', but argument 2 has type 'int'
../usart.c:53: warning: unused variable 'thr_id'
../usart.c: At top level:
../usart.c:28: warning: 'seriral_test' defined but not used
Finished building: ../usart.c
 
Building target: usart_test
Invoking: Cross GCC Linker
arm-none-linux-gnueabi-gcc  -o "usart_test"  ./usart.o   -lpthread
Finished building target: usart_test
 

**** Build Finished ****

**** Build of configuration Debug for project usart_test ****

make all 
make: Nothing to be done for `all'.

**** Build Finished ****

**** Build of configuration Debug for project usart_test ****

make all 
make: Nothing to be done for `all'.

**** Build Finished ****

**** Build of configuration Debug for project usart_test ****

make all 
make: Nothing to be done for `all'.

**** Build Finished ****

**** Build of configuration Debug for project usart_test ****

make all 
Building file: ../usart.c
Invoking: Cross GCC Compiler
arm-none-linux-gnueabi-gcc --std=c99 -O0 -g3 -Wall -c -fmessage-length=0 -MMD -MP -MF"usart.d" -MT"usart.d" -o "usart.o" "../usart.c"
../usart.c: In function 'ListeningUsart':
../usart.c:55: warning: format '%ld' expects type 'long int', but argument 2 has type 'void *'
../usart.c:69: warning: format '%s' expects type 'char *', but argument 2 has type 'int'
../usart.c:53: warning: unused variable 'thr_id'
../usart.c: At top level:
../usart.c:28: warning: 'seriral_test' defined but not used
Finished building: ../usart.c
 
Building target: usart_test
Invoking: Cross GCC Linker
arm-none-linux-gnueabi-gcc  -o "usart_test"  ./usart.o   -lpthread
Finished building target: usart_test
 

**** Build Finished ****

**** Build of configuration Debug for project usart_test ****

make all 
Building file: ../usart.c
Invoking: Cross GCC Compiler
arm-none-linux-gnueabi-gcc --std=c99 -O0 -g3 -Wall -c -fmessage-length=0 -MMD -MP -MF"usart.d" -MT"usart.d" -o "usart.o" "../usart.c"
../usart.c: In function 'ListeningUsart':
../usart.c:55: warning: format '%ld' expects type 'long int', but argument 2 has type 'void *'
../usart.c:71: warning: format '%s' expects type 'char *', but argument 2 has type 'int'
../usart.c:53: warning: unused variable 'thr_id'
../usart.c: At top level:
../usart.c:28: warning: 'seriral_test' defined but not used
Finished building: ../usart.c
 
Building target: usart_test
Invoking: Cross GCC Linker
arm-none-linux-gnueabi-gcc  -o "usart_test"  ./usart.o   -lpthread
Finished building target: usart_test
 

**** Build Finished ****

**** Build of configuration Debug for project usart_test ****

make all 
make: Nothing to be done for `all'.

**** Build Finished ****

**** Build of configuration Debug for project usart_test ****

make all 
Building file: ../usart.c
Invoking: Cross GCC Compiler
arm-none-linux-gnueabi-gcc --std=c99 -O0 -g3 -Wall -c -fmessage-length=0 -MMD -MP -MF"usart.d" -MT"usart.d" -o "usart.o" "../usart.c"
../usart.c: In function 'ListeningUsart':
../usart.c:53: error: 'threadid' undeclared (first use in this function)
../usart.c:53: error: (Each undeclared identifier is reported only once
../usart.c:53: error: for each function it appears in.)
../usart.c:59: warning: format '%d' expects type 'int', but argument 2 has type 'void *'
../usart.c:71: warning: format '%s' expects type 'char *', but argument 2 has type 'int'
../usart.c:53: warning: unused variable 'thr_id'
make: *** [usart.o] Error 1

**** Build Finished ****

**** Build of configuration Debug for project usart_test ****

make all 
Building file: ../usart.c
Invoking: Cross GCC Compiler
arm-none-linux-gnueabi-gcc --std=c99 -O0 -g3 -Wall -c -fmessage-length=0 -MMD -MP -MF"usart.d" -MT"usart.d" -o "usart.o" "../usart.c"
../usart.c: In function 'ListeningUsart':
../usart.c:59: error: '_id' undeclared (first use in this function)
../usart.c:59: error: (Each undeclared identifier is reported only once
../usart.c:59: error: for each function it appears in.)
../usart.c:71: warning: format '%s' expects type 'char *', but argument 2 has type 'int'
make: *** [usart.o] Error 1

**** Build Finished ****

**** Build of configuration Debug for project usart_test ****

make all 
Building file: ../usart.c
Invoking: Cross GCC Compiler
arm-none-linux-gnueabi-gcc --std=c99 -O0 -g3 -Wall -c -fmessage-length=0 -MMD -MP -MF"usart.d" -MT"usart.d" -o "usart.o" "../usart.c"
../usart.c: In function 'ListeningUsart':
../usart.c:59: error: '_id' undeclared (first use in this function)
../usart.c:59: error: (Each undeclared identifier is reported only once
../usart.c:59: error: for each function it appears in.)
../usart.c:71: warning: format '%s' expects type 'char *', but argument 2 has type 'int'
make: *** [usart.o] Error 1

**** Build Finished ****

**** Build of configuration Debug for project usart_test ****

make all 
Building file: ../usart.c
Invoking: Cross GCC Compiler
arm-none-linux-gnueabi-gcc --std=c99 -O0 -g3 -Wall -c -fmessage-length=0 -MMD -MP -MF"usart.d" -MT"usart.d" -o "usart.o" "../usart.c"
../usart.c: In function 'ListeningUsart':
../usart.c:53: warning: assignment makes pointer from integer without a cast
../usart.c:59: error: expected expression before ')' token
../usart.c:71: warning: format '%s' expects type 'char *', but argument 2 has type 'int'
make: *** [usart.o] Error 1

**** Build Finished ****

**** Build of configuration Debug for project usart_test ****

make all 
Building file: ../usart.c
Invoking: Cross GCC Compiler
arm-none-linux-gnueabi-gcc --std=c99 -O0 -g3 -Wall -c -fmessage-length=0 -MMD -MP -MF"usart.d" -MT"usart.d" -o "usart.o" "../usart.c"
../usart.c: In function 'ListeningUsart':
../usart.c:53: warning: assignment makes pointer from integer without a cast
../usart.c:59: warning: format '%d' expects type 'int', but argument 2 has type 'void *'
../usart.c:71: warning: format '%s' expects type 'char *', but argument 2 has type 'int'
../usart.c: At top level:
../usart.c:28: warning: 'seriral_test' defined but not used
Finished building: ../usart.c
 
Building target: usart_test
Invoking: Cross GCC Linker
arm-none-linux-gnueabi-gcc  -o "usart_test"  ./usart.o   -lpthread
Finished building target: usart_test
 

**** Build Finished ****

**** Build of configuration Debug for project usart_test ****

make all 
Building file: ../usart.c
Invoking: Cross GCC Compiler
arm-none-linux-gnueabi-gcc --std=c99 -O0 -g3 -Wall -c -fmessage-length=0 -MMD -MP -MF"usart.d" -MT"usart.d" -o "usart.o" "../usart.c"
../usart.c: In function 'ListeningUsart':
../usart.c:71: warning: format '%s' expects type 'char *', but argument 2 has type 'int'
../usart.c: At top level:
../usart.c:28: warning: 'seriral_test' defined but not used
Finished building: ../usart.c
 
Building target: usart_test
Invoking: Cross GCC Linker
arm-none-linux-gnueabi-gcc  -o "usart_test"  ./usart.o   -lpthread
Finished building target: usart_test
 

**** Build Finished ****

**** Build of configuration Debug for project usart_test ****

make all 
make: Nothing to be done for `all'.

**** Build Finished ****

**** Build of configuration Debug for project usart_test ****

make all 
make: Nothing to be done for `all'.

**** Build Finished ****

**** Build of configuration Debug for project usart_test ****

make all 
Building file: ../usart.c
Invoking: Cross GCC Compiler
arm-none-linux-gnueabi-gcc --std=c99 -O0 -g3 -Wall -c -fmessage-length=0 -MMD -MP -MF"usart.d" -MT"usart.d" -o "usart.o" "../usart.c"
../usart.c: In function 'ListeningUsart':
../usart.c:71: warning: format '%s' expects type 'char *', but argument 2 has type 'int'
../usart.c: At top level:
../usart.c:28: warning: 'seriral_test' defined but not used
Finished building: ../usart.c
 
Building target: usart_test
Invoking: Cross GCC Linker
arm-none-linux-gnueabi-gcc  -o "usart_test"  ./usart.o   -lpthread
Finished building target: usart_test
 

**** Build Finished ****

**** Build of configuration Debug for project usart_test ****

make all 
make: Nothing to be done for `all'.

**** Build Finished ****

**** Build of configuration Debug for project usart_test ****

make all 
Building file: ../usart.c
Invoking: Cross GCC Compiler
arm-none-linux-gnueabi-gcc --std=c99 -O0 -g3 -Wall -c -fmessage-length=0 -MMD -MP -MF"usart.d" -MT"usart.d" -o "usart.o" "../usart.c"
../usart.c: In function 'ListeningUsart':
../usart.c:71: warning: format '%s' expects type 'char *', but argument 2 has type 'int'
../usart.c: At top level:
../usart.c:28: warning: 'seriral_test' defined but not used
Finished building: ../usart.c
 
Building target: usart_test
Invoking: Cross GCC Linker
arm-none-linux-gnueabi-gcc  -o "usart_test"  ./usart.o   -lpthread
Finished building target: usart_test
 

**** Build Finished ****

**** Build of configuration Debug for project usart_test ****

make all 
make: Nothing to be done for `all'.

**** Build Finished ****

**** Build of configuration Debug for project usart_test ****

make all 
make: Nothing to be done for `all'.

**** Build Finished ****

**** Build of configuration Debug for project usart_test ****

make all 
Building file: ../usart.c
Invoking: Cross GCC Compiler
arm-none-linux-gnueabi-gcc --std=c99 -O0 -g3 -Wall -c -fmessage-length=0 -MMD -MP -MF"usart.d" -MT"usart.d" -o "usart.o" "../usart.c"
../usart.c: In function 'ListeningUsart':
../usart.c:71: warning: format '%s' expects type 'char *', but argument 2 has type 'int'
../usart.c: At top level:
../usart.c:28: warning: 'seriral_test' defined but not used
Finished building: ../usart.c
 
Building target: usart_test
Invoking: Cross GCC Linker
arm-none-linux-gnueabi-gcc  -o "usart_test"  ./usart.o   -lpthread
Finished building target: usart_test
 

**** Build Finished ****

**** Build of configuration Debug for project usart_test ****

make all 
Building file: ../usart.c
Invoking: Cross GCC Compiler
arm-none-linux-gnueabi-gcc --std=c99 -O0 -g3 -Wall -c -fmessage-length=0 -MMD -MP -MF"usart.d" -MT"usart.d" -o "usart.o" "../usart.c"
../usart.c:28: warning: 'seriral_test' defined but not used
Finished building: ../usart.c
 
Building target: usart_test
Invoking: Cross GCC Linker
arm-none-linux-gnueabi-gcc  -o "usart_test"  ./usart.o   -lpthread
Finished building target: usart_test
 

**** Build Finished ****

**** Build of configuration Debug for project usart_test ****

make all 
make: Nothing to be done for `all'.

**** Build Finished ****

**** Build of configuration Debug for project usart_test ****

make all 
make: Nothing to be done for `all'.

**** Build Finished ****

**** Build of configuration Debug for project usart_test ****

make all 
Building file: ../usart.c
Invoking: Cross GCC Compiler
arm-none-linux-gnueabi-gcc --std=c99 -O0 -g3 -Wall -c -fmessage-length=0 -MMD -MP -MF"usart.d" -MT"usart.d" -o "usart.o" "../usart.c"
../usart.c: In function 'ListeningUsart':
../usart.c:53: warning: initialization makes integer from pointer without a cast
../usart.c: At top level:
../usart.c:28: warning: 'seriral_test' defined but not used
Finished building: ../usart.c
 
Building target: usart_test
Invoking: Cross GCC Linker
arm-none-linux-gnueabi-gcc  -o "usart_test"  ./usart.o   -lpthread
Finished building target: usart_test
 

**** Build Finished ****

**** Build of configuration Debug for project usart_test ****

make all 
make: Nothing to be done for `all'.

**** Build Finished ****

**** Build of configuration Debug for project usart_test ****

make all 
make: Nothing to be done for `all'.

**** Build Finished ****

**** Build of configuration Debug for project usart_test ****

make all 
Building file: ../usart.c
Invoking: Cross GCC Compiler
arm-none-linux-gnueabi-gcc --std=c99 -O0 -g3 -Wall -c -fmessage-length=0 -MMD -MP -MF"usart.d" -MT"usart.d" -o "usart.o" "../usart.c"
../usart.c: In function 'ListeningUsart':
../usart.c:53: warning: initialization makes integer from pointer without a cast
../usart.c: In function 'main':
../usart.c:87: warning: unused variable 'thread'
../usart.c: At top level:
../usart.c:28: warning: 'seriral_test' defined but not used
../usart.c: In function 'main':
../usart.c:105: warning: 'status' may be used uninitialized in this function
Finished building: ../usart.c
 
Building target: usart_test
Invoking: Cross GCC Linker
arm-none-linux-gnueabi-gcc  -o "usart_test"  ./usart.o   -lpthread
Finished building target: usart_test
 

**** Build Finished ****

**** Build of configuration Debug for project usart_test ****

make all 
Building file: ../usart.c
Invoking: Cross GCC Compiler
arm-none-linux-gnueabi-gcc --std=c99 -O0 -g3 -Wall -c -fmessage-length=0 -MMD -MP -MF"usart.d" -MT"usart.d" -o "usart.o" "../usart.c"
../usart.c: In function 'ListeningUsart':
../usart.c:53: warning: initialization makes integer from pointer without a cast
../usart.c: In function 'main':
../usart.c:87: warning: unused variable 'thread'
../usart.c: At top level:
../usart.c:28: warning: 'seriral_test' defined but not used
../usart.c: In function 'main':
../usart.c:105: warning: 'status' may be used uninitialized in this function
Finished building: ../usart.c
 
Building target: usart_test
Invoking: Cross GCC Linker
arm-none-linux-gnueabi-gcc  -o "usart_test"  ./usart.o   -lpthread
Finished building target: usart_test
 

**** Build Finished ****

**** Build of configuration Debug for project usart_test ****

make all 
make: Nothing to be done for `all'.

**** Build Finished ****

**** Build of configuration Debug for project usart_test ****

make all 
Building file: ../usart.c
Invoking: Cross GCC Compiler
arm-none-linux-gnueabi-gcc --std=c99 -O0 -g3 -Wall -c -fmessage-length=0 -MMD -MP -MF"usart.d" -MT"usart.d" -o "usart.o" "../usart.c"
../usart.c: In function 'ListeningUsart':
../usart.c:53: warning: initialization makes integer from pointer without a cast
../usart.c: In function 'main':
../usart.c:87: warning: unused variable 'thread'
../usart.c: At top level:
../usart.c:28: warning: 'seriral_test' defined but not used
../usart.c: In function 'main':
../usart.c:105: warning: 'status' may be used uninitialized in this function
Finished building: ../usart.c
 
Building target: usart_test
Invoking: Cross GCC Linker
arm-none-linux-gnueabi-gcc  -o "usart_test"  ./usart.o   -lpthread
Finished building target: usart_test
 

**** Build Finished ****

**** Build of configuration Debug for project usart_test ****

make all 
Building file: ../usart.c
Invoking: Cross GCC Compiler
arm-none-linux-gnueabi-gcc --std=c99 -O0 -g3 -Wall -c -fmessage-length=0 -MMD -MP -MF"usart.d" -MT"usart.d" -o "usart.o" "../usart.c"
../usart.c: In function 'ListeningUsart':
../usart.c:53: warning: initialization makes integer from pointer without a cast
../usart.c: In function 'main':
../usart.c:120: warning: passing argument 1 of 'pthread_exit' makes pointer from integer without a cast
/opt/gcc-4.4.4-glibc-2.11.1-multilib-1.0/arm-fsl-linux-gnueabi/bin/../lib/gcc/arm-fsl-linux-gnueabi/4.4.4/../../../../arm-fsl-linux-gnueabi/include/pthread.h:236: note: expected 'void *' but argument is of type 'pthread_t'
../usart.c: At top level:
../usart.c:28: warning: 'seriral_test' defined but not used
Finished building: ../usart.c
 
Building target: usart_test
Invoking: Cross GCC Linker
arm-none-linux-gnueabi-gcc  -o "usart_test"  ./usart.o   -lpthread
Finished building target: usart_test
 

**** Build Finished ****

**** Build of configuration Debug for project usart_test ****

make all 
make: Nothing to be done for `all'.

**** Build Finished ****

**** Build of configuration Debug for project usart_test ****

make all 
Building file: ../usart.c
Invoking: Cross GCC Compiler
arm-none-linux-gnueabi-gcc --std=c99 -O0 -g3 -Wall -c -fmessage-length=0 -MMD -MP -MF"usart.d" -MT"usart.d" -o "usart.o" "../usart.c"
../usart.c: In function 'ListeningUsart':
../usart.c:53: warning: initialization makes integer from pointer without a cast
../usart.c: At top level:
../usart.c:28: warning: 'seriral_test' defined but not used
Finished building: ../usart.c
 
Building target: usart_test
Invoking: Cross GCC Linker
arm-none-linux-gnueabi-gcc  -o "usart_test"  ./usart.o   -lpthread
Finished building target: usart_test
 

**** Build Finished ****

**** Build of configuration Debug for project usart_test ****

make all 
make: Nothing to be done for `all'.

**** Build Finished ****

**** Build of configuration Debug for project usart_test ****

make all 
Building file: ../usart.c
Invoking: Cross GCC Compiler
arm-none-linux-gnueabi-gcc --std=c99 -O0 -g3 -Wall -c -fmessage-length=0 -MMD -MP -MF"usart.d" -MT"usart.d" -o "usart.o" "../usart.c"
../usart.c: In function 'ListeningUsart':
../usart.c:53: warning: initialization makes integer from pointer without a cast
../usart.c: At top level:
../usart.c:28: warning: 'seriral_test' defined but not used
Finished building: ../usart.c
 
Building target: usart_test
Invoking: Cross GCC Linker
arm-none-linux-gnueabi-gcc  -o "usart_test"  ./usart.o   -lpthread
Finished building target: usart_test
 

**** Build Finished ****

**** Build of configuration Debug for project usart_test ****

make all 
Building file: ../usart.c
Invoking: Cross GCC Compiler
arm-none-linux-gnueabi-gcc --std=c99 -O0 -g3 -Wall -c -fmessage-length=0 -MMD -MP -MF"usart.d" -MT"usart.d" -o "usart.o" "../usart.c"
../usart.c: In function 'ListeningUsart':
../usart.c:53: warning: initialization makes integer from pointer without a cast
../usart.c: At top level:
../usart.c:28: warning: 'seriral_test' defined but not used
Finished building: ../usart.c
 
Building target: usart_test
Invoking: Cross GCC Linker
arm-none-linux-gnueabi-gcc  -o "usart_test"  ./usart.o   -lpthread
Finished building target: usart_test
 

**** Build Finished ****

**** Build of configuration Debug for project usart_test ****

make all 
make: Nothing to be done for `all'.

**** Build Finished ****

**** Build of configuration Debug for project usart_test ****

make all 
Building file: ../usart.c
Invoking: Cross GCC Compiler
arm-none-linux-gnueabi-gcc --std=c99 -O0 -g3 -Wall -c -fmessage-length=0 -MMD -MP -MF"usart.d" -MT"usart.d" -o "usart.o" "../usart.c"
../usart.c: In function 'ListeningUsart':
../usart.c:53: warning: initialization makes integer from pointer without a cast
../usart.c: At top level:
../usart.c:28: warning: 'seriral_test' defined but not used
Finished building: ../usart.c
 
Building target: usart_test
Invoking: Cross GCC Linker
arm-none-linux-gnueabi-gcc  -o "usart_test"  ./usart.o   -lpthread
Finished building target: usart_test
 

**** Build Finished ****

**** Build of configuration Debug for project usart_test ****

make all 
Building file: ../usart.c
Invoking: Cross GCC Compiler
arm-none-linux-gnueabi-gcc --std=c99 -O0 -g3 -Wall -c -fmessage-length=0 -MMD -MP -MF"usart.d" -MT"usart.d" -o "usart.o" "../usart.c"
../usart.c: In function 'ListeningUsart':
../usart.c:53: warning: initialization makes integer from pointer without a cast
../usart.c: At top level:
../usart.c:28: warning: 'seriral_test' defined but not used
Finished building: ../usart.c
 
Building target: usart_test
Invoking: Cross GCC Linker
arm-none-linux-gnueabi-gcc  -o "usart_test"  ./usart.o   -lpthread
Finished building target: usart_test
 

**** Build Finished ****

**** Build of configuration Debug for project usart_test ****

make all 
Building file: ../usart.c
Invoking: Cross GCC Compiler
arm-none-linux-gnueabi-gcc --std=c99 -O0 -g3 -Wall -c -fmessage-length=0 -MMD -MP -MF"usart.d" -MT"usart.d" -o "usart.o" "../usart.c"
../usart.c: In function 'ListeningUsart':
../usart.c:53: warning: initialization makes integer from pointer without a cast
../usart.c: At top level:
../usart.c:28: warning: 'seriral_test' defined but not used
Finished building: ../usart.c
 
Building target: usart_test
Invoking: Cross GCC Linker
arm-none-linux-gnueabi-gcc  -o "usart_test"  ./usart.o   -lpthread
Finished building target: usart_test
 

**** Build Finished ****

**** Build of configuration Debug for project usart_test ****

make all 
Building file: ../usart.c
Invoking: Cross GCC Compiler
arm-none-linux-gnueabi-gcc --std=c99 -O0 -g3 -Wall -c -fmessage-length=0 -MMD -MP -MF"usart.d" -MT"usart.d" -o "usart.o" "../usart.c"
../usart.c: In function 'ListeningUsart':
../usart.c:53: warning: initialization makes integer from pointer without a cast
../usart.c: At top level:
../usart.c:28: warning: 'seriral_test' defined but not used
Finished building: ../usart.c
 
Building target: usart_test
Invoking: Cross GCC Linker
arm-none-linux-gnueabi-gcc  -o "usart_test"  ./usart.o   -lpthread
Finished building target: usart_test
 

**** Build Finished ****

**** Build of configuration Debug for project usart_test ****

make all 
Building file: ../usart.c
Invoking: Cross GCC Compiler
arm-none-linux-gnueabi-gcc --std=c99 -O0 -g3 -Wall -c -fmessage-length=0 -MMD -MP -MF"usart.d" -MT"usart.d" -o "usart.o" "../usart.c"
../usart.c: In function 'ListeningUsart':
../usart.c:53: warning: initialization makes integer from pointer without a cast
../usart.c: At top level:
../usart.c:28: warning: 'seriral_test' defined but not used
Finished building: ../usart.c
 
Building target: usart_test
Invoking: Cross GCC Linker
arm-none-linux-gnueabi-gcc  -o "usart_test"  ./usart.o   -lpthread
Finished building target: usart_test
 

**** Build Finished ****

**** Build of configuration Debug for project usart_test ****

make all 
Building file: ../usart.c
Invoking: Cross GCC Compiler
arm-none-linux-gnueabi-gcc --std=c99 -O0 -g3 -Wall -c -fmessage-length=0 -MMD -MP -MF"usart.d" -MT"usart.d" -o "usart.o" "../usart.c"
../usart.c: In function 'ListeningUsart':
../usart.c:53: warning: initialization makes integer from pointer without a cast
../usart.c: At top level:
../usart.c:28: warning: 'seriral_test' defined but not used
Finished building: ../usart.c
 
Building target: usart_test
Invoking: Cross GCC Linker
arm-none-linux-gnueabi-gcc  -o "usart_test"  ./usart.o   -lpthread
Finished building target: usart_test
 

**** Build Finished ****

**** Build of configuration Debug for project usart_test ****

make all 
Building file: ../usart.c
Invoking: Cross GCC Compiler
arm-none-linux-gnueabi-gcc --std=c99 -O0 -g3 -Wall -c -fmessage-length=0 -MMD -MP -MF"usart.d" -MT"usart.d" -o "usart.o" "../usart.c"
../usart.c: In function 'ListeningUsart':
../usart.c:53: warning: initialization makes integer from pointer without a cast
../usart.c: At top level:
../usart.c:28: warning: 'seriral_test' defined but not used
Finished building: ../usart.c
 
Building target: usart_test
Invoking: Cross GCC Linker
arm-none-linux-gnueabi-gcc  -o "usart_test"  ./usart.o   -lpthread
Finished building target: usart_test
 

**** Build Finished ****

**** Build of configuration Debug for project usart_test ****

make all 
make: Nothing to be done for `all'.

**** Build Finished ****

**** Build of configuration Debug for project usart_test ****

make all 
make: Nothing to be done for `all'.

**** Build Finished ****

**** Build of configuration Debug for project usart_test ****

make all 
make: Nothing to be done for `all'.

**** Build Finished ****

**** Build of configuration Debug for project usart_test ****

make all 
make: Nothing to be done for `all'.

**** Build Finished ****

**** Build of configuration Debug for project usart_test ****

make all 
make: Nothing to be done for `all'.

**** Build Finished ****

**** Build of configuration Debug for project usart_test ****

make all 
make: Nothing to be done for `all'.

**** Build Finished ****

**** Build of configuration Debug for project usart_test ****

make all 
Building file: ../usart.c
Invoking: Cross GCC Compiler
arm-none-linux-gnueabi-gcc --std=c99 -O0 -g3 -Wall -c -fmessage-length=0 -MMD -MP -MF"usart.d" -MT"usart.d" -o "usart.o" "../usart.c"
../usart.c: In function 'ListeningUsart':
../usart.c:53: warning: initialization makes integer from pointer without a cast
../usart.c: At top level:
../usart.c:28: warning: 'seriral_test' defined but not used
Finished building: ../usart.c
 
Building target: usart_test
Invoking: Cross GCC Linker
arm-none-linux-gnueabi-gcc  -o "usart_test"  ./usart.o   -lpthread
Finished building target: usart_test
 

**** Build Finished ****

**** Build of configuration Debug for project usart_test ****

make all 
make: Nothing to be done for `all'.

**** Build Finished ****

**** Build of configuration Debug for project usart_test ****

make all 
make: Nothing to be done for `all'.

**** Build Finished ****

**** Build of configuration Debug for project usart_test ****

make all 
make: Nothing to be done for `all'.

**** Build Finished ****

**** Build of configuration Debug for project usart_test ****

make all 
make: Nothing to be done for `all'.

**** Build Finished ****

**** Build of configuration Debug for project usart_test ****

make all 
make: Nothing to be done for `all'.

**** Build Finished ****

**** Build of configuration Debug for project usart_test ****

make all 
make: Nothing to be done for `all'.

**** Build Finished ****

**** Build of configuration Debug for project usart_test ****

make all 
Building file: ../usart.c
Invoking: Cross GCC Compiler
arm-none-linux-gnueabi-gcc --std=c99 -O0 -g3 -Wall -c -fmessage-length=0 -MMD -MP -MF"usart.d" -MT"usart.d" -o "usart.o" "../usart.c"
../usart.c: In function 'ListeningUsart':
../usart.c:53: warning: initialization makes integer from pointer without a cast
../usart.c: At top level:
../usart.c:28: warning: 'seriral_test' defined but not used
Finished building: ../usart.c
 
Building target: usart_test
Invoking: Cross GCC Linker
arm-none-linux-gnueabi-gcc  -o "usart_test"  ./usart.o   -lpthread
Finished building target: usart_test
 

**** Build Finished ****

**** Build of configuration Debug for project usart_test ****

make all 
make: Nothing to be done for `all'.

**** Build Finished ****

**** Build of configuration Debug for project usart_test ****

make all 
make: Nothing to be done for `all'.

**** Build Finished ****

**** Build of configuration Debug for project usart_test ****

make all 
make: Nothing to be done for `all'.

**** Build Finished ****

**** Build of configuration Debug for project usart_test ****

make all 
Building file: ../usart.c
Invoking: Cross GCC Compiler
arm-none-linux-gnueabi-gcc --std=c99 -O0 -g3 -Wall -c -fmessage-length=0 -MMD -MP -MF"usart.d" -MT"usart.d" -o "usart.o" "../usart.c"
../usart.c: In function 'ListeningUsart':
../usart.c:53: warning: initialization makes integer from pointer without a cast
../usart.c: At top level:
../usart.c:28: warning: 'seriral_test' defined but not used
Finished building: ../usart.c
 
Building target: usart_test
Invoking: Cross GCC Linker
arm-none-linux-gnueabi-gcc  -o "usart_test"  ./usart.o   -lpthread
Finished building target: usart_test
 

**** Build Finished ****

**** Build of configuration Debug for project usart_test ****

make all 
make: Nothing to be done for `all'.

**** Build Finished ****

**** Build of configuration Debug for project usart_test ****

make all 
make: Nothing to be done for `all'.

**** Build Finished ****

**** Build of configuration Debug for project usart_test ****

make all 
make: Nothing to be done for `all'.

**** Build Finished ****

**** Build of configuration Debug for project usart_test ****

make all 
make: Nothing to be done for `all'.

**** Build Finished ****

**** Build of configuration Debug for project usart_test ****

make all 
Building file: ../usart.c
Invoking: Cross GCC Compiler
arm-none-linux-gnueabi-gcc --std=c99 -O0 -g3 -Wall -c -fmessage-length=0 -MMD -MP -MF"usart.d" -MT"usart.d" -o "usart.o" "../usart.c"
../usart.c: In function 'ListeningUsart':
../usart.c:53: warning: initialization makes integer from pointer without a cast
../usart.c: At top level:
../usart.c:28: warning: 'seriral_test' defined but not used
Finished building: ../usart.c
 
Building target: usart_test
Invoking: Cross GCC Linker
arm-none-linux-gnueabi-gcc  -o "usart_test"  ./usart.o   -lpthread
Finished building target: usart_test
 

**** Build Finished ****

**** Build of configuration Debug for project usart_test ****

make all 
make: Nothing to be done for `all'.

**** Build Finished ****

**** Build of configuration Debug for project usart_test ****

make all 
make: Nothing to be done for `all'.

**** Build Finished ****

**** Build of configuration Debug for project usart_test ****

make all 
make: Nothing to be done for `all'.

**** Build Finished ****

**** Build of configuration Debug for project usart_test ****

make all 
Building file: ../usart.c
Invoking: Cross GCC Compiler
arm-none-linux-gnueabi-gcc --std=c99 -O0 -g3 -Wall -c -fmessage-length=0 -MMD -MP -MF"usart.d" -MT"usart.d" -o "usart.o" "../usart.c"
../usart.c: In function 'ListeningUsart':
../usart.c:53: warning: initialization makes integer from pointer without a cast
../usart.c: At top level:
../usart.c:28: warning: 'seriral_test' defined but not used
Finished building: ../usart.c
 
Building target: usart_test
Invoking: Cross GCC Linker
arm-none-linux-gnueabi-gcc  -o "usart_test"  ./usart.o   -lpthread
Finished building target: usart_test
 

**** Build Finished ****

**** Build of configuration Debug for project usart_test ****

make all 
make: Nothing to be done for `all'.

**** Build Finished ****

**** Build of configuration Debug for project usart_test ****

make all 
make: Nothing to be done for `all'.

**** Build Finished ****

**** Build of configuration Debug for project usart_test ****

make all 
make: Nothing to be done for `all'.

**** Build Finished ****

**** Build of configuration Debug for project usart_test ****

make all 
Building file: ../usart.c
Invoking: Cross GCC Compiler
arm-none-linux-gnueabi-gcc --std=c99 -O0 -g3 -Wall -c -fmessage-length=0 -MMD -MP -MF"usart.d" -MT"usart.d" -o "usart.o" "../usart.c"
../usart.c: In function 'ListeningUsart':
../usart.c:53: warning: initialization makes integer from pointer without a cast
../usart.c: At top level:
../usart.c:28: warning: 'seriral_test' defined but not used
Finished building: ../usart.c
 
Building target: usart_test
Invoking: Cross GCC Linker
arm-none-linux-gnueabi-gcc  -o "usart_test"  ./usart.o   -lpthread
Finished building target: usart_test
 

**** Build Finished ****

**** Build of configuration Debug for project usart_test ****

make all 
make: Nothing to be done for `all'.

**** Build Finished ****

**** Build of configuration Debug for project usart_test ****

make all 
make: Nothing to be done for `all'.

**** Build Finished ****

**** Build of configuration Debug for project usart_test ****

make all 
make: Nothing to be done for `all'.

**** Build Finished ****

**** Build of configuration Debug for project usart_test ****

make all 
make: Nothing to be done for `all'.

**** Build Finished ****

**** Build of configuration Debug for project usart_test ****

make all 
Building file: ../usart.c
Invoking: Cross GCC Compiler
arm-none-linux-gnueabi-gcc --std=c99 -O0 -g3 -Wall -c -fmessage-length=0 -MMD -MP -MF"usart.d" -MT"usart.d" -o "usart.o" "../usart.c"
../usart.c: In function 'ListeningUsart':
../usart.c:53: warning: initialization makes integer from pointer without a cast
../usart.c: At top level:
../usart.c:28: warning: 'seriral_test' defined but not used
Finished building: ../usart.c
 
Building target: usart_test
Invoking: Cross GCC Linker
arm-none-linux-gnueabi-gcc  -o "usart_test"  ./usart.o   -lpthread
Finished building target: usart_test
 

**** Build Finished ****

**** Build of configuration Debug for project usart_test ****

make all 
make: Nothing to be done for `all'.

**** Build Finished ****

**** Build of configuration Debug for project usart_test ****

make all 
make: Nothing to be done for `all'.

**** Build Finished ****

**** Build of configuration Debug for project usart_test ****

make all 
make: Nothing to be done for `all'.

**** Build Finished ****

**** Build of configuration Debug for project usart_test ****

make all 
make: Nothing to be done for `all'.

**** Build Finished ****

**** Build of configuration Debug for project usart_test ****

make all 
make: Nothing to be done for `all'.

**** Build Finished ****

**** Build of configuration Debug for project usart_test ****

make all 
make: Nothing to be done for `all'.

**** Build Finished ****

**** Build of configuration Debug for project usart_test ****

make all 
make: Nothing to be done for `all'.

**** Build Finished ****

**** Build of configuration Debug for project usart_test ****

make all 
make: Nothing to be done for `all'.

**** Build Finished ****

**** Build of configuration Debug for project usart_test ****

make all 
make: Nothing to be done for `all'.

**** Build Finished ****

**** Build of configuration Debug for project usart_test ****

make all 
make: Nothing to be done for `all'.

**** Build Finished ****

**** Build of configuration Debug for project usart_test ****

make all 
make: Nothing to be done for `all'.

**** Build Finished ****

**** Build of configuration Debug for project usart_test ****

make all 
make: Nothing to be done for `all'.

**** Build Finished ****

**** Build of configuration Debug for project usart_test ****

make all 
make: Nothing to be done for `all'.

**** Build Finished ****

**** Build of configuration Debug for project usart_test ****

make all 
Building file: ../usart.c
Invoking: Cross GCC Compiler
arm-none-linux-gnueabi-gcc --std=c99 -O0 -g3 -Wall -c -fmessage-length=0 -MMD -MP -MF"usart.d" -MT"usart.d" -o "usart.o" "../usart.c"
../usart.c: In function 'ListeningUsart':
../usart.c:53: warning: initialization makes integer from pointer without a cast
../usart.c: At top level:
../usart.c:28: warning: 'seriral_test' defined but not used
Finished building: ../usart.c
 
Building target: usart_test
Invoking: Cross GCC Linker
arm-none-linux-gnueabi-gcc  -o "usart_test"  ./usart.o   -lpthread
Finished building target: usart_test
 

**** Build Finished ****

**** Build of configuration Debug for project usart_test ****

make all 
Building file: ../usart.c
Invoking: Cross GCC Compiler
arm-none-linux-gnueabi-gcc --std=c99 -O0 -g3 -Wall -c -fmessage-length=0 -MMD -MP -MF"usart.d" -MT"usart.d" -o "usart.o" "../usart.c"
../usart.c: In function 'ListeningUsart':
../usart.c:53: warning: initialization makes integer from pointer without a cast
../usart.c: At top level:
../usart.c:28: warning: 'seriral_test' defined but not used
Finished building: ../usart.c
 
Building target: usart_test
Invoking: Cross GCC Linker
arm-none-linux-gnueabi-gcc  -o "usart_test"  ./usart.o   -lpthread
Finished building target: usart_test
 

**** Build Finished ****

**** Build of configuration Debug for project usart_test ****

make all 
make: Nothing to be done for `all'.

**** Build Finished ****

**** Build of configuration Debug for project usart_test ****

make all 
make: Nothing to be done for `all'.

**** Build Finished ****

**** Build of configuration Debug for project usart_test ****

make all 
make: Nothing to be done for `all'.

**** Build Finished ****

**** Build of configuration Debug for project usart_test ****

make all 
make: Nothing to be done for `all'.

**** Build Finished ****

**** Build of configuration Debug for project usart_test ****

make all 
make: Nothing to be done for `all'.

**** Build Finished ****

**** Build of configuration Debug for project usart_test ****

make all 
make: Nothing to be done for `all'.

**** Build Finished ****

**** Build of configuration Debug for project usart_test ****

make all 
Building file: ../usart.c
Invoking: Cross GCC Compiler
arm-none-linux-gnueabi-gcc --std=c99 -O0 -g3 -Wall -c -fmessage-length=0 -MMD -MP -MF"usart.d" -MT"usart.d" -o "usart.o" "../usart.c"
../usart.c: In function 'ListeningUsart':
../usart.c:53: warning: initialization makes integer from pointer without a cast
../usart.c: At top level:
../usart.c:28: warning: 'seriral_test' defined but not used
Finished building: ../usart.c
 
Building target: usart_test
Invoking: Cross GCC Linker
arm-none-linux-gnueabi-gcc  -o "usart_test"  ./usart.o   -lpthread
Finished building target: usart_test
 

**** Build Finished ****

**** Build of configuration Debug for project usart_test ****

make all 
make: Nothing to be done for `all'.

**** Build Finished ****

**** Build of configuration Debug for project usart_test ****

make all 
Building file: ../usart.c
Invoking: Cross GCC Compiler
arm-none-linux-gnueabi-gcc --std=c99 -O0 -g3 -Wall -c -fmessage-length=0 -MMD -MP -MF"usart.d" -MT"usart.d" -o "usart.o" "../usart.c"
../usart.c: In function 'ListeningUsart':
../usart.c:53: warning: initialization makes integer from pointer without a cast
../usart.c: At top level:
../usart.c:28: warning: 'seriral_test' defined but not used
Finished building: ../usart.c
 
Building target: usart_test
Invoking: Cross GCC Linker
arm-none-linux-gnueabi-gcc  -o "usart_test"  ./usart.o   -lpthread
Finished building target: usart_test
 

**** Build Finished ****

**** Build of configuration Debug for project usart_test ****

make all 
make: Nothing to be done for `all'.

**** Build Finished ****

**** Build of configuration Debug for project usart_test ****

make all 
make: Nothing to be done for `all'.

**** Build Finished ****

**** Build of configuration Debug for project usart_test ****

make all 
Building file: ../usart.c
Invoking: Cross GCC Compiler
arm-none-linux-gnueabi-gcc --std=c99 -O0 -g3 -Wall -c -fmessage-length=0 -MMD -MP -MF"usart.d" -MT"usart.d" -o "usart.o" "../usart.c"
../usart.c: In function 'ListeningUsart':
../usart.c:53: warning: initialization makes integer from pointer without a cast
../usart.c: In function 'openSerial':
../usart.c:118: error: 'DATA_LEN' undeclared (first use in this function)
../usart.c:118: error: (Each undeclared identifier is reported only once
../usart.c:118: error: for each function it appears in.)
make: *** [usart.o] Error 1

**** Build Finished ****

**** Build of configuration Debug for project usart_test ****

make all 
Building file: ../usart.c
Invoking: Cross GCC Compiler
arm-none-linux-gnueabi-gcc --std=c99 -O0 -g3 -Wall -c -fmessage-length=0 -MMD -MP -MF"usart.d" -MT"usart.d" -o "usart.o" "../usart.c"
../usart.c: In function 'ListeningUsart':
../usart.c:53: warning: initialization makes integer from pointer without a cast
../usart.c: In function 'openSerial':
../usart.c:118: error: 'DATA_LEN' undeclared (first use in this function)
../usart.c:118: error: (Each undeclared identifier is reported only once
../usart.c:118: error: for each function it appears in.)
make: *** [usart.o] Error 1

**** Build Finished ****

**** Build of configuration Debug for project usart_test ****

make all 
Building file: ../usart.c
Invoking: Cross GCC Compiler
arm-none-linux-gnueabi-gcc --std=c99 -O0 -g3 -Wall -c -fmessage-length=0 -MMD -MP -MF"usart.d" -MT"usart.d" -o "usart.o" "../usart.c"
../usart.c: In function 'ListeningUsart':
../usart.c:53: warning: initialization makes integer from pointer without a cast
../usart.c: In function 'openSerial':
../usart.c:118: error: 'DATA_LEN' undeclared (first use in this function)
../usart.c:118: error: (Each undeclared identifier is reported only once
../usart.c:118: error: for each function it appears in.)
make: *** [usart.o] Error 1

**** Build Finished ****

**** Build of configuration Debug for project usart_test ****

make all 
Building file: ../usart.c
Invoking: Cross GCC Compiler
arm-none-linux-gnueabi-gcc --std=c99 -O0 -g3 -Wall -c -fmessage-length=0 -MMD -MP -MF"usart.d" -MT"usart.d" -o "usart.o" "../usart.c"
../usart.c: In function 'ListeningUsart':
../usart.c:53: warning: initialization makes integer from pointer without a cast
../usart.c: At top level:
../usart.c:28: warning: 'seriral_test' defined but not used
Finished building: ../usart.c
 
Building target: usart_test
Invoking: Cross GCC Linker
arm-none-linux-gnueabi-gcc  -o "usart_test"  ./usart.o   -lpthread
Finished building target: usart_test
 

**** Build Finished ****

**** Build of configuration Debug for project usart_test ****

make all 
make: Nothing to be done for `all'.

**** Build Finished ****

**** Build of configuration Debug for project usart_test ****

make all 
make: Nothing to be done for `all'.

**** Build Finished ****

**** Build of configuration Debug for project usart_test ****

make all 
make: Nothing to be done for `all'.

**** Build Finished ****

**** Build of configuration Debug for project usart_test ****

make all 
Building file: ../usart.c
Invoking: Cross GCC Compiler
arm-none-linux-gnueabi-gcc --std=c99 -O0 -g3 -Wall -c -fmessage-length=0 -MMD -MP -MF"usart.d" -MT"usart.d" -o "usart.o" "../usart.c"
../usart.c: In function 'ListeningUsart':
../usart.c:53: warning: initialization makes integer from pointer without a cast
../usart.c: At top level:
../usart.c:28: warning: 'seriral_test' defined but not used
Finished building: ../usart.c
 
Building target: usart_test
Invoking: Cross GCC Linker
arm-none-linux-gnueabi-gcc  -o "usart_test"  ./usart.o   -lpthread
Finished building target: usart_test
 

**** Build Finished ****

**** Build of configuration Debug for project usart_test ****

make all 
make: Nothing to be done for `all'.

**** Build Finished ****

**** Build of configuration Debug for project usart_test ****

make all 
make: Nothing to be done for `all'.

**** Build Finished ****

**** Build of configuration Debug for project usart_test ****

make all 
Building file: ../usart.c
Invoking: Cross GCC Compiler
arm-none-linux-gnueabi-gcc --std=c99 -O0 -g3 -Wall -c -fmessage-length=0 -MMD -MP -MF"usart.d" -MT"usart.d" -o "usart.o" "../usart.c"
../usart.c: In function 'ListeningUsart':
../usart.c:53: warning: initialization makes integer from pointer without a cast
../usart.c: At top level:
../usart.c:28: warning: 'seriral_test' defined but not used
Finished building: ../usart.c
 
Building target: usart_test
Invoking: Cross GCC Linker
arm-none-linux-gnueabi-gcc  -o "usart_test"  ./usart.o   -lpthread
Finished building target: usart_test
 

**** Build Finished ****

**** Build of configuration Debug for project usart_test ****

make all 
make: Nothing to be done for `all'.

**** Build Finished ****

**** Build of configuration Debug for project usart_test ****

make all 
make: Nothing to be done for `all'.

**** Build Finished ****

**** Build of configuration Debug for project usart_test ****

make all 
make: Nothing to be done for `all'.

**** Build Finished ****

**** Build of configuration Debug for project usart_test ****

make all 
Building file: ../usart.c
Invoking: Cross GCC Compiler
arm-none-linux-gnueabi-gcc --std=c99 -O0 -g3 -Wall -c -fmessage-length=0 -MMD -MP -MF"usart.d" -MT"usart.d" -o "usart.o" "../usart.c"
../usart.c: In function 'ListeningUsart':
../usart.c:53: warning: initialization makes integer from pointer without a cast
../usart.c:70: warning: format '%s' expects type 'char *', but argument 2 has type 'int'
../usart.c: At top level:
../usart.c:28: warning: 'seriral_test' defined but not used
Finished building: ../usart.c
 
Building target: usart_test
Invoking: Cross GCC Linker
arm-none-linux-gnueabi-gcc  -o "usart_test"  ./usart.o   -lpthread
Finished building target: usart_test
 

**** Build Finished ****

**** Build of configuration Debug for project usart_test ****

make all 
make: Nothing to be done for `all'.

**** Build Finished ****

**** Build of configuration Debug for project usart_test ****

make all 
make: Nothing to be done for `all'.

**** Build Finished ****

**** Build of configuration Debug for project usart_test ****

make all 
make: Nothing to be done for `all'.

**** Build Finished ****

**** Build of configuration Debug for project usart_test ****

make all 
make: Nothing to be done for `all'.

**** Build Finished ****

**** Build of configuration Debug for project usart_test ****

make all 
make: Nothing to be done for `all'.

**** Build Finished ****

**** Build of configuration Debug for project usart_test ****

make all 
make: Nothing to be done for `all'.

**** Build Finished ****

**** Build of configuration Debug for project usart_test ****

make all 
Building file: ../usart.c
Invoking: Cross GCC Compiler
arm-none-linux-gnueabi-gcc --std=c99 -O0 -g3 -Wall -c -fmessage-length=0 -MMD -MP -MF"usart.d" -MT"usart.d" -o "usart.o" "../usart.c"
../usart.c: In function 'ListeningUsart':
../usart.c:53: warning: initialization makes integer from pointer without a cast
../usart.c:71: warning: format '%s' expects type 'char *', but argument 2 has type 'int'
../usart.c: At top level:
../usart.c:28: warning: 'seriral_test' defined but not used
Finished building: ../usart.c
 
Building target: usart_test
Invoking: Cross GCC Linker
arm-none-linux-gnueabi-gcc  -o "usart_test"  ./usart.o   -lpthread
Finished building target: usart_test
 

**** Build Finished ****

**** Build of configuration Debug for project usart_test ****

make all 
make: Nothing to be done for `all'.

**** Build Finished ****

**** Build of configuration Debug for project usart_test ****

make all 
Building file: ../usart.c
Invoking: Cross GCC Compiler
arm-none-linux-gnueabi-gcc --std=c99 -O0 -g3 -Wall -c -fmessage-length=0 -MMD -MP -MF"usart.d" -MT"usart.d" -o "usart.o" "../usart.c"
../usart.c: In function 'ListeningUsart':
../usart.c:53: warning: initialization makes integer from pointer without a cast
../usart.c:71: warning: format '%s' expects type 'char *', but argument 2 has type 'int'
../usart.c: At top level:
../usart.c:28: warning: 'seriral_test' defined but not used
Finished building: ../usart.c
 
Building target: usart_test
Invoking: Cross GCC Linker
arm-none-linux-gnueabi-gcc  -o "usart_test"  ./usart.o   -lpthread
Finished building target: usart_test
 

**** Build Finished ****

**** Build of configuration Debug for project usart_test ****

make all 
make: Nothing to be done for `all'.

**** Build Finished ****

**** Build of configuration Debug for project usart_test ****

make all 
make: Nothing to be done for `all'.

**** Build Finished ****

**** Build of configuration Debug for project usart_test ****

make all 
make: Nothing to be done for `all'.

**** Build Finished ****

**** Build of configuration Debug for project usart_test ****

make all 
Building file: ../usart.c
Invoking: Cross GCC Compiler
arm-none-linux-gnueabi-gcc --std=c99 -O0 -g3 -Wall -c -fmessage-length=0 -MMD -MP -MF"usart.d" -MT"usart.d" -o "usart.o" "../usart.c"
../usart.c: In function 'ListeningUsart':
../usart.c:53: warning: initialization makes integer from pointer without a cast
../usart.c:71: warning: format '%s' expects type 'char *', but argument 2 has type 'int'
../usart.c: At top level:
../usart.c:28: warning: 'seriral_test' defined but not used
Finished building: ../usart.c
 
Building target: usart_test
Invoking: Cross GCC Linker
arm-none-linux-gnueabi-gcc  -o "usart_test"  ./usart.o   -lpthread
Finished building target: usart_test
 

**** Build Finished ****

**** Build of configuration Debug for project usart_test ****

make all 
Building file: ../usart.c
Invoking: Cross GCC Compiler
arm-none-linux-gnueabi-gcc --std=c99 -O0 -g3 -Wall -c -fmessage-length=0 -MMD -MP -MF"usart.d" -MT"usart.d" -o "usart.o" "../usart.c"
../usart.c: In function 'ListeningUsart':
../usart.c:53: warning: initialization makes integer from pointer without a cast
../usart.c:71: warning: format '%s' expects type 'char *', but argument 2 has type 'int'
../usart.c: At top level:
../usart.c:28: warning: 'seriral_test' defined but not used
Finished building: ../usart.c
 
Building target: usart_test
Invoking: Cross GCC Linker
arm-none-linux-gnueabi-gcc  -o "usart_test"  ./usart.o   -lpthread
Finished building target: usart_test
 

**** Build Finished ****

**** Build of configuration Debug for project usart_test ****

make all 
make: Nothing to be done for `all'.

**** Build Finished ****

**** Build of configuration Debug for project usart_test ****

make all 
make: Nothing to be done for `all'.

**** Build Finished ****

**** Build of configuration Debug for project usart_test ****

make all 
make: Nothing to be done for `all'.

**** Build Finished ****

**** Build of configuration Debug for project usart_test ****

make all 
make: Nothing to be done for `all'.

**** Build Finished ****

**** Build of configuration Debug for project usart_test ****

make all 
make: Nothing to be done for `all'.

**** Build Finished ****

**** Build of configuration Debug for project usart_test ****

make all 
Building file: ../usart.c
Invoking: Cross GCC Compiler
arm-none-linux-gnueabi-gcc --std=c99 -O0 -g3 -Wall -c -fmessage-length=0 -MMD -MP -MF"usart.d" -MT"usart.d" -o "usart.o" "../usart.c"
../usart.c: In function 'ListeningUsart':
../usart.c:56: warning: initialization makes integer from pointer without a cast
../usart.c:59: error: 'fd_set' undeclared (first use in this function)
../usart.c:59: error: (Each undeclared identifier is reported only once
../usart.c:59: error: for each function it appears in.)
../usart.c:59: error: expected ';' before 'readfds'
../usart.c:60: error: storage size of 'tv' isn't known
../usart.c:68: warning: implicit declaration of function 'FD_ZERO'
../usart.c:68: error: 'readfds' undeclared (first use in this function)
../usart.c:69: warning: implicit declaration of function 'FD_SET'
../usart.c:70: warning: implicit declaration of function 'select'
../usart.c:83: warning: format '%s' expects type 'char *', but argument 2 has type 'int'
../usart.c:60: warning: unused variable 'tv'
make: *** [usart.o] Error 1

**** Build Finished ****

**** Build of configuration Debug for project usart_test ****

make all 
Building file: ../usart.c
Invoking: Cross GCC Compiler
arm-none-linux-gnueabi-gcc --std=c99 -O0 -g3 -Wall -c -fmessage-length=0 -MMD -MP -MF"usart.d" -MT"usart.d" -o "usart.o" "../usart.c"
../usart.c: In function 'ListeningUsart':
../usart.c:57: warning: initialization makes integer from pointer without a cast
../usart.c:61: error: storage size of 'tv' isn't known
../usart.c:84: warning: format '%s' expects type 'char *', but argument 2 has type 'int'
../usart.c:61: warning: unused variable 'tv'
make: *** [usart.o] Error 1

**** Build Finished ****

**** Build of configuration Debug for project usart_test ****

make all 
Building file: ../usart.c
Invoking: Cross GCC Compiler
arm-none-linux-gnueabi-gcc --std=c99 -O0 -g3 -Wall -c -fmessage-length=0 -MMD -MP -MF"usart.d" -MT"usart.d" -o "usart.o" "../usart.c"
../usart.c: In function 'ListeningUsart':
../usart.c:57: warning: initialization makes integer from pointer without a cast
../usart.c:62: error: 'struct timeval' has no member named 'tc_sec'
../usart.c:84: warning: format '%s' expects type 'char *', but argument 2 has type 'int'
make: *** [usart.o] Error 1

**** Build Finished ****

**** Build of configuration Debug for project usart_test ****

make all 
Building file: ../usart.c
Invoking: Cross GCC Compiler
arm-none-linux-gnueabi-gcc --std=c99 -O0 -g3 -Wall -c -fmessage-length=0 -MMD -MP -MF"usart.d" -MT"usart.d" -o "usart.o" "../usart.c"
../usart.c: In function 'ListeningUsart':
../usart.c:57: warning: initialization makes integer from pointer without a cast
../usart.c:62: error: 'struct timeval' has no member named 'tc_sec'
../usart.c:84: warning: format '%s' expects type 'char *', but argument 2 has type 'int'
make: *** [usart.o] Error 1

**** Build Finished ****

**** Build of configuration Debug for project usart_test ****

make all 
Building file: ../usart.c
Invoking: Cross GCC Compiler
arm-none-linux-gnueabi-gcc --std=c99 -O0 -g3 -Wall -c -fmessage-length=0 -MMD -MP -MF"usart.d" -MT"usart.d" -o "usart.o" "../usart.c"
../usart.c: In function 'ListeningUsart':
../usart.c:57: warning: initialization makes integer from pointer without a cast
../usart.c:84: warning: format '%s' expects type 'char *', but argument 2 has type 'int'
../usart.c: At top level:
../usart.c:32: warning: 'seriral_test' defined but not used
Finished building: ../usart.c
 
Building target: usart_test
Invoking: Cross GCC Linker
arm-none-linux-gnueabi-gcc  -o "usart_test"  ./usart.o   -lpthread
Finished building target: usart_test
 

**** Build Finished ****

**** Build of configuration Debug for project usart_test ****

make all 
make: Nothing to be done for `all'.

**** Build Finished ****

**** Build of configuration Debug for project usart_test ****

make all 
make: Nothing to be done for `all'.

**** Build Finished ****

**** Build of configuration Debug for project usart_test ****

make all 
make: Nothing to be done for `all'.

**** Build Finished ****

**** Build of configuration Debug for project usart_test ****

make all 
make: Nothing to be done for `all'.

**** Build Finished ****

**** Build of configuration Debug for project usart_test ****

make all 
make: Nothing to be done for `all'.

**** Build Finished ****

**** Build of configuration Debug for project usart_test ****

make all 
make: Nothing to be done for `all'.

**** Build Finished ****

**** Build of configuration Debug for project usart_test ****

make all 
make: Nothing to be done for `all'.

**** Build Finished ****

**** Build of configuration Debug for project usart_test ****

make all 
make: Nothing to be done for `all'.

**** Build Finished ****

**** Build of configuration Debug for project usart_test ****

make all 
make: Nothing to be done for `all'.

**** Build Finished ****

**** Build of configuration Debug for project usart_test ****

make all 
make: Nothing to be done for `all'.

**** Build Finished ****

**** Build of configuration Debug for project usart_test ****

make all 
make: Nothing to be done for `all'.

**** Build Finished ****

**** Build of configuration Debug for project usart_test ****

make all 
make: Nothing to be done for `all'.

**** Build Finished ****

**** Build of configuration Debug for project usart_test ****

make all 
make: Nothing to be done for `all'.

**** Build Finished ****

**** Build of configuration Debug for project usart_test ****

make all 
make: Nothing to be done for `all'.

**** Build Finished ****

**** Build of configuration Debug for project usart_test ****

make all 
make: Nothing to be done for `all'.

**** Build Finished ****

**** Build of configuration Debug for project usart_test ****

make all 
make: Nothing to be done for `all'.

**** Build Finished ****

**** Build of configuration Debug for project usart_test ****

make all 
make: Nothing to be done for `all'.

**** Build Finished ****

**** Build of configuration Debug for project usart_test ****

make all 
make: Nothing to be done for `all'.

**** Build Finished ****

**** Build of configuration Debug for project usart_test ****

make all 
make: Nothing to be done for `all'.

**** Build Finished ****

**** Build of configuration Debug for project usart_test ****

make all 
make: Nothing to be done for `all'.

**** Build Finished ****

**** Build of configuration Debug for project usart_test ****

make all 
make: Nothing to be done for `all'.

**** Build Finished ****

**** Build of configuration Debug for project usart_test ****

make all 
make: Nothing to be done for `all'.

**** Build Finished ****

**** Build of configuration Debug for project usart_test ****

make all 
make: Nothing to be done for `all'.

**** Build Finished ****

**** Build of configuration Debug for project usart_test ****

make all 
make: Nothing to be done for `all'.

**** Build Finished ****

**** Build of configuration Debug for project usart_test ****

make all 
make: Nothing to be done for `all'.

**** Build Finished ****

**** Build of configuration Debug for project usart_test ****

make all 
make: Nothing to be done for `all'.

**** Build Finished ****

**** Build of configuration Debug for project usart_test ****

make all 
make: Nothing to be done for `all'.

**** Build Finished ****

**** Build of configuration Debug for project usart_test ****

make all 
make: Nothing to be done for `all'.

**** Build Finished ****

**** Build of configuration Debug for project usart_test ****

make all 
make: Nothing to be done for `all'.

**** Build Finished ****

**** Build of configuration Debug for project usart_test ****

make all 
make: Nothing to be done for `all'.

**** Build Finished ****

**** Build of configuration Debug for project usart_test ****

make all 
make: Nothing to be done for `all'.

**** Build Finished ****

**** Build of configuration Debug for project usart_test ****

make all 
make: Nothing to be done for `all'.

**** Build Finished ****

**** Build of configuration Debug for project usart_test ****

make all 
Building file: ../usart.c
Invoking: Cross GCC Compiler
arm-none-linux-gnueabi-gcc --std=c99 -O0 -g3 -Wall -c -fmessage-length=0 -MMD -MP -MF"usart.d" -MT"usart.d" -o "usart.o" "../usart.c"
../usart.c: In function 'ListeningUsart':
../usart.c:57: warning: initialization makes integer from pointer without a cast
../usart.c:85: warning: format '%s' expects type 'char *', but argument 2 has type 'int'
../usart.c: At top level:
../usart.c:32: warning: 'seriral_test' defined but not used
Finished building: ../usart.c
 
Building target: usart_test
Invoking: Cross GCC Linker
arm-none-linux-gnueabi-gcc  -o "usart_test"  ./usart.o   -lpthread
Finished building target: usart_test
 

**** Build Finished ****

**** Build of configuration Debug for project usart_test ****

make all 
Building file: ../usart.c
Invoking: Cross GCC Compiler
arm-none-linux-gnueabi-gcc --std=c99 -O0 -g3 -Wall -c -fmessage-length=0 -MMD -MP -MF"usart.d" -MT"usart.d" -o "usart.o" "../usart.c"
../usart.c: In function 'ListeningUsart':
../usart.c:57: warning: initialization makes integer from pointer without a cast
../usart.c:85: warning: format '%s' expects type 'char *', but argument 2 has type 'int'
../usart.c: At top level:
../usart.c:32: warning: 'seriral_test' defined but not used
Finished building: ../usart.c
 
Building target: usart_test
Invoking: Cross GCC Linker
arm-none-linux-gnueabi-gcc  -o "usart_test"  ./usart.o   -lpthread
Finished building target: usart_test
 

**** Build Finished ****

**** Build of configuration Debug for project usart_test ****

make all 
make: Nothing to be done for `all'.

**** Build Finished ****

**** Build of configuration Debug for project usart_test ****

make all 
make: Nothing to be done for `all'.

**** Build Finished ****

**** Build of configuration Debug for project usart_test ****

make all 
make: Nothing to be done for `all'.

**** Build Finished ****

**** Build of configuration Debug for project usart_test ****

make all 
make: Nothing to be done for `all'.

**** Build Finished ****

**** Build of configuration Debug for project usart_test ****

make all 
make: Nothing to be done for `all'.

**** Build Finished ****

**** Clean-only build of configuration Debug for project usart_test ****

make clean 
rm -rf  ./usart.o  ./usart.d  usart_test
 

**** Build Finished ****

**** Build of configuration Debug for project usart_test ****

make all 
Building file: ../usart.c
Invoking: Cross GCC Compiler
arm-none-linux-gnueabi-gcc --std=c99 -O0 -g3 -Wall -c -fmessage-length=0 -MMD -MP -MF"usart.d" -MT"usart.d" -o "usart.o" "../usart.c"
../usart.c: In function 'ListeningUsart':
../usart.c:57: warning: initialization makes integer from pointer without a cast
../usart.c:85: warning: format '%s' expects type 'char *', but argument 2 has type 'int'
../usart.c: At top level:
../usart.c:32: warning: 'seriral_test' defined but not used
Finished building: ../usart.c
 
Building target: usart_test
Invoking: Cross GCC Linker
arm-none-linux-gnueabi-gcc  -o "usart_test"  ./usart.o   -lpthread
Finished building target: usart_test
 

**** Build Finished ****

**** Build of configuration Debug for project usart_test ****

make all 
make: Nothing to be done for `all'.

**** Build Finished ****

**** Build of configuration Debug for project usart_test ****

make all 
make: Nothing to be done for `all'.

**** Build Finished ****

**** Build of configuration Debug for project usart_test ****

make all 
make: Nothing to be done for `all'.

**** Build Finished ****

**** Build of configuration Debug for project usart_test ****

make all 
make: Nothing to be done for `all'.

**** Build Finished ****

**** Build of configuration Debug for project usart_test ****

make all 
make: Nothing to be done for `all'.

**** Build Finished ****

**** Build of configuration Debug for project usart_test ****

make all 
make: Nothing to be done for `all'.

**** Build Finished ****

**** Build of configuration Debug for project usart_test ****

make all 
make: Nothing to be done for `all'.

**** Build Finished ****

**** Build of configuration Debug for project usart_test ****

make all 
Building file: ../usart.c
Invoking: Cross GCC Compiler
arm-none-linux-gnueabi-gcc --std=c99 -O0 -g3 -Wall -c -fmessage-length=0 -MMD -MP -MF"usart.d" -MT"usart.d" -o "usart.o" "../usart.c"
../usart.c: In function 'ListeningUsart':
../usart.c:57: warning: initialization makes integer from pointer without a cast
../usart.c:85: warning: format '%s' expects type 'char *', but argument 2 has type 'int'
../usart.c: In function 'openSerial':
../usart.c:114: error: 'ls' undeclared (first use in this function)
../usart.c:114: error: (Each undeclared identifier is reported only once
../usart.c:114: error: for each function it appears in.)
../usart.c:118: error: expected ';' before 'cfsetispeed'
make: *** [usart.o] Error 1

**** Build Finished ****

**** Build of configuration Debug for project usart_test ****

make all 
Building file: ../usart.c
Invoking: Cross GCC Compiler
arm-none-linux-gnueabi-gcc --std=c99 -O0 -g3 -Wall -c -fmessage-length=0 -MMD -MP -MF"usart.d" -MT"usart.d" -o "usart.o" "../usart.c"
../usart.c: In function 'ListeningUsart':
../usart.c:57: warning: initialization makes integer from pointer without a cast
../usart.c:85: warning: format '%s' expects type 'char *', but argument 2 has type 'int'
../usart.c: At top level:
../usart.c:32: warning: 'seriral_test' defined but not used
Finished building: ../usart.c
 
Building target: usart_test
Invoking: Cross GCC Linker
arm-none-linux-gnueabi-gcc  -o "usart_test"  ./usart.o   -lpthread
Finished building target: usart_test
 

**** Build Finished ****

**** Build of configuration Debug for project usart_test ****

make all 
make: Nothing to be done for `all'.

**** Build Finished ****

**** Build of configuration Debug for project usart_test ****

make all 
make: Nothing to be done for `all'.

**** Build Finished ****

**** Build of configuration Debug for project usart_test ****

make all 
make: Nothing to be done for `all'.

**** Build Finished ****

**** Build of configuration Debug for project usart_test ****

make all 
make: Nothing to be done for `all'.

**** Build Finished ****

**** Build of configuration Debug for project usart_test ****

make all 
make: Nothing to be done for `all'.

**** Build Finished ****

**** Build of configuration Debug for project usart_test ****

make all 
make: Nothing to be done for `all'.

**** Build Finished ****

**** Build of configuration Debug for project usart_test ****

make all 
make: Nothing to be done for `all'.

**** Build Finished ****

**** Build of configuration Debug for project usart_test ****

make all 
make: Nothing to be done for `all'.

**** Build Finished ****

**** Build of configuration Debug for project usart_test ****

make all 
make: Nothing to be done for `all'.

**** Build Finished ****

**** Build of configuration Debug for project usart_test ****

make all 
make: Nothing to be done for `all'.

**** Build Finished ****

**** Clean-only build of configuration Debug for project usart_test ****

make clean 
rm -rf  ./usart.o  ./usart.d  usart_test
 

**** Build Finished ****

**** Build of configuration Debug for project usart_test ****

make all 
Building file: ../usart.c
Invoking: Cross GCC Compiler
arm-none-linux-gnueabi-gcc --std=c99 -O0 -g3 -Wall -c -fmessage-length=0 -MMD -MP -MF"usart.d" -MT"usart.d" -o "usart.o" "../usart.c"
../usart.c: In function 'ListeningUsart':
../usart.c:57: warning: initialization makes integer from pointer without a cast
../usart.c:85: warning: format '%s' expects type 'char *', but argument 2 has type 'int'
../usart.c: At top level:
../usart.c:32: warning: 'seriral_test' defined but not used
Finished building: ../usart.c
 
Building target: usart_test
Invoking: Cross GCC Linker
arm-none-linux-gnueabi-gcc  -o "usart_test"  ./usart.o   -lpthread
Finished building target: usart_test
 

**** Build Finished ****

**** Build of configuration Debug for project usart_test ****

make all 
make: Nothing to be done for `all'.

**** Build Finished ****

**** Build of configuration Debug for project usart_test ****

make all 
make: Nothing to be done for `all'.

**** Build Finished ****

**** Build of configuration Debug for project usart_test ****

make all 
make: Nothing to be done for `all'.

**** Build Finished ****

**** Build of configuration Debug for project usart_test ****

make all 
make: Nothing to be done for `all'.

**** Build Finished ****

**** Build of configuration Debug for project usart_test ****

make all 
make: Nothing to be done for `all'.

**** Build Finished ****

**** Build of configuration Debug for project usart_test ****

make all 
make: Nothing to be done for `all'.

**** Build Finished ****

**** Build of configuration Debug for project usart_test ****

make all 
make: Nothing to be done for `all'.

**** Build Finished ****

**** Build of configuration Debug for project usart_test ****

make all 
make: Nothing to be done for `all'.

**** Build Finished ****

**** Build of configuration Debug for project usart_test ****

make all 
make: Nothing to be done for `all'.

**** Build Finished ****

**** Build of configuration Debug for project usart_test ****

make all 
Building file: ../usart.c
Invoking: Cross GCC Compiler
arm-none-linux-gnueabi-gcc --std=c99 -O0 -g3 -Wall -c -fmessage-length=0 -MMD -MP -MF"usart.d" -MT"usart.d" -o "usart.o" "../usart.c"
../usart.c: In function 'ListeningUsart':
../usart.c:57: warning: initialization makes integer from pointer without a cast
../usart.c:85: warning: format '%s' expects type 'char *', but argument 2 has type 'int'
../usart.c: In function 'main':
../usart.c:157: error: 'ls' undeclared (first use in this function)
../usart.c:157: error: (Each undeclared identifier is reported only once
../usart.c:157: error: for each function it appears in.)
../usart.c:165: error: expected ';' before 'status'
make: *** [usart.o] Error 1

**** Build Finished ****

**** Build of configuration Debug for project usart_test ****

make all 
Building file: ../usart.c
Invoking: Cross GCC Compiler
arm-none-linux-gnueabi-gcc --std=c99 -O0 -g3 -Wall -c -fmessage-length=0 -MMD -MP -MF"usart.d" -MT"usart.d" -o "usart.o" "../usart.c"
../usart.c: In function 'ListeningUsart':
../usart.c:57: warning: initialization makes integer from pointer without a cast
../usart.c:85: warning: format '%s' expects type 'char *', but argument 2 has type 'int'
../usart.c: At top level:
../usart.c:32: warning: 'seriral_test' defined but not used
Finished building: ../usart.c
 
Building target: usart_test
Invoking: Cross GCC Linker
arm-none-linux-gnueabi-gcc  -o "usart_test"  ./usart.o   -lpthread
Finished building target: usart_test
 

**** Build Finished ****

**** Build of configuration Debug for project usart_test ****

make all 
make: Nothing to be done for `all'.

**** Build Finished ****

**** Build of configuration Debug for project usart_test ****

make all 
make: Nothing to be done for `all'.

**** Build Finished ****

**** Build of configuration Debug for project usart_test ****

make all 
make: Nothing to be done for `all'.

**** Build Finished ****

**** Build of configuration Debug for project usart_test ****

make all 
Building file: ../usart.c
Invoking: Cross GCC Compiler
arm-none-linux-gnueabi-gcc --std=c99 -O0 -g3 -Wall -c -fmessage-length=0 -MMD -MP -MF"usart.d" -MT"usart.d" -o "usart.o" "../usart.c"
../usart.c: In function 'ListeningUsart':
../usart.c:57: warning: initialization makes integer from pointer without a cast
../usart.c:85: warning: format '%s' expects type 'char *', but argument 2 has type 'int'
../usart.c: At top level:
../usart.c:32: warning: 'seriral_test' defined but not used
Finished building: ../usart.c
 
Building target: usart_test
Invoking: Cross GCC Linker
arm-none-linux-gnueabi-gcc  -o "usart_test"  ./usart.o   -lpthread
Finished building target: usart_test
 

**** Build Finished ****

**** Build of configuration Debug for project usart_test ****

make all 
make: Nothing to be done for `all'.

**** Build Finished ****

**** Build of configuration Debug for project usart_test ****

make all 
make: Nothing to be done for `all'.

**** Build Finished ****

**** Build of configuration Debug for project usart_test ****

make all 
Building file: ../usart.c
Invoking: Cross GCC Compiler
arm-none-linux-gnueabi-gcc --std=c99 -O0 -g3 -Wall -c -fmessage-length=0 -MMD -MP -MF"usart.d" -MT"usart.d" -o "usart.o" "../usart.c"
../usart.c: In function 'ListeningUsart':
../usart.c:57: warning: initialization makes integer from pointer without a cast
../usart.c:85: warning: format '%s' expects type 'char *', but argument 2 has type 'int'
../usart.c: At top level:
../usart.c:32: warning: 'seriral_test' defined but not used
Finished building: ../usart.c
 
Building target: usart_test
Invoking: Cross GCC Linker
arm-none-linux-gnueabi-gcc  -o "usart_test"  ./usart.o   -lpthread
Finished building target: usart_test
 

**** Build Finished ****

**** Build of configuration Debug for project usart_test ****

make all 
make: Nothing to be done for `all'.

**** Build Finished ****

**** Build of configuration Debug for project usart_test ****

make all 
make: Nothing to be done for `all'.

**** Build Finished ****

**** Build of configuration Debug for project usart_test ****

make all 
make: Nothing to be done for `all'.

**** Build Finished ****

**** Build of configuration Debug for project usart_test ****

make all 
make: Nothing to be done for `all'.

**** Build Finished ****

**** Clean-only build of configuration Debug for project usart_test ****

make clean 
rm -rf  ./usart.o  ./usart.d  usart_test
 

**** Build Finished ****

**** Build of configuration Debug for project usart_test ****

make all 
Building file: ../usart.c
Invoking: Cross GCC Compiler
arm-none-linux-gnueabi-gcc --std=c99 -O0 -g3 -Wall -c -fmessage-length=0 -MMD -MP -MF"usart.d" -MT"usart.d" -o "usart.o" "../usart.c"
../usart.c: In function 'ListeningUsart':
../usart.c:57: warning: initialization makes integer from pointer without a cast
../usart.c:85: warning: format '%s' expects type 'char *', but argument 2 has type 'int'
../usart.c: At top level:
../usart.c:32: warning: 'seriral_test' defined but not used
Finished building: ../usart.c
 
Building target: usart_test
Invoking: Cross GCC Linker
arm-none-linux-gnueabi-gcc  -o "usart_test"  ./usart.o   -lpthread
Finished building target: usart_test
 

**** Build Finished ****

**** Build of configuration Debug for project usart_test ****

make all 
Building file: ../usart.c
Invoking: Cross GCC Compiler
arm-none-linux-gnueabi-gcc --std=c99 -O0 -g3 -Wall -c -fmessage-length=0 -MMD -MP -MF"usart.d" -MT"usart.d" -o "usart.o" "../usart.c"
../usart.c: In function 'ListeningUsart':
../usart.c:57: warning: initialization makes integer from pointer without a cast
../usart.c:85: warning: format '%s' expects type 'char *', but argument 2 has type 'int'
../usart.c: At top level:
../usart.c:32: warning: 'seriral_test' defined but not used
Finished building: ../usart.c
 
Building target: usart_test
Invoking: Cross GCC Linker
arm-none-linux-gnueabi-gcc  -o "usart_test"  ./usart.o   -lpthread
Finished building target: usart_test
 

**** Build Finished ****

**** Build of configuration Debug for project usart_test ****

make all 
make: Nothing to be done for `all'.

**** Build Finished ****

**** Build of configuration Debug for project usart_test ****

make all 
Building file: ../usart.c
Invoking: Cross GCC Compiler
arm-none-linux-gnueabi-gcc --std=c99 -O0 -g3 -Wall -c -fmessage-length=0 -MMD -MP -MF"usart.d" -MT"usart.d" -o "usart.o" "../usart.c"
../usart.c: In function 'ListeningUsart':
../usart.c:57: warning: initialization makes integer from pointer without a cast
../usart.c:85: warning: format '%s' expects type 'char *', but argument 2 has type 'int'
../usart.c: At top level:
../usart.c:32: warning: 'seriral_test' defined but not used
Finished building: ../usart.c
 
Building target: usart_test
Invoking: Cross GCC Linker
arm-none-linux-gnueabi-gcc  -o "usart_test"  ./usart.o   -lpthread
Finished building target: usart_test
 

**** Build Finished ****

**** Build of configuration Debug for project usart_test ****

make all 
make: Nothing to be done for `all'.

**** Build Finished ****

**** Build of configuration Debug for project usart_test ****

make all 
Building file: ../usart.c
Invoking: Cross GCC Compiler
arm-none-linux-gnueabi-gcc --std=c99 -O0 -g3 -Wall -c -fmessage-length=0 -MMD -MP -MF"usart.d" -MT"usart.d" -o "usart.o" "../usart.c"
../usart.c: In function 'ListeningUsart':
../usart.c:57: warning: initialization makes integer from pointer without a cast
../usart.c:85: warning: format '%s' expects type 'char *', but argument 2 has type 'int'
../usart.c: At top level:
../usart.c:32: warning: 'seriral_test' defined but not used
Finished building: ../usart.c
 
Building target: usart_test
Invoking: Cross GCC Linker
arm-none-linux-gnueabi-gcc  -o "usart_test"  ./usart.o   -lpthread
Finished building target: usart_test
 

**** Build Finished ****

**** Build of configuration Debug for project usart_test ****

make all 
Building file: ../usart.c
Invoking: Cross GCC Compiler
arm-none-linux-gnueabi-gcc --std=c99 -O0 -g3 -Wall -c -fmessage-length=0 -MMD -MP -MF"usart.d" -MT"usart.d" -o "usart.o" "../usart.c"
../usart.c: In function 'ListeningUsart':
../usart.c:57: warning: initialization makes integer from pointer without a cast
../usart.c:85: warning: format '%s' expects type 'char *', but argument 2 has type 'int'
../usart.c: At top level:
../usart.c:32: warning: 'seriral_test' defined but not used
Finished building: ../usart.c
 
Building target: usart_test
Invoking: Cross GCC Linker
arm-none-linux-gnueabi-gcc  -o "usart_test"  ./usart.o   -lpthread
Finished building target: usart_test
 

**** Build Finished ****

**** Build of configuration Debug for project usart_test ****

make all 
make: Nothing to be done for `all'.

**** Build Finished ****

**** Build of configuration Debug for project usart_test ****

make all 
Building file: ../usart.c
Invoking: Cross GCC Compiler
arm-none-linux-gnueabi-gcc --std=c99 -O0 -g3 -Wall -c -fmessage-length=0 -MMD -MP -MF"usart.d" -MT"usart.d" -o "usart.o" "../usart.c"
../usart.c: In function 'ListeningUsart':
../usart.c:57: warning: initialization makes integer from pointer without a cast
../usart.c:85: warning: format '%s' expects type 'char *', but argument 2 has type 'int'
../usart.c: At top level:
../usart.c:32: warning: 'seriral_test' defined but not used
Finished building: ../usart.c
 
Building target: usart_test
Invoking: Cross GCC Linker
arm-none-linux-gnueabi-gcc  -o "usart_test"  ./usart.o   -lpthread
Finished building target: usart_test
 

**** Build Finished ****

**** Build of configuration Debug for project usart_test ****

make all 
Building file: ../usart.c
Invoking: Cross GCC Compiler
arm-none-linux-gnueabi-gcc --std=c99 -O0 -g3 -Wall -c -fmessage-length=0 -MMD -MP -MF"usart.d" -MT"usart.d" -o "usart.o" "../usart.c"
../usart.c: In function 'ListeningUsart':
../usart.c:57: warning: initialization makes integer from pointer without a cast
../usart.c: At top level:
../usart.c:32: warning: 'seriral_test' defined but not used
Finished building: ../usart.c
 
Building target: usart_test
Invoking: Cross GCC Linker
arm-none-linux-gnueabi-gcc  -o "usart_test"  ./usart.o   -lpthread
Finished building target: usart_test
 

**** Build Finished ****

**** Build of configuration Debug for project usart_test ****

make all 
Building file: ../usart.c
Invoking: Cross GCC Compiler
arm-none-linux-gnueabi-gcc --std=c99 -O0 -g3 -Wall -c -fmessage-length=0 -MMD -MP -MF"usart.d" -MT"usart.d" -o "usart.o" "../usart.c"
../usart.c: In function 'ListeningUsart':
../usart.c:57: warning: dereferencing 'void *' pointer
../usart.c:57: error: void value not ignored as it ought to be
make: *** [usart.o] Error 1

**** Build Finished ****

**** Build of configuration Debug for project usart_test ****

make all 
Building file: ../usart.c
Invoking: Cross GCC Compiler
arm-none-linux-gnueabi-gcc --std=c99 -O0 -g3 -Wall -c -fmessage-length=0 -MMD -MP -MF"usart.d" -MT"usart.d" -o "usart.o" "../usart.c"
../usart.c: In function 'ListeningUsart':
../usart.c:57: warning: initialization makes integer from pointer without a cast
../usart.c: At top level:
../usart.c:32: warning: 'seriral_test' defined but not used
Finished building: ../usart.c
 
Building target: usart_test
Invoking: Cross GCC Linker
arm-none-linux-gnueabi-gcc  -o "usart_test"  ./usart.o   -lpthread
Finished building target: usart_test
 

**** Build Finished ****

**** Build of configuration Debug for project usart_test ****

make all 
Building file: ../usart.c
Invoking: Cross GCC Compiler
arm-none-linux-gnueabi-gcc --std=c99 -O0 -g3 -Wall -c -fmessage-length=0 -MMD -MP -MF"usart.d" -MT"usart.d" -o "usart.o" "../usart.c"
../usart.c: In function 'ListeningUsart':
../usart.c:66: warning: format '%d' expects type 'int', but argument 2 has type 'int *'
../usart.c:71: error: invalid operands to binary / (have 'int *' and 'int')
../usart.c:71: error: invalid operands to binary % (have 'int *' and 'int')
../usart.c:72: warning: passing argument 1 of 'select' makes integer from pointer without a cast
/opt/gcc-4.4.4-glibc-2.11.1-multilib-1.0/arm-fsl-linux-gnueabi/bin/../lib/gcc/arm-fsl-linux-gnueabi/4.4.4/../../../../arm-fsl-linux-gnueabi/include/sys/select.h:109: note: expected 'int' but argument is of type 'int *'
../usart.c:78: warning: passing argument 1 of 'read' makes integer from pointer without a cast
/opt/gcc-4.4.4-glibc-2.11.1-multilib-1.0/arm-fsl-linux-gnueabi/bin/../lib/gcc/arm-fsl-linux-gnueabi/4.4.4/../../../../arm-fsl-linux-gnueabi/include/unistd.h:357: note: expected 'int' but argument is of type 'int *'
make: *** [usart.o] Error 1

**** Build Finished ****

**** Build of configuration Debug for project usart_test ****

make all 
Building file: ../usart.c
Invoking: Cross GCC Compiler
arm-none-linux-gnueabi-gcc --std=c99 -O0 -g3 -Wall -c -fmessage-length=0 -MMD -MP -MF"usart.d" -MT"usart.d" -o "usart.o" "../usart.c"
../usart.c: In function 'ListeningUsart':
../usart.c:66: warning: format '%d' expects type 'int', but argument 2 has type 'int *'
../usart.c:71: error: invalid operands to binary / (have 'int *' and 'int')
../usart.c:71: error: invalid operands to binary % (have 'int *' and 'int')
../usart.c:72: warning: passing argument 1 of 'select' makes integer from pointer without a cast
/opt/gcc-4.4.4-glibc-2.11.1-multilib-1.0/arm-fsl-linux-gnueabi/bin/../lib/gcc/arm-fsl-linux-gnueabi/4.4.4/../../../../arm-fsl-linux-gnueabi/include/sys/select.h:109: note: expected 'int' but argument is of type 'int *'
../usart.c:78: warning: passing argument 1 of 'read' makes integer from pointer without a cast
/opt/gcc-4.4.4-glibc-2.11.1-multilib-1.0/arm-fsl-linux-gnueabi/bin/../lib/gcc/arm-fsl-linux-gnueabi/4.4.4/../../../../arm-fsl-linux-gnueabi/include/unistd.h:357: note: expected 'int' but argument is of type 'int *'
make: *** [usart.o] Error 1

**** Build Finished ****

**** Build of configuration Debug for project usart_test ****

make all 
Building file: ../usart.c
Invoking: Cross GCC Compiler
arm-none-linux-gnueabi-gcc --std=c99 -O0 -g3 -Wall -c -fmessage-length=0 -MMD -MP -MF"usart.d" -MT"usart.d" -o "usart.o" "../usart.c"
../usart.c: In function 'ListeningUsart':
../usart.c:57: warning: initialization makes integer from pointer without a cast
../usart.c: At top level:
../usart.c:32: warning: 'seriral_test' defined but not used
Finished building: ../usart.c
 
Building target: usart_test
Invoking: Cross GCC Linker
arm-none-linux-gnueabi-gcc  -o "usart_test"  ./usart.o   -lpthread
Finished building target: usart_test
 

**** Build Finished ****

**** Build of configuration Debug for project usart_test ****

make all 
Building file: ../usart.c
Invoking: Cross GCC Compiler
arm-none-linux-gnueabi-gcc --std=c99 -O0 -g3 -Wall -c -fmessage-length=0 -MMD -MP -MF"usart.d" -MT"usart.d" -o "usart.o" "../usart.c"
../usart.c: In function 'ListeningUsart':
../usart.c:57: warning: dereferencing 'void *' pointer
../usart.c:57: error: void value not ignored as it ought to be
make: *** [usart.o] Error 1

**** Build Finished ****

**** Build of configuration Debug for project usart_test ****

make all 
Building file: ../usart.c
Invoking: Cross GCC Compiler
arm-none-linux-gnueabi-gcc --std=c99 -O0 -g3 -Wall -c -fmessage-length=0 -MMD -MP -MF"usart.d" -MT"usart.d" -o "usart.o" "../usart.c"
../usart.c:32: warning: 'seriral_test' defined but not used
Finished building: ../usart.c
 
Building target: usart_test
Invoking: Cross GCC Linker
arm-none-linux-gnueabi-gcc  -o "usart_test"  ./usart.o   -lpthread
Finished building target: usart_test
 

**** Build Finished ****

**** Build of configuration Debug for project usart_test ****

make all 
Building file: ../usart.c
Invoking: Cross GCC Compiler
arm-none-linux-gnueabi-gcc --std=c99 -O0 -g3 -Wall -c -fmessage-length=0 -MMD -MP -MF"usart.d" -MT"usart.d" -o "usart.o" "../usart.c"
../usart.c: In function 'ListeningUsart':
../usart.c:85: warning: format '%s' expects type 'char *', but argument 2 has type 'int'
../usart.c: At top level:
../usart.c:32: warning: 'seriral_test' defined but not used
Finished building: ../usart.c
 
Building target: usart_test
Invoking: Cross GCC Linker
arm-none-linux-gnueabi-gcc  -o "usart_test"  ./usart.o   -lpthread
Finished building target: usart_test
 

**** Build Finished ****

**** Build of configuration Debug for project usart_test ****

make all 
Building file: ../usart.c
Invoking: Cross GCC Compiler
arm-none-linux-gnueabi-gcc --std=c99 -O0 -g3 -Wall -c -fmessage-length=0 -MMD -MP -MF"usart.d" -MT"usart.d" -o "usart.o" "../usart.c"
../usart.c:32: warning: 'seriral_test' defined but not used
Finished building: ../usart.c
 
Building target: usart_test
Invoking: Cross GCC Linker
arm-none-linux-gnueabi-gcc  -o "usart_test"  ./usart.o   -lpthread
Finished building target: usart_test
 

**** Build Finished ****

**** Build of configuration Debug for project usart_test ****

make all 
make: Nothing to be done for `all'.

**** Build Finished ****

**** Build of configuration Debug for project usart_test ****

make all 
Building file: ../usart.c
Invoking: Cross GCC Compiler
arm-none-linux-gnueabi-gcc --std=c99 -O0 -g3 -Wall -c -fmessage-length=0 -MMD -MP -MF"usart.d" -MT"usart.d" -o "usart.o" "../usart.c"
../usart.c:32: warning: 'seriral_test' defined but not used
Finished building: ../usart.c
 
Building target: usart_test
Invoking: Cross GCC Linker
arm-none-linux-gnueabi-gcc  -o "usart_test"  ./usart.o   -lpthread
Finished building target: usart_test
 

**** Build Finished ****

**** Build of configuration Debug for project usart_test ****

make all 
make: Nothing to be done for `all'.

**** Build Finished ****

**** Build of configuration Debug for project usart_test ****

make all 
Building file: ../usart.c
Invoking: Cross GCC Compiler
arm-none-linux-gnueabi-gcc --std=c99 -O0 -g3 -Wall -c -fmessage-length=0 -MMD -MP -MF"usart.d" -MT"usart.d" -o "usart.o" "../usart.c"
../usart.c:32: warning: 'seriral_test' defined but not used
Finished building: ../usart.c
 
Building target: usart_test
Invoking: Cross GCC Linker
arm-none-linux-gnueabi-gcc  -o "usart_test"  ./usart.o   -lpthread
Finished building target: usart_test
 

**** Build Finished ****

**** Build of configuration Debug for project usart_test ****

make all 
Building file: ../usart.c
Invoking: Cross GCC Compiler
arm-none-linux-gnueabi-gcc --std=c99 -O0 -g3 -Wall -c -fmessage-length=0 -MMD -MP -MF"usart.d" -MT"usart.d" -o "usart.o" "../usart.c"
../usart.c:32: warning: 'seriral_test' defined but not used
Finished building: ../usart.c
 
Building target: usart_test
Invoking: Cross GCC Linker
arm-none-linux-gnueabi-gcc  -o "usart_test"  ./usart.o   -lpthread
Finished building target: usart_test
 

**** Build Finished ****

**** Build of configuration Debug for project usart_test ****

make all 
Building file: ../usart.c
Invoking: Cross GCC Compiler
arm-none-linux-gnueabi-gcc --std=c99 -O0 -g3 -Wall -c -fmessage-length=0 -MMD -MP -MF"usart.d" -MT"usart.d" -o "usart.o" "../usart.c"
../usart.c:32: warning: 'seriral_test' defined but not used
Finished building: ../usart.c
 
Building target: usart_test
Invoking: Cross GCC Linker
arm-none-linux-gnueabi-gcc  -o "usart_test"  ./usart.o   -lpthread
Finished building target: usart_test
 

**** Build Finished ****

**** Build of configuration Debug for project usart_test ****

make all 
make: Nothing to be done for `all'.

**** Build Finished ****

**** Build of configuration Debug for project usart_test ****

make all 
Building file: ../usart.c
Invoking: Cross GCC Compiler
arm-none-linux-gnueabi-gcc --std=c99 -O0 -g3 -Wall -c -fmessage-length=0 -MMD -MP -MF"usart.d" -MT"usart.d" -o "usart.o" "../usart.c"
../usart.c:32: warning: 'seriral_test' defined but not used
Finished building: ../usart.c
 
Building target: usart_test
Invoking: Cross GCC Linker
arm-none-linux-gnueabi-gcc  -o "usart_test"  ./usart.o   -lpthread
Finished building target: usart_test
 

**** Build Finished ****

**** Build of configuration Debug for project usart_test ****

make all 
Building file: ../usart.c
Invoking: Cross GCC Compiler
arm-none-linux-gnueabi-gcc --std=c99 -O0 -g3 -Wall -c -fmessage-length=0 -MMD -MP -MF"usart.d" -MT"usart.d" -o "usart.o" "../usart.c"
../usart.c:32: warning: 'seriral_test' defined but not used
Finished building: ../usart.c
 
Building target: usart_test
Invoking: Cross GCC Linker
arm-none-linux-gnueabi-gcc  -o "usart_test"  ./usart.o   -lpthread
Finished building target: usart_test
 

**** Build Finished ****

**** Build of configuration Debug for project usart_test ****

make all 
make: Nothing to be done for `all'.

**** Build Finished ****

**** Build of configuration Debug for project usart_test ****

make all 
make: Nothing to be done for `all'.

**** Build Finished ****

**** Build of configuration Debug for project usart_test ****

make all 
make: Nothing to be done for `all'.

**** Build Finished ****

**** Build of configuration Debug for project usart_test ****

make all 
make: Nothing to be done for `all'.

**** Build Finished ****

**** Build of configuration Debug for project usart_test ****

make all 
make: Nothing to be done for `all'.

**** Build Finished ****

**** Build of configuration Debug for project usart_test ****

make all 
make: Nothing to be done for `all'.

**** Build Finished ****

**** Build of configuration Debug for project usart_test ****

make all 
make: Nothing to be done for `all'.

**** Build Finished ****

**** Build of configuration Debug for project usart_test ****

make all 
make: Nothing to be done for `all'.

**** Build Finished ****

**** Build of configuration Debug for project usart_test ****

make all 
make: Nothing to be done for `all'.

**** Build Finished ****

**** Build of configuration Debug for project usart_test ****

make all 
make: Nothing to be done for `all'.

**** Build Finished ****

**** Build of configuration Debug for project usart_test ****

make all 
Building file: ../usart.c
Invoking: Cross GCC Compiler
arm-none-linux-gnueabi-gcc --std=c99 -O0 -g3 -Wall -c -fmessage-length=0 -MMD -MP -MF"usart.d" -MT"usart.d" -o "usart.o" "../usart.c"
../usart.c:33: warning: 'seriral_test' defined but not used
Finished building: ../usart.c
 
Building target: usart_test
Invoking: Cross GCC Linker
arm-none-linux-gnueabi-gcc  -o "usart_test"  ./usart.o   -lpthread
Finished building target: usart_test
 

**** Build Finished ****

**** Build of configuration Debug for project usart_test ****

make all 
Building file: ../usart.c
Invoking: Cross GCC Compiler
arm-none-linux-gnueabi-gcc --std=c99 -O0 -g3 -Wall -c -fmessage-length=0 -MMD -MP -MF"usart.d" -MT"usart.d" -o "usart.o" "../usart.c"
../usart.c: In function 'ListeningUsart':
../usart.c:90: warning: implicit declaration of function 'ProcessRxMsg'
../usart.c: At top level:
../usart.c:153: error: conflicting types for 'ProcessRxMsg'
../usart.c:90: note: previous implicit declaration of 'ProcessRxMsg' was here
make: *** [usart.o] Error 1

**** Build Finished ****

**** Build of configuration Debug for project usart_test ****

make all 
Building file: ../usart.c
Invoking: Cross GCC Compiler
arm-none-linux-gnueabi-gcc --std=c99 -O0 -g3 -Wall -c -fmessage-length=0 -MMD -MP -MF"usart.d" -MT"usart.d" -o "usart.o" "../usart.c"
../usart.c:35: warning: 'seriral_test' defined but not used
Finished building: ../usart.c
 
Building target: usart_test
Invoking: Cross GCC Linker
arm-none-linux-gnueabi-gcc  -o "usart_test"  ./usart.o   -lpthread
Finished building target: usart_test
 

**** Build Finished ****

**** Build of configuration Debug for project usart_test ****

make all 
Building file: ../usart.c
Invoking: Cross GCC Compiler
arm-none-linux-gnueabi-gcc --std=c99 -O0 -g3 -Wall -c -fmessage-length=0 -MMD -MP -MF"usart.d" -MT"usart.d" -o "usart.o" "../usart.c"
../usart.c:35: warning: 'seriral_test' defined but not used
Finished building: ../usart.c
 
Building target: usart_test
Invoking: Cross GCC Linker
arm-none-linux-gnueabi-gcc  -o "usart_test"  ./usart.o   -lpthread
Finished building target: usart_test
 

**** Build Finished ****

**** Build of configuration Debug for project usart_test ****

make all 
Building file: ../usart.c
Invoking: Cross GCC Compiler
arm-none-linux-gnueabi-gcc --std=c99 -O0 -g3 -Wall -c -fmessage-length=0 -MMD -MP -MF"usart.d" -MT"usart.d" -o "usart.o" "../usart.c"
../usart.c:35: warning: 'seriral_test' defined but not used
Finished building: ../usart.c
 
Building target: usart_test
Invoking: Cross GCC Linker
arm-none-linux-gnueabi-gcc  -o "usart_test"  ./usart.o   -lpthread
Finished building target: usart_test
 

**** Build Finished ****

**** Build of configuration Debug for project usart_test ****

make all 
make: Nothing to be done for `all'.

**** Build Finished ****

**** Build of configuration Debug for project usart_test ****

make all 
make: Nothing to be done for `all'.

**** Build Finished ****

**** Build of configuration Debug for project usart_test ****

make all 
make: Nothing to be done for `all'.

**** Build Finished ****

**** Build of configuration Debug for project loadfile ****

make all 
Building file: ../http.c
Invoking: GCC C Compiler
gcc -O0 -g3 -Wall -c -fmessage-length=0 -MMD -MP -MF"http.d" -MT"http.d" -o "http.o" "../http.c"
../http.c: In function ‘Get_Breakpoint’:
../http.c:79:5: warning: implicit declaration of function ‘read’ [-Wimplicit-function-declaration]
../http.c:86:5: warning: implicit declaration of function ‘close’ [-Wimplicit-function-declaration]
../http.c: In function ‘Save_Breakpoint’:
../http.c:128:5: warning: passing argument 1 of ‘strcpy’ makes pointer from integer without a cast [enabled by default]
/usr/include/string.h:128:14: note: expected ‘char * __restrict__’ but argument is of type ‘int’
../http.c:133:5: warning: implicit declaration of function ‘write’ [-Wimplicit-function-declaration]
../http.c: In function ‘HTTP_GetRecvLength’:
../http.c:199:5: warning: implicit declaration of function ‘HTTP_GetContentLength’ [-Wimplicit-function-declaration]
../http.c: In function ‘HTTP_Recv’:
../http.c:263:9: warning: implicit declaration of function ‘Recv’ [-Wimplicit-function-declaration]
../http.c: In function ‘HTTP_GetFileSize’:
../http.c:496:5: warning: implicit declaration of function ‘Send’ [-Wimplicit-function-declaration]
../http.c: In function ‘HTTP_GetFile’:
../http.c:568:13: warning: implicit declaration of function ‘Socket_Connect’ [-Wimplicit-function-declaration]
../http.c: In function ‘HTTP_DownloadFile’:
../http.c:658:5: warning: implicit declaration of function ‘Close’ [-Wimplicit-function-declaration]
../http.c: In function ‘HTTP_GetResponseCode’:
../http.c:182:1: warning: control reaches end of non-void function [-Wreturn-type]
Finished building: ../http.c
 
Building file: ../socket.c
Invoking: GCC C Compiler
gcc -O0 -g3 -Wall -c -fmessage-length=0 -MMD -MP -MF"socket.d" -MT"socket.d" -o "socket.o" "../socket.c"
../socket.c: In function ‘Socket_Connect’:
../socket.c:34:5: warning: implicit declaration of function ‘inet_addr’ [-Wimplicit-function-declaration]
../socket.c: In function ‘Close’:
../socket.c:83:5: warning: implicit declaration of function ‘close’ [-Wimplicit-function-declaration]
Finished building: ../socket.c
 
Building target: loadfile
Invoking: GCC C Linker
gcc  -o "loadfile"  ./http.o ./socket.o   
/usr/lib/gcc/x86_64-linux-gnu/4.6/../../../x86_64-linux-gnu/crt1.o: In function `_start':
(.text+0x20): undefined reference to `main'
collect2: ld returned 1 exit status
make: *** [loadfile] Error 1

**** Build Finished ****

**** Build of configuration Debug for project loadfile ****

make all 
Building file: ../http.c
Invoking: GCC C Compiler
gcc -O0 -g3 -Wall -c -fmessage-length=0 -MMD -MP -MF"http.d" -MT"http.d" -o "http.o" "../http.c"
../http.c: In function ‘Get_Breakpoint’:
../http.c:79:5: warning: implicit declaration of function ‘read’ [-Wimplicit-function-declaration]
../http.c:86:5: warning: implicit declaration of function ‘close’ [-Wimplicit-function-declaration]
../http.c: In function ‘Save_Breakpoint’:
../http.c:128:5: warning: passing argument 1 of ‘strcpy’ makes pointer from integer without a cast [enabled by default]
/usr/include/string.h:128:14: note: expected ‘char * __restrict__’ but argument is of type ‘int’
../http.c:133:5: warning: implicit declaration of function ‘write’ [-Wimplicit-function-declaration]
../http.c: In function ‘HTTP_GetRecvLength’:
../http.c:199:5: warning: implicit declaration of function ‘HTTP_GetContentLength’ [-Wimplicit-function-declaration]
../http.c: In function ‘HTTP_GetFile’:
../http.c:568:13: warning: implicit declaration of function ‘Socket_Connect’ [-Wimplicit-function-declaration]
../http.c: In function ‘HTTP_DownloadFile’:
../http.c:658:5: warning: implicit declaration of function ‘Close’ [-Wimplicit-function-declaration]
../http.c: At top level:
../http.c:696:15: warning: initialization makes integer from pointer without a cast [enabled by default]
../http.c:696:1: error: initializer element is not computable at load time
../http.c:697:17: warning: initialization makes integer from pointer without a cast [enabled by default]
../http.c:697:1: error: initializer element is not computable at load time
../http.c: In function ‘main’:
../http.c:701:2: warning: passing argument 1 of ‘HTTP_DownloadFile’ makes pointer from integer without a cast [enabled by default]
../http.c:601:5: note: expected ‘char *’ but argument is of type ‘char’
../http.c:701:2: warning: passing argument 2 of ‘HTTP_DownloadFile’ makes pointer from integer without a cast [enabled by default]
../http.c:601:5: note: expected ‘char *’ but argument is of type ‘char’
../http.c: In function ‘HTTP_GetResponseCode’:
../http.c:182:1: warning: control reaches end of non-void function [-Wreturn-type]
make: *** [http.o] Error 1

**** Build Finished ****

**** Build of configuration Debug for project loadfile ****

make all 
Building file: ../http.c
Invoking: GCC C Compiler
gcc -O0 -g3 -Wall -c -fmessage-length=0 -MMD -MP -MF"http.d" -MT"http.d" -o "http.o" "../http.c"
../http.c: In function ‘Get_Breakpoint’:
../http.c:79:5: warning: implicit declaration of function ‘read’ [-Wimplicit-function-declaration]
../http.c:86:5: warning: implicit declaration of function ‘close’ [-Wimplicit-function-declaration]
../http.c: In function ‘Save_Breakpoint’:
../http.c:128:5: warning: passing argument 1 of ‘strcpy’ makes pointer from integer without a cast [enabled by default]
/usr/include/string.h:128:14: note: expected ‘char * __restrict__’ but argument is of type ‘int’
../http.c:133:5: warning: implicit declaration of function ‘write’ [-Wimplicit-function-declaration]
../http.c: In function ‘HTTP_GetRecvLength’:
../http.c:199:5: warning: implicit declaration of function ‘HTTP_GetContentLength’ [-Wimplicit-function-declaration]
../http.c: In function ‘HTTP_GetFile’:
../http.c:568:13: warning: implicit declaration of function ‘Socket_Connect’ [-Wimplicit-function-declaration]
../http.c: In function ‘HTTP_DownloadFile’:
../http.c:658:5: warning: implicit declaration of function ‘Close’ [-Wimplicit-function-declaration]
../http.c: At top level:
../http.c:696:17: warning: character constant too long for its type [enabled by default]
../http.c:696:1: error: invalid initializer
../http.c: In function ‘HTTP_GetResponseCode’:
../http.c:182:1: warning: control reaches end of non-void function [-Wreturn-type]
make: *** [http.o] Error 1

**** Build Finished ****

**** Build of configuration Debug for project loadfile ****

make all 
Building file: ../http.c
Invoking: GCC C Compiler
gcc -O0 -g3 -Wall -c -fmessage-length=0 -MMD -MP -MF"http.d" -MT"http.d" -o "http.o" "../http.c"
../http.c: In function ‘Get_Breakpoint’:
../http.c:79:5: warning: implicit declaration of function ‘read’ [-Wimplicit-function-declaration]
../http.c:86:5: warning: implicit declaration of function ‘close’ [-Wimplicit-function-declaration]
../http.c: In function ‘Save_Breakpoint’:
../http.c:128:5: warning: passing argument 1 of ‘strcpy’ makes pointer from integer without a cast [enabled by default]
/usr/include/string.h:128:14: note: expected ‘char * __restrict__’ but argument is of type ‘int’
../http.c:133:5: warning: implicit declaration of function ‘write’ [-Wimplicit-function-declaration]
../http.c: In function ‘HTTP_GetRecvLength’:
../http.c:199:5: warning: implicit declaration of function ‘HTTP_GetContentLength’ [-Wimplicit-function-declaration]
../http.c: In function ‘HTTP_GetFile’:
../http.c:568:13: warning: implicit declaration of function ‘Socket_Connect’ [-Wimplicit-function-declaration]
../http.c: In function ‘HTTP_DownloadFile’:
../http.c:658:5: warning: implicit declaration of function ‘Close’ [-Wimplicit-function-declaration]
../http.c: In function ‘HTTP_GetResponseCode’:
../http.c:182:1: warning: control reaches end of non-void function [-Wreturn-type]
Finished building: ../http.c
 
Building file: ../socket.c
Invoking: GCC C Compiler
gcc -O0 -g3 -Wall -c -fmessage-length=0 -MMD -MP -MF"socket.d" -MT"socket.d" -o "socket.o" "../socket.c"
../socket.c: In function ‘Socket_Connect’:
../socket.c:34:5: warning: implicit declaration of function ‘inet_addr’ [-Wimplicit-function-declaration]
../socket.c: In function ‘Close’:
../socket.c:83:5: warning: implicit declaration of function ‘close’ [-Wimplicit-function-declaration]
Finished building: ../socket.c
 
Building target: loadfile
Invoking: GCC C Linker
gcc  -o "loadfile"  ./http.o ./socket.o   
Finished building target: loadfile
 

**** Build Finished ****

**** Build of configuration Debug for project loadfile ****

make all 
Building file: ../socket.c
../socket.c: In function ‘Socket_Connect’:
../socket.c:34:5: warning: implicit declaration of function ‘inet_addr’ [-Wimplicit-function-declaration]
Invoking: GCC C Compiler
gcc -O0 -g3 -Wall -c -fmessage-length=0 -MMD -MP -MF"socket.d" -MT"socket.d" -o "socket.o" "../socket.c"
../socket.c: In function ‘Close’:
../socket.c:83:5: warning: implicit declaration of function ‘close’ [-Wimplicit-function-declaration]
Finished building: ../socket.c
 
Building target: loadfile
Invoking: GCC C Linker
gcc  -o "loadfile"  ./http.o ./socket.o   
Finished building target: loadfile
 

**** Build Finished ****

**** Build of configuration Debug for project loadfile ****

make all 
make: Nothing to be done for `all'.

**** Build Finished ****

**** Build of configuration Debug for project loadfile ****

make all 
make: Nothing to be done for `all'.

**** Build Finished ****

**** Build of configuration Debug for project loadfile ****

make all 
make: Nothing to be done for `all'.

**** Build Finished ****

**** Build of configuration Debug for project loadfile ****

make all 
make: Nothing to be done for `all'.

**** Build Finished ****

**** Build of configuration Debug for project loadfile ****

make all 
make: Nothing to be done for `all'.

**** Build Finished ****

**** Build of configuration Debug for project loadfile ****

make all 
Building file: ../http.c
Invoking: GCC C Compiler
gcc -O0 -g3 -Wall -c -fmessage-length=0 -MMD -MP -MF"http.d" -MT"http.d" -o "http.o" "../http.c"
../http.c: In function ‘Get_Breakpoint’:
../http.c:80:5: warning: implicit declaration of function ‘read’ [-Wimplicit-function-declaration]
../http.c:87:5: warning: implicit declaration of function ‘close’ [-Wimplicit-function-declaration]
../http.c: In function ‘Save_Breakpoint’:
../http.c:129:5: warning: passing argument 1 of ‘strcpy’ makes pointer from integer without a cast [enabled by default]
/usr/include/string.h:128:14: note: expected ‘char * __restrict__’ but argument is of type ‘int’
../http.c:134:5: warning: implicit declaration of function ‘write’ [-Wimplicit-function-declaration]
../http.c: In function ‘HTTP_GetRecvLength’:
../http.c:200:5: warning: implicit declaration of function ‘HTTP_GetContentLength’ [-Wimplicit-function-declaration]
../http.c: In function ‘HTTP_GetFile’:
../http.c:569:13: warning: implicit declaration of function ‘Socket_Connect’ [-Wimplicit-function-declaration]
../http.c: In function ‘HTTP_DownloadFile’:
../http.c:655:5: warning: implicit declaration of function ‘sleep’ [-Wimplicit-function-declaration]
../http.c:659:5: warning: implicit declaration of function ‘Close’ [-Wimplicit-function-declaration]
../http.c: In function ‘HTTP_GetResponseCode’:
../http.c:183:1: warning: control reaches end of non-void function [-Wreturn-type]
Finished building: ../http.c
 
Building target: loadfile
Invoking: GCC C Linker
gcc  -o "loadfile"  ./http.o ./socket.o   
Finished building target: loadfile
 

**** Build Finished ****

**** Build of configuration Debug for project loadfile ****

make all 
make: Nothing to be done for `all'.

**** Build Finished ****

**** Build of configuration Debug for project loadfile ****

make all 
make: Nothing to be done for `all'.

**** Build Finished ****

**** Build of configuration Debug for project loadfile ****

make all 
make: Nothing to be done for `all'.

**** Build Finished ****

**** Build of configuration Debug for project loadfile ****

make all 
make: Nothing to be done for `all'.

**** Build Finished ****

**** Build of configuration Debug for project loadfile ****

make all 
make: Nothing to be done for `all'.

**** Build Finished ****

**** Build of configuration Debug for project loadfile ****

make all 
make: Nothing to be done for `all'.

**** Build Finished ****

**** Build of configuration Debug for project loadfile ****

make all 
make: Nothing to be done for `all'.

**** Build Finished ****

**** Build of configuration Debug for project loadfile ****

make all 
make: Nothing to be done for `all'.

**** Build Finished ****

**** Build of configuration Debug for project loadfile ****

make all 
make: Nothing to be done for `all'.

**** Build Finished ****

**** Build of configuration Debug for project loadfile ****

make all 
make: Nothing to be done for `all'.

**** Build Finished ****

**** Build of configuration Debug for project loadfile ****

make all 
make: Nothing to be done for `all'.

**** Build Finished ****

**** Build of configuration Debug for project loadfile ****

make all 
make: Nothing to be done for `all'.

**** Build Finished ****

**** Build of configuration Debug for project loadfile ****

make all 
make: Nothing to be done for `all'.

**** Build Finished ****

**** Build of configuration Debug for project loadfile ****

make all 
make: Nothing to be done for `all'.

**** Build Finished ****

**** Build of configuration Debug for project loadfile ****

make all 
make: Nothing to be done for `all'.

**** Build Finished ****

**** Build of configuration Debug for project loadfile ****

make all 
make: Nothing to be done for `all'.

**** Build Finished ****

**** Build of configuration Debug for project loadfile ****

make all 
make: Nothing to be done for `all'.

**** Build Finished ****

**** Build of configuration Debug for project loadfile ****

make all 
make: Nothing to be done for `all'.

**** Build Finished ****

**** Build of configuration Debug for project loadfile ****

make all 
Building file: ../http.c
Invoking: GCC C Compiler
gcc -O0 -g3 -Wall -c -fmessage-length=0 -MMD -MP -MF"http.d" -MT"http.d" -o "http.o" "../http.c"
../http.c: In function ‘Get_Breakpoint’:
../http.c:79:5: warning: implicit declaration of function ‘read’ [-Wimplicit-function-declaration]
../http.c:86:5: warning: implicit declaration of function ‘close’ [-Wimplicit-function-declaration]
../http.c: In function ‘Save_Breakpoint’:
../http.c:128:5: warning: passing argument 1 of ‘strcpy’ makes pointer from integer without a cast [enabled by default]
/usr/include/string.h:128:14: note: expected ‘char * __restrict__’ but argument is of type ‘int’
../http.c:133:5: warning: implicit declaration of function ‘write’ [-Wimplicit-function-declaration]
../http.c: In function ‘HTTP_GetRecvLength’:
../http.c:199:5: warning: implicit declaration of function ‘HTTP_GetContentLength’ [-Wimplicit-function-declaration]
../http.c: In function ‘HTTP_GetFile’:
../http.c:568:13: warning: implicit declaration of function ‘Socket_Connect’ [-Wimplicit-function-declaration]
../http.c: In function ‘HTTP_DownloadFile’:
../http.c:654:5: warning: implicit declaration of function ‘sleep’ [-Wimplicit-function-declaration]
../http.c:658:5: warning: implicit declaration of function ‘Close’ [-Wimplicit-function-declaration]
../http.c: In function ‘HTTP_GetResponseCode’:
../http.c:182:1: warning: control reaches end of non-void function [-Wreturn-type]
Finished building: ../http.c
 
Building target: loadfile
Invoking: GCC C Linker
gcc  -o "loadfile"  ./http.o ./socket.o   
Finished building target: loadfile
 

**** Build Finished ****

**** Build of configuration Debug for project loadfile ****

make all 
make: Nothing to be done for `all'.

**** Build Finished ****

**** Build of configuration Debug for project loadfile ****

make all 
make: Nothing to be done for `all'.

**** Build Finished ****

**** Build of configuration Debug for project loadfile ****

make all 
make: Nothing to be done for `all'.

**** Build Finished ****

**** Build of configuration Debug for project loadfile ****

make all 
make: Nothing to be done for `all'.

**** Build Finished ****

**** Build of configuration Debug for project loadfile ****

make all 
make: Nothing to be done for `all'.

**** Build Finished ****

**** Build of configuration Debug for project loadfile ****

make all 
make: Nothing to be done for `all'.

**** Build Finished ****

**** Build of configuration Debug for project loadfile ****

make all 
make: Nothing to be done for `all'.

**** Build Finished ****

**** Build of configuration Debug for project loadfile ****

make all 
Building file: ../http.c
Invoking: GCC C Compiler
gcc -O0 -g3 -Wall -c -fmessage-length=0 -MMD -MP -MF"http.d" -MT"http.d" -o "http.o" "../http.c"
../http.c: In function ‘Get_Breakpoint’:
../http.c:79:5: warning: implicit declaration of function ‘read’ [-Wimplicit-function-declaration]
../http.c:86:5: warning: implicit declaration of function ‘close’ [-Wimplicit-function-declaration]
../http.c: In function ‘Save_Breakpoint’:
../http.c:128:5: warning: passing argument 1 of ‘strcpy’ makes pointer from integer without a cast [enabled by default]
/usr/include/string.h:128:14: note: expected ‘char * __restrict__’ but argument is of type ‘int’
../http.c:133:5: warning: implicit declaration of function ‘write’ [-Wimplicit-function-declaration]
../http.c: In function ‘HTTP_GetRecvLength’:
../http.c:199:5: warning: implicit declaration of function ‘HTTP_GetContentLength’ [-Wimplicit-function-declaration]
../http.c: In function ‘HTTP_GetFile’:
../http.c:568:13: warning: implicit declaration of function ‘Socket_Connect’ [-Wimplicit-function-declaration]
../http.c: In function ‘HTTP_DownloadFile’:
../http.c:654:5: warning: implicit declaration of function ‘sleep’ [-Wimplicit-function-declaration]
../http.c:658:5: warning: implicit declaration of function ‘Close’ [-Wimplicit-function-declaration]
../http.c: In function ‘HTTP_GetResponseCode’:
../http.c:182:1: warning: control reaches end of non-void function [-Wreturn-type]
Finished building: ../http.c
 
Building target: loadfile
Invoking: GCC C Linker
gcc  -o "loadfile"  ./http.o ./socket.o   
Finished building target: loadfile
 

**** Build Finished ****

**** Build of configuration Debug for project loadfile ****

make all 
make: Nothing to be done for `all'.

**** Build Finished ****

**** Build of configuration Debug for project loadfile ****

make all 
make: Nothing to be done for `all'.

**** Build Finished ****

**** Build of configuration Debug for project loadfile ****

make all 
Building file: ../http.c
Invoking: GCC C Compiler
gcc -O0 -g3 -Wall -c -fmessage-length=0 -MMD -MP -MF"http.d" -MT"http.d" -o "http.o" "../http.c"
../http.c: In function ‘Get_Breakpoint’:
../http.c:79:5: warning: implicit declaration of function ‘read’ [-Wimplicit-function-declaration]
../http.c:86:5: warning: implicit declaration of function ‘close’ [-Wimplicit-function-declaration]
../http.c: In function ‘Save_Breakpoint’:
../http.c:128:5: warning: passing argument 1 of ‘strcpy’ makes pointer from integer without a cast [enabled by default]
/usr/include/string.h:128:14: note: expected ‘char * __restrict__’ but argument is of type ‘int’
../http.c:133:5: warning: implicit declaration of function ‘write’ [-Wimplicit-function-declaration]
../http.c: In function ‘HTTP_GetRecvLength’:
../http.c:199:5: warning: implicit declaration of function ‘HTTP_GetContentLength’ [-Wimplicit-function-declaration]
../http.c: In function ‘HTTP_GetFile’:
../http.c:568:13: warning: implicit declaration of function ‘Socket_Connect’ [-Wimplicit-function-declaration]
../http.c: In function ‘HTTP_DownloadFile’:
../http.c:654:5: warning: implicit declaration of function ‘sleep’ [-Wimplicit-function-declaration]
../http.c:658:5: warning: implicit declaration of function ‘Close’ [-Wimplicit-function-declaration]
../http.c: In function ‘HTTP_GetResponseCode’:
../http.c:182:1: warning: control reaches end of non-void function [-Wreturn-type]
Finished building: ../http.c
 
Building target: loadfile
Invoking: GCC C Linker
gcc  -o "loadfile"  ./http.o ./socket.o   
Finished building target: loadfile
 

**** Build Finished ****

**** Build of configuration Debug for project loadfile ****

make all 
Building file: ../http.c
Invoking: GCC C Compiler
gcc -O0 -g3 -Wall -c -fmessage-length=0 -MMD -MP -MF"http.d" -MT"http.d" -o "http.o" "../http.c"
../http.c: In function ‘Get_Breakpoint’:
../http.c:79:5: warning: implicit declaration of function ‘read’ [-Wimplicit-function-declaration]
../http.c:86:5: warning: implicit declaration of function ‘close’ [-Wimplicit-function-declaration]
../http.c: In function ‘Save_Breakpoint’:
../http.c:128:5: warning: passing argument 1 of ‘strcpy’ makes pointer from integer without a cast [enabled by default]
/usr/include/string.h:128:14: note: expected ‘char * __restrict__’ but argument is of type ‘int’
../http.c:133:5: warning: implicit declaration of function ‘write’ [-Wimplicit-function-declaration]
../http.c: In function ‘HTTP_GetRecvLength’:
../http.c:199:5: warning: implicit declaration of function ‘HTTP_GetContentLength’ [-Wimplicit-function-declaration]
../http.c: In function ‘HTTP_GetFile’:
../http.c:568:13: warning: implicit declaration of function ‘Socket_Connect’ [-Wimplicit-function-declaration]
../http.c: In function ‘HTTP_DownloadFile’:
../http.c:654:5: warning: implicit declaration of function ‘sleep’ [-Wimplicit-function-declaration]
../http.c:658:5: warning: implicit declaration of function ‘Close’ [-Wimplicit-function-declaration]
../http.c: In function ‘HTTP_GetResponseCode’:
../http.c:182:1: warning: control reaches end of non-void function [-Wreturn-type]
Finished building: ../http.c
 
Building target: loadfile
Invoking: GCC C Linker
gcc  -o "loadfile"  ./http.o ./socket.o   
Finished building target: loadfile
 

**** Build Finished ****

**** Build of configuration Debug for project loadfile ****

make all 
make: Nothing to be done for `all'.

**** Build Finished ****

**** Build of configuration Debug for project loadfile ****

make all 
make: Nothing to be done for `all'.

**** Build Finished ****

**** Build of configuration Debug for project loadfile ****

make all 
Building file: ../http.c
Invoking: GCC C Compiler
gcc -O0 -g3 -Wall -c -fmessage-length=0 -MMD -MP -MF"http.d" -MT"http.d" -o "http.o" "../http.c"
../http.c: In function ‘Get_Breakpoint’:
../http.c:79:5: warning: implicit declaration of function ‘read’ [-Wimplicit-function-declaration]
../http.c:86:5: warning: implicit declaration of function ‘close’ [-Wimplicit-function-declaration]
../http.c: In function ‘Save_Breakpoint’:
../http.c:128:5: warning: passing argument 1 of ‘strcpy’ makes pointer from integer without a cast [enabled by default]
/usr/include/string.h:128:14: note: expected ‘char * __restrict__’ but argument is of type ‘int’
../http.c:133:5: warning: implicit declaration of function ‘write’ [-Wimplicit-function-declaration]
../http.c: In function ‘HTTP_GetRecvLength’:
../http.c:199:5: warning: implicit declaration of function ‘HTTP_GetContentLength’ [-Wimplicit-function-declaration]
../http.c: In function ‘HTTP_GetFile’:
../http.c:568:13: warning: implicit declaration of function ‘Socket_Connect’ [-Wimplicit-function-declaration]
../http.c: In function ‘HTTP_DownloadFile’:
../http.c:654:5: warning: implicit declaration of function ‘sleep’ [-Wimplicit-function-declaration]
../http.c:658:5: warning: implicit declaration of function ‘Close’ [-Wimplicit-function-declaration]
../http.c: In function ‘HTTP_GetResponseCode’:
../http.c:182:1: warning: control reaches end of non-void function [-Wreturn-type]
Finished building: ../http.c
 
Building target: loadfile
Invoking: GCC C Linker
gcc  -o "loadfile"  ./http.o ./socket.o   
Finished building target: loadfile
 

**** Build Finished ****

**** Build of configuration Debug for project loadfile ****

make all 
make: Nothing to be done for `all'.

**** Build Finished ****

**** Build of configuration Debug for project loadfile ****

make all 
make: Nothing to be done for `all'.

**** Build Finished ****

**** Clean-only build of configuration Debug for project loadfile ****

make clean 
rm -rf  ./http.o ./socket.o  ./http.d ./socket.d  loadfile
 

**** Build Finished ****

**** Build of configuration Debug for project loadfile ****

make all 
Building file: ../http.c
Invoking: GCC C Compiler
gcc -O0 -g3 -Wall -c -fmessage-length=0 -MMD -MP -MF"http.d" -MT"http.d" -o "http.o" "../http.c"
../http.c: In function ‘Get_Breakpoint’:
../http.c:79:5: warning: implicit declaration of function ‘read’ [-Wimplicit-function-declaration]
../http.c:86:5: warning: implicit declaration of function ‘close’ [-Wimplicit-function-declaration]
../http.c: In function ‘Save_Breakpoint’:
../http.c:128:5: warning: passing argument 1 of ‘strcpy’ makes pointer from integer without a cast [enabled by default]
/usr/include/string.h:128:14: note: expected ‘char * __restrict__’ but argument is of type ‘int’
../http.c:133:5: warning: implicit declaration of function ‘write’ [-Wimplicit-function-declaration]
../http.c: In function ‘HTTP_GetRecvLength’:
../http.c:199:5: warning: implicit declaration of function ‘HTTP_GetContentLength’ [-Wimplicit-function-declaration]
../http.c: In function ‘HTTP_GetFile’:
../http.c:568:13: warning: implicit declaration of function ‘Socket_Connect’ [-Wimplicit-function-declaration]
../http.c: In function ‘HTTP_DownloadFile’:
../http.c:654:5: warning: implicit declaration of function ‘sleep’ [-Wimplicit-function-declaration]
../http.c:658:5: warning: implicit declaration of function ‘Close’ [-Wimplicit-function-declaration]
../http.c: In function ‘HTTP_GetResponseCode’:
../http.c:182:1: warning: control reaches end of non-void function [-Wreturn-type]
Finished building: ../http.c
 
Building file: ../socket.c
Invoking: GCC C Compiler
gcc -O0 -g3 -Wall -c -fmessage-length=0 -MMD -MP -MF"socket.d" -MT"socket.d" -o "socket.o" "../socket.c"
../socket.c: In function ‘Socket_Connect’:
../socket.c:34:5: warning: implicit declaration of function ‘inet_addr’ [-Wimplicit-function-declaration]
../socket.c: In function ‘Close’:
../socket.c:83:5: warning: implicit declaration of function ‘close’ [-Wimplicit-function-declaration]
Finished building: ../socket.c
 
Building target: loadfile
Invoking: GCC C Linker
gcc  -o "loadfile"  ./http.o ./socket.o   
Finished building target: loadfile
 

**** Build Finished ****

**** Build of configuration Debug for project loadfile ****

make all 
make: Nothing to be done for `all'.

**** Build Finished ****

**** Build of configuration Debug for project loadfile ****

make all 
make: Nothing to be done for `all'.

**** Build Finished ****

**** Build of configuration Debug for project loadfile ****

make all 
Building file: ../http.c
Invoking: GCC C Compiler
gcc -O0 -g3 -Wall -c -fmessage-length=0 -MMD -MP -MF"http.d" -MT"http.d" -o "http.o" "../http.c"
../http.c: In function ‘Get_Breakpoint’:
../http.c:79:5: warning: implicit declaration of function ‘read’ [-Wimplicit-function-declaration]
../http.c:86:5: warning: implicit declaration of function ‘close’ [-Wimplicit-function-declaration]
../http.c: In function ‘Save_Breakpoint’:
../http.c:128:5: warning: passing argument 1 of ‘strcpy’ makes pointer from integer without a cast [enabled by default]
/usr/include/string.h:128:14: note: expected ‘char * __restrict__’ but argument is of type ‘int’
../http.c:133:5: warning: implicit declaration of function ‘write’ [-Wimplicit-function-declaration]
../http.c: In function ‘HTTP_GetRecvLength’:
../http.c:199:5: warning: implicit declaration of function ‘HTTP_GetContentLength’ [-Wimplicit-function-declaration]
../http.c: In function ‘HTTP_GetFile’:
../http.c:568:13: warning: implicit declaration of function ‘Socket_Connect’ [-Wimplicit-function-declaration]
../http.c: In function ‘HTTP_DownloadFile’:
../http.c:654:5: warning: implicit declaration of function ‘sleep’ [-Wimplicit-function-declaration]
../http.c:658:5: warning: implicit declaration of function ‘Close’ [-Wimplicit-function-declaration]
../http.c: In function ‘HTTP_GetResponseCode’:
../http.c:182:1: warning: control reaches end of non-void function [-Wreturn-type]
Finished building: ../http.c
 
Building target: loadfile
Invoking: GCC C Linker
gcc  -o "loadfile"  ./http.o ./socket.o   
Finished building target: loadfile
 

**** Build Finished ****

**** Build of configuration Debug for project loadfile ****

make all 
make: Nothing to be done for `all'.

**** Build Finished ****

**** Build of configuration Debug for project loadfile ****

make all 
Building file: ../http.c
Invoking: GCC C Compiler
gcc -O0 -g3 -Wall -c -fmessage-length=0 -MMD -MP -MF"http.d" -MT"http.d" -o "http.o" "../http.c"
../http.c: In function ‘Get_Breakpoint’:
../http.c:79:5: warning: implicit declaration of function ‘read’ [-Wimplicit-function-declaration]
../http.c:86:5: warning: implicit declaration of function ‘close’ [-Wimplicit-function-declaration]
../http.c: In function ‘Save_Breakpoint’:
../http.c:128:5: warning: passing argument 1 of ‘strcpy’ makes pointer from integer without a cast [enabled by default]
/usr/include/string.h:128:14: note: expected ‘char * __restrict__’ but argument is of type ‘int’
../http.c:133:5: warning: implicit declaration of function ‘write’ [-Wimplicit-function-declaration]
../http.c: In function ‘HTTP_GetRecvLength’:
../http.c:199:5: warning: implicit declaration of function ‘HTTP_GetContentLength’ [-Wimplicit-function-declaration]
../http.c: In function ‘HTTP_GetFile’:
../http.c:568:13: warning: implicit declaration of function ‘Socket_Connect’ [-Wimplicit-function-declaration]
../http.c: In function ‘HTTP_DownloadFile’:
../http.c:654:5: warning: implicit declaration of function ‘sleep’ [-Wimplicit-function-declaration]
../http.c:658:5: warning: implicit declaration of function ‘Close’ [-Wimplicit-function-declaration]
../http.c: In function ‘HTTP_GetResponseCode’:
../http.c:182:1: warning: control reaches end of non-void function [-Wreturn-type]
Finished building: ../http.c
 
Building target: loadfile
Invoking: GCC C Linker
gcc  -o "loadfile"  ./http.o ./socket.o   
Finished building target: loadfile
 

**** Build Finished ****

**** Build of configuration Debug for project loadfile ****

make all 
make: Nothing to be done for `all'.

**** Build Finished ****

**** Build of configuration Debug for project loadfile ****

make all 
make: Nothing to be done for `all'.

**** Build Finished ****

**** Build of configuration Debug for project loadfile ****

make all 
make: Nothing to be done for `all'.

**** Build Finished ****

**** Build of configuration Debug for project loadfile ****

make all 
make: Nothing to be done for `all'.

**** Build Finished ****

**** Build of configuration Debug for project loadfile ****

make all 
make: Nothing to be done for `all'.

**** Build Finished ****

**** Clean-only build of configuration Debug for project loadfile ****

make clean 
rm -rf  ./http.o ./socket.o  ./http.d ./socket.d  loadfile
 

**** Build Finished ****

**** Build of configuration Debug for project loadfile ****

make all 
Building file: ../http.c
Invoking: GCC C Compiler
gcc -O0 -g3 -Wall -c -fmessage-length=0 -MMD -MP -MF"http.d" -MT"http.d" -o "http.o" "../http.c"
../http.c: In function ‘Get_Breakpoint’:
../http.c:79:5: warning: implicit declaration of function ‘read’ [-Wimplicit-function-declaration]
../http.c:86:5: warning: implicit declaration of function ‘close’ [-Wimplicit-function-declaration]
../http.c: In function ‘Save_Breakpoint’:
../http.c:128:5: warning: passing argument 1 of ‘strcpy’ makes pointer from integer without a cast [enabled by default]
/usr/include/string.h:128:14: note: expected ‘char * __restrict__’ but argument is of type ‘int’
../http.c:133:5: warning: implicit declaration of function ‘write’ [-Wimplicit-function-declaration]
../http.c: In function ‘HTTP_GetRecvLength’:
../http.c:199:5: warning: implicit declaration of function ‘HTTP_GetContentLength’ [-Wimplicit-function-declaration]
../http.c: In function ‘HTTP_GetFile’:
../http.c:568:13: warning: implicit declaration of function ‘Socket_Connect’ [-Wimplicit-function-declaration]
../http.c: In function ‘HTTP_DownloadFile’:
../http.c:654:5: warning: implicit declaration of function ‘sleep’ [-Wimplicit-function-declaration]
../http.c:658:5: warning: implicit declaration of function ‘Close’ [-Wimplicit-function-declaration]
../http.c: In function ‘HTTP_GetResponseCode’:
../http.c:182:1: warning: control reaches end of non-void function [-Wreturn-type]
Finished building: ../http.c
 
Building file: ../socket.c
Invoking: GCC C Compiler
gcc -O0 -g3 -Wall -c -fmessage-length=0 -MMD -MP -MF"socket.d" -MT"socket.d" -o "socket.o" "../socket.c"
../socket.c: In function ‘Socket_Connect’:
../socket.c:34:5: warning: implicit declaration of function ‘inet_addr’ [-Wimplicit-function-declaration]
../socket.c: In function ‘Close’:
../socket.c:83:5: warning: implicit declaration of function ‘close’ [-Wimplicit-function-declaration]
Finished building: ../socket.c
 
Building target: loadfile
Invoking: GCC C Linker
gcc  -o "loadfile"  ./http.o ./socket.o   
Finished building target: loadfile
 

**** Build Finished ****

**** Build of configuration Debug for project loadfile ****

make all 
make: Nothing to be done for `all'.

**** Build Finished ****

**** Build of configuration Debug for project loadfile ****

make all 
make: Nothing to be done for `all'.

**** Build Finished ****

**** Build of configuration Debug for project loadfile ****

make all 
make: Nothing to be done for `all'.

**** Build Finished ****

**** Build of configuration Debug for project loadfile ****

make all 
make: Nothing to be done for `all'.

**** Build Finished ****

**** Build of configuration Debug for project loadfile ****

make all 
make: Nothing to be done for `all'.

**** Build Finished ****

**** Build of configuration Debug for project loadfile ****

make all 
Building file: ../http.c
Invoking: GCC C Compiler
gcc -O0 -g3 -Wall -c -fmessage-length=0 -MMD -MP -MF"http.d" -MT"http.d" -o "http.o" "../http.c"
../http.c: In function ‘Get_Breakpoint’:
../http.c:79:5: warning: implicit declaration of function ‘read’ [-Wimplicit-function-declaration]
../http.c:86:5: warning: implicit declaration of function ‘close’ [-Wimplicit-function-declaration]
../http.c: In function ‘Save_Breakpoint’:
../http.c:128:5: warning: passing argument 1 of ‘strcpy’ makes pointer from integer without a cast [enabled by default]
/usr/include/string.h:128:14: note: expected ‘char * __restrict__’ but argument is of type ‘int’
../http.c:133:5: warning: implicit declaration of function ‘write’ [-Wimplicit-function-declaration]
../http.c: In function ‘HTTP_GetRecvLength’:
../http.c:199:5: warning: implicit declaration of function ‘HTTP_GetContentLength’ [-Wimplicit-function-declaration]
../http.c: In function ‘HTTP_GetFile’:
../http.c:568:13: warning: implicit declaration of function ‘Socket_Connect’ [-Wimplicit-function-declaration]
../http.c: In function ‘HTTP_DownloadFile’:
../http.c:654:5: warning: implicit declaration of function ‘sleep’ [-Wimplicit-function-declaration]
../http.c:658:5: warning: implicit declaration of function ‘Close’ [-Wimplicit-function-declaration]
../http.c: In function ‘HTTP_GetResponseCode’:
../http.c:182:1: warning: control reaches end of non-void function [-Wreturn-type]
Finished building: ../http.c
 
Building target: loadfile
Invoking: GCC C Linker
gcc  -o "loadfile"  ./http.o ./socket.o   
Finished building target: loadfile
 

**** Build Finished ****

**** Build of configuration Debug for project loadfile ****

make all 
make: Nothing to be done for `all'.

**** Build Finished ****

**** Build of configuration Debug for project loadfile ****

make all 
make: Nothing to be done for `all'.

**** Build Finished ****

**** Build of configuration Debug for project loadfile ****

make all 
Building file: ../http.c
Invoking: GCC C Compiler
gcc -O0 -g3 -Wall -c -fmessage-length=0 -MMD -MP -MF"http.d" -MT"http.d" -o "http.o" "../http.c"
../http.c: In function ‘Get_Breakpoint’:
../http.c:79:5: warning: implicit declaration of function ‘read’ [-Wimplicit-function-declaration]
../http.c:86:5: warning: implicit declaration of function ‘close’ [-Wimplicit-function-declaration]
../http.c: In function ‘Save_Breakpoint’:
../http.c:128:5: warning: passing argument 1 of ‘strcpy’ makes pointer from integer without a cast [enabled by default]
/usr/include/string.h:128:14: note: expected ‘char * __restrict__’ but argument is of type ‘int’
../http.c:133:5: warning: implicit declaration of function ‘write’ [-Wimplicit-function-declaration]
../http.c: In function ‘HTTP_GetRecvLength’:
../http.c:199:5: warning: implicit declaration of function ‘HTTP_GetContentLength’ [-Wimplicit-function-declaration]
../http.c: In function ‘HTTP_GetFile’:
../http.c:568:13: warning: implicit declaration of function ‘Socket_Connect’ [-Wimplicit-function-declaration]
../http.c: In function ‘HTTP_DownloadFile’:
../http.c:654:5: warning: implicit declaration of function ‘sleep’ [-Wimplicit-function-declaration]
../http.c:658:5: warning: implicit declaration of function ‘Close’ [-Wimplicit-function-declaration]
../http.c: In function ‘HTTP_GetResponseCode’:
../http.c:182:1: warning: control reaches end of non-void function [-Wreturn-type]
Finished building: ../http.c
 
Building target: loadfile
Invoking: GCC C Linker
gcc  -o "loadfile"  ./http.o ./socket.o   
Finished building target: loadfile
 

**** Build Finished ****

**** Build of configuration Debug for project loadfile ****

make all 
make: Nothing to be done for `all'.

**** Build Finished ****

**** Build of configuration Debug for project loadfile ****

make all 
make: Nothing to be done for `all'.

**** Build Finished ****

**** Build of configuration Debug for project loadfile ****

make all 
Building file: ../http.c
Invoking: GCC C Compiler
gcc -O0 -g3 -Wall -c -fmessage-length=0 -MMD -MP -MF"http.d" -MT"http.d" -o "http.o" "../http.c"
../http.c: In function ‘Get_Breakpoint’:
../http.c:79:5: warning: implicit declaration of function ‘read’ [-Wimplicit-function-declaration]
../http.c:86:5: warning: implicit declaration of function ‘close’ [-Wimplicit-function-declaration]
../http.c: In function ‘Save_Breakpoint’:
../http.c:128:5: warning: passing argument 1 of ‘strcpy’ makes pointer from integer without a cast [enabled by default]
/usr/include/string.h:128:14: note: expected ‘char * __restrict__’ but argument is of type ‘int’
../http.c:133:5: warning: implicit declaration of function ‘write’ [-Wimplicit-function-declaration]
../http.c: In function ‘HTTP_GetRecvLength’:
../http.c:199:5: warning: implicit declaration of function ‘HTTP_GetContentLength’ [-Wimplicit-function-declaration]
../http.c: In function ‘HTTP_GetFile’:
../http.c:568:13: warning: implicit declaration of function ‘Socket_Connect’ [-Wimplicit-function-declaration]
../http.c: In function ‘HTTP_DownloadFile’:
../http.c:654:5: warning: implicit declaration of function ‘sleep’ [-Wimplicit-function-declaration]
../http.c:658:5: warning: implicit declaration of function ‘Close’ [-Wimplicit-function-declaration]
../http.c: In function ‘HTTP_GetResponseCode’:
../http.c:182:1: warning: control reaches end of non-void function [-Wreturn-type]
Finished building: ../http.c
 
Building target: loadfile
Invoking: GCC C Linker
gcc  -o "loadfile"  ./http.o ./socket.o   
Finished building target: loadfile
 

**** Build Finished ****

**** Build of configuration Debug for project loadfile ****

make all 
make: Nothing to be done for `all'.

**** Build Finished ****

**** Build of configuration Debug for project loadfile ****

make all 
Building file: ../http.c
Invoking: GCC C Compiler
gcc -O0 -g3 -Wall -c -fmessage-length=0 -MMD -MP -MF"http.d" -MT"http.d" -o "http.o" "../http.c"
../http.c: In function ‘Get_Breakpoint’:
../http.c:79:5: warning: implicit declaration of function ‘read’ [-Wimplicit-function-declaration]
../http.c:86:5: warning: implicit declaration of function ‘close’ [-Wimplicit-function-declaration]
../http.c: In function ‘Save_Breakpoint’:
../http.c:128:5: warning: passing argument 1 of ‘strcpy’ makes pointer from integer without a cast [enabled by default]
/usr/include/string.h:128:14: note: expected ‘char * __restrict__’ but argument is of type ‘int’
../http.c:133:5: warning: implicit declaration of function ‘write’ [-Wimplicit-function-declaration]
../http.c: In function ‘HTTP_GetRecvLength’:
../http.c:199:5: warning: implicit declaration of function ‘HTTP_GetContentLength’ [-Wimplicit-function-declaration]
../http.c: In function ‘HTTP_GetFile’:
../http.c:568:13: warning: implicit declaration of function ‘Socket_Connect’ [-Wimplicit-function-declaration]
../http.c: In function ‘HTTP_DownloadFile’:
../http.c:654:5: warning: implicit declaration of function ‘sleep’ [-Wimplicit-function-declaration]
../http.c:658:5: warning: implicit declaration of function ‘Close’ [-Wimplicit-function-declaration]
../http.c: In function ‘HTTP_GetResponseCode’:
../http.c:182:1: warning: control reaches end of non-void function [-Wreturn-type]
Finished building: ../http.c
 
Building target: loadfile
Invoking: GCC C Linker
gcc  -o "loadfile"  ./http.o ./socket.o   
Finished building target: loadfile
 

**** Build Finished ****

**** Build of configuration Debug for project loadfile ****

make all 
Building file: ../http.c
Invoking: GCC C Compiler
gcc -O0 -g3 -Wall -c -fmessage-length=0 -MMD -MP -MF"http.d" -MT"http.d" -o "http.o" "../http.c"
../http.c: In function ‘Get_Breakpoint’:
../http.c:79:5: warning: implicit declaration of function ‘read’ [-Wimplicit-function-declaration]
../http.c:86:5: warning: implicit declaration of function ‘close’ [-Wimplicit-function-declaration]
../http.c: In function ‘Save_Breakpoint’:
../http.c:128:5: warning: passing argument 1 of ‘strcpy’ makes pointer from integer without a cast [enabled by default]
/usr/include/string.h:128:14: note: expected ‘char * __restrict__’ but argument is of type ‘int’
../http.c:133:5: warning: implicit declaration of function ‘write’ [-Wimplicit-function-declaration]
../http.c: In function ‘HTTP_GetRecvLength’:
../http.c:199:5: warning: implicit declaration of function ‘HTTP_GetContentLength’ [-Wimplicit-function-declaration]
../http.c: In function ‘HTTP_GetFile’:
../http.c:568:13: warning: implicit declaration of function ‘Socket_Connect’ [-Wimplicit-function-declaration]
../http.c: In function ‘HTTP_DownloadFile’:
../http.c:654:5: warning: implicit declaration of function ‘sleep’ [-Wimplicit-function-declaration]
../http.c:658:5: warning: implicit declaration of function ‘Close’ [-Wimplicit-function-declaration]
../http.c: In function ‘HTTP_GetResponseCode’:
../http.c:182:1: warning: control reaches end of non-void function [-Wreturn-type]
Finished building: ../http.c
 
Building target: loadfile
Invoking: GCC C Linker
gcc  -o "loadfile"  ./http.o ./socket.o   
Finished building target: loadfile
 

**** Build Finished ****

**** Build of configuration Debug for project loadfile ****

make all 
make: Nothing to be done for `all'.

**** Build Finished ****

**** Build of configuration Debug for project loadfile ****

make all 
Building file: ../http.c
Invoking: GCC C Compiler
gcc -O0 -g3 -Wall -c -fmessage-length=0 -MMD -MP -MF"http.d" -MT"http.d" -o "http.o" "../http.c"
../http.c: In function ‘Get_Breakpoint’:
../http.c:79:5: warning: implicit declaration of function ‘read’ [-Wimplicit-function-declaration]
../http.c:86:5: warning: implicit declaration of function ‘close’ [-Wimplicit-function-declaration]
../http.c: In function ‘Save_Breakpoint’:
../http.c:128:5: warning: passing argument 1 of ‘strcpy’ makes pointer from integer without a cast [enabled by default]
/usr/include/string.h:128:14: note: expected ‘char * __restrict__’ but argument is of type ‘int’
../http.c:133:5: warning: implicit declaration of function ‘write’ [-Wimplicit-function-declaration]
../http.c: In function ‘HTTP_GetRecvLength’:
../http.c:199:5: warning: implicit declaration of function ‘HTTP_GetContentLength’ [-Wimplicit-function-declaration]
../http.c: In function ‘HTTP_GetFile’:
../http.c:568:13: warning: implicit declaration of function ‘Socket_Connect’ [-Wimplicit-function-declaration]
../http.c: In function ‘HTTP_DownloadFile’:
../http.c:654:5: warning: implicit declaration of function ‘sleep’ [-Wimplicit-function-declaration]
../http.c:658:5: warning: implicit declaration of function ‘Close’ [-Wimplicit-function-declaration]
../http.c: In function ‘HTTP_GetResponseCode’:
../http.c:182:1: warning: control reaches end of non-void function [-Wreturn-type]
Finished building: ../http.c
 
Building target: loadfile
Invoking: GCC C Linker
gcc  -o "loadfile"  ./http.o ./socket.o   
Finished building target: loadfile
 

**** Build Finished ****

**** Build of configuration Debug for project loadfile ****

make all 
make: Nothing to be done for `all'.

**** Build Finished ****

**** Build of configuration Debug for project loadfile ****

make all 
Building file: ../http.c
Invoking: GCC C Compiler
gcc -O0 -g3 -Wall -c -fmessage-length=0 -MMD -MP -MF"http.d" -MT"http.d" -o "http.o" "../http.c"
../http.c: In function ‘Get_Breakpoint’:
../http.c:79:5: warning: implicit declaration of function ‘read’ [-Wimplicit-function-declaration]
../http.c:86:5: warning: implicit declaration of function ‘close’ [-Wimplicit-function-declaration]
../http.c: In function ‘Save_Breakpoint’:
../http.c:128:5: warning: passing argument 1 of ‘strcpy’ makes pointer from integer without a cast [enabled by default]
/usr/include/string.h:128:14: note: expected ‘char * __restrict__’ but argument is of type ‘int’
../http.c:133:5: warning: implicit declaration of function ‘write’ [-Wimplicit-function-declaration]
../http.c: In function ‘HTTP_GetRecvLength’:
../http.c:199:5: warning: implicit declaration of function ‘HTTP_GetContentLength’ [-Wimplicit-function-declaration]
../http.c: In function ‘HTTP_GetFile’:
../http.c:568:13: warning: implicit declaration of function ‘Socket_Connect’ [-Wimplicit-function-declaration]
../http.c: In function ‘HTTP_DownloadFile’:
../http.c:654:5: warning: implicit declaration of function ‘sleep’ [-Wimplicit-function-declaration]
../http.c:658:5: warning: implicit declaration of function ‘Close’ [-Wimplicit-function-declaration]
../http.c: In function ‘HTTP_GetResponseCode’:
../http.c:182:1: warning: control reaches end of non-void function [-Wreturn-type]
Finished building: ../http.c
 
Building target: loadfile
Invoking: GCC C Linker
gcc  -o "loadfile"  ./http.o ./socket.o   
Finished building target: loadfile
 

**** Build Finished ****

**** Build of configuration Debug for project loadfile ****

make all 
Building file: ../http.c
Invoking: GCC C Compiler
gcc -O0 -g3 -Wall -c -fmessage-length=0 -MMD -MP -MF"http.d" -MT"http.d" -o "http.o" "../http.c"
../http.c: In function ‘Get_Breakpoint’:
../http.c:79:5: warning: implicit declaration of function ‘read’ [-Wimplicit-function-declaration]
../http.c:86:5: warning: implicit declaration of function ‘close’ [-Wimplicit-function-declaration]
../http.c: In function ‘Save_Breakpoint’:
../http.c:133:5: warning: implicit declaration of function ‘write’ [-Wimplicit-function-declaration]
../http.c: In function ‘HTTP_GetRecvLength’:
../http.c:199:5: warning: implicit declaration of function ‘HTTP_GetContentLength’ [-Wimplicit-function-declaration]
../http.c: In function ‘HTTP_GetFile’:
../http.c:568:13: warning: implicit declaration of function ‘Socket_Connect’ [-Wimplicit-function-declaration]
../http.c: In function ‘HTTP_DownloadFile’:
../http.c:654:5: warning: implicit declaration of function ‘sleep’ [-Wimplicit-function-declaration]
../http.c:658:5: warning: implicit declaration of function ‘Close’ [-Wimplicit-function-declaration]
../http.c: In function ‘HTTP_GetResponseCode’:
../http.c:182:1: warning: control reaches end of non-void function [-Wreturn-type]
Finished building: ../http.c
 
Building target: loadfile
Invoking: GCC C Linker
gcc  -o "loadfile"  ./http.o ./socket.o   
Finished building target: loadfile
 

**** Build Finished ****

**** Build of configuration Debug for project loadfile ****

make all 
make: Nothing to be done for `all'.

**** Build Finished ****

**** Build of configuration Debug for project loadfile ****

make all 
make: Nothing to be done for `all'.

**** Build Finished ****

**** Clean-only build of configuration Debug for project loadfile ****

make clean 
rm -rf  ./http.o ./socket.o  ./http.d ./socket.d  loadfile
 

**** Build Finished ****

**** Build of configuration Debug for project loadfile ****

make all 
Building file: ../http.c
Invoking: GCC C Compiler
gcc -O0 -g3 -Wall -c -fmessage-length=0 -MMD -MP -MF"http.d" -MT"http.d" -o "http.o" "../http.c"
../http.c: In function ‘Get_Breakpoint’:
../http.c:79:5: warning: implicit declaration of function ‘read’ [-Wimplicit-function-declaration]
../http.c:86:5: warning: implicit declaration of function ‘close’ [-Wimplicit-function-declaration]
../http.c: In function ‘Save_Breakpoint’:
../http.c:133:5: warning: implicit declaration of function ‘write’ [-Wimplicit-function-declaration]
../http.c: In function ‘HTTP_GetRecvLength’:
../http.c:199:5: warning: implicit declaration of function ‘HTTP_GetContentLength’ [-Wimplicit-function-declaration]
../http.c: In function ‘HTTP_GetFile’:
../http.c:568:13: warning: implicit declaration of function ‘Socket_Connect’ [-Wimplicit-function-declaration]
../http.c: In function ‘HTTP_DownloadFile’:
../http.c:654:5: warning: implicit declaration of function ‘sleep’ [-Wimplicit-function-declaration]
../http.c:658:5: warning: implicit declaration of function ‘Close’ [-Wimplicit-function-declaration]
../http.c: In function ‘HTTP_GetResponseCode’:
../http.c:182:1: warning: control reaches end of non-void function [-Wreturn-type]
Finished building: ../http.c
 
Building file: ../socket.c
Invoking: GCC C Compiler
gcc -O0 -g3 -Wall -c -fmessage-length=0 -MMD -MP -MF"socket.d" -MT"socket.d" -o "socket.o" "../socket.c"
../socket.c: In function ‘Socket_Connect’:
../socket.c:34:5: warning: implicit declaration of function ‘inet_addr’ [-Wimplicit-function-declaration]
../socket.c: In function ‘Close’:
../socket.c:83:5: warning: implicit declaration of function ‘close’ [-Wimplicit-function-declaration]
Finished building: ../socket.c
 
Building target: loadfile
Invoking: GCC C Linker
gcc  -o "loadfile"  ./http.o ./socket.o   
Finished building target: loadfile
 

**** Build Finished ****

**** Build of configuration Debug for project loadfile ****

make all 
make: Nothing to be done for `all'.

**** Build Finished ****

**** Build of configuration Debug for project loadfile ****

make all 
make: Nothing to be done for `all'.

**** Build Finished ****

**** Build of configuration Debug for project loadfile ****

make all 
make: Nothing to be done for `all'.

**** Build Finished ****

**** Build of configuration Debug for project loadfile ****

make all 
make: Nothing to be done for `all'.

**** Build Finished ****

**** Build of configuration Debug for project loadfile ****

make all 
make: Nothing to be done for `all'.

**** Build Finished ****

**** Build of configuration Debug for project loadfile ****

make all 
Building file: ../http.c
Invoking: GCC C Compiler
gcc -O0 -g3 -Wall -c -fmessage-length=0 -MMD -MP -MF"http.d" -MT"http.d" -o "http.o" "../http.c"
../http.c: In function ‘Get_Breakpoint’:
../http.c:79:5: warning: implicit declaration of function ‘read’ [-Wimplicit-function-declaration]
../http.c:86:5: warning: implicit declaration of function ‘close’ [-Wimplicit-function-declaration]
../http.c: In function ‘Save_Breakpoint’:
../http.c:133:5: warning: implicit declaration of function ‘write’ [-Wimplicit-function-declaration]
../http.c: In function ‘HTTP_GetRecvLength’:
../http.c:199:5: warning: implicit declaration of function ‘HTTP_GetContentLength’ [-Wimplicit-function-declaration]
../http.c: In function ‘HTTP_GetFile’:
../http.c:568:13: warning: implicit declaration of function ‘Socket_Connect’ [-Wimplicit-function-declaration]
../http.c: In function ‘HTTP_DownloadFile’:
../http.c:654:5: warning: implicit declaration of function ‘sleep’ [-Wimplicit-function-declaration]
../http.c:658:5: warning: implicit declaration of function ‘Close’ [-Wimplicit-function-declaration]
../http.c: In function ‘HTTP_GetResponseCode’:
../http.c:182:1: warning: control reaches end of non-void function [-Wreturn-type]
Finished building: ../http.c
 
Building target: loadfile
Invoking: GCC C Linker
gcc  -o "loadfile"  ./http.o ./socket.o   
Finished building target: loadfile
 

**** Build Finished ****

**** Build of configuration Debug for project loadfile ****

make all 
make: Nothing to be done for `all'.

**** Build Finished ****

**** Build of configuration Debug for project loadfile ****

make all 
make: Nothing to be done for `all'.

**** Build Finished ****

**** Build of configuration Debug for project loadfile ****

make all 
make: Nothing to be done for `all'.

**** Build Finished ****

**** Build of configuration Debug for project loadfile ****

make all 
make: Nothing to be done for `all'.

**** Build Finished ****

**** Build of configuration Debug for project loadfile ****

make all 
make: Nothing to be done for `all'.

**** Build Finished ****

**** Build of configuration Debug for project loadfile ****

make all 
make: Nothing to be done for `all'.

**** Build Finished ****

**** Build of configuration Debug for project loadfile ****

make all 
make: Nothing to be done for `all'.

**** Build Finished ****

**** Build of configuration Debug for project loadfile ****

make all 
make: Nothing to be done for `all'.

**** Build Finished ****

**** Build of configuration Debug for project loadfile ****

make all 
make: Nothing to be done for `all'.

**** Build Finished ****

**** Build of configuration Debug for project loadfile ****

make all 
make: Nothing to be done for `all'.

**** Build Finished ****

**** Build of configuration Debug for project loadfile ****

make all 
make: Nothing to be done for `all'.

**** Build Finished ****

**** Build of configuration Debug for project loadfile ****

make all 
make: Nothing to be done for `all'.

**** Build Finished ****

**** Build of configuration Debug for project loadfile ****

make all 
make: Nothing to be done for `all'.

**** Build Finished ****

**** Build of configuration Debug for project loadfile ****

make all 
make: Nothing to be done for `all'.

**** Build Finished ****

**** Build of configuration Debug for project loadfile ****

make all 
make: Nothing to be done for `all'.

**** Build Finished ****

**** Build of configuration Debug for project loadfile ****

make all 
Building file: ../http.c
Invoking: GCC C Compiler
gcc -O0 -g3 -Wall -c -fmessage-length=0 -MMD -MP -MF"http.d" -MT"http.d" -o "http.o" "../http.c"
../http.c: In function ‘Get_Breakpoint’:
../http.c:79:5: warning: implicit declaration of function ‘read’ [-Wimplicit-function-declaration]
../http.c:86:5: warning: implicit declaration of function ‘close’ [-Wimplicit-function-declaration]
../http.c: In function ‘Save_Breakpoint’:
../http.c:133:5: warning: implicit declaration of function ‘write’ [-Wimplicit-function-declaration]
../http.c: In function ‘HTTP_GetRecvLength’:
../http.c:199:5: warning: implicit declaration of function ‘HTTP_GetContentLength’ [-Wimplicit-function-declaration]
../http.c: In function ‘HTTP_GetFile’:
../http.c:568:13: warning: implicit declaration of function ‘Socket_Connect’ [-Wimplicit-function-declaration]
../http.c: In function ‘HTTP_DownloadFile’:
../http.c:654:5: warning: implicit declaration of function ‘sleep’ [-Wimplicit-function-declaration]
../http.c:658:5: warning: implicit declaration of function ‘Close’ [-Wimplicit-function-declaration]
../http.c: In function ‘HTTP_GetResponseCode’:
../http.c:182:1: warning: control reaches end of non-void function [-Wreturn-type]
Finished building: ../http.c
 
Building file: ../socket.c
Invoking: GCC C Compiler
gcc -O0 -g3 -Wall -c -fmessage-length=0 -MMD -MP -MF"socket.d" -MT"socket.d" -o "socket.o" "../socket.c"
../socket.c: In function ‘Socket_Connect’:
../socket.c:34:5: warning: implicit declaration of function ‘inet_addr’ [-Wimplicit-function-declaration]
../socket.c: In function ‘Close’:
../socket.c:83:5: warning: implicit declaration of function ‘close’ [-Wimplicit-function-declaration]
Finished building: ../socket.c
 
Building target: loadfile
Invoking: GCC C Linker
gcc  -o "loadfile"  ./http.o ./socket.o   
Finished building target: loadfile
 

**** Build Finished ****

**** Build of configuration Debug for project loadfile ****

make all 
make: Nothing to be done for `all'.

**** Build Finished ****

**** Build of configuration Debug for project loadfile ****

make all 
make: Nothing to be done for `all'.

**** Build Finished ****

**** Build of configuration Debug for project loadfile ****

make all 
make: Nothing to be done for `all'.

**** Build Finished ****

**** Build of configuration Debug for project loadfile ****

make all 
make: Nothing to be done for `all'.

**** Build Finished ****

**** Build of configuration Debug for project loadfile ****

make all 
make: Nothing to be done for `all'.

**** Build Finished ****

**** Build of configuration Debug for project loadfile ****

make all 
make: Nothing to be done for `all'.

**** Build Finished ****

**** Build of configuration Debug for project loadfile ****

make all 
make: Nothing to be done for `all'.

**** Build Finished ****

**** Build of configuration Debug for project loadfile ****

make all 
make: Nothing to be done for `all'.

**** Build Finished ****

**** Build of configuration Debug for project loadfile ****

make all 
make: Nothing to be done for `all'.

**** Build Finished ****

**** Build of configuration Debug for project loadfile ****

make all 
make: Nothing to be done for `all'.

**** Build Finished ****

**** Build of configuration Debug for project loadfile ****

make all 
make: Nothing to be done for `all'.

**** Build Finished ****

**** Build of configuration Debug for project loadfile ****

make all 
make: Nothing to be done for `all'.

**** Build Finished ****

**** Build of configuration Debug for project loadfile ****

make all 
make: Nothing to be done for `all'.

**** Build Finished ****

**** Build of configuration Debug for project loadfile ****

make all 
make: Nothing to be done for `all'.

**** Build Finished ****

**** Build of configuration Debug for project loadfile ****

make all 
make: Nothing to be done for `all'.

**** Build Finished ****

**** Build of configuration Debug for project loadfile ****

make all 
make: Nothing to be done for `all'.

**** Build Finished ****

**** Build of configuration Debug for project loadfile ****

make all 
make: Nothing to be done for `all'.

**** Build Finished ****

**** Build of configuration Debug for project loadfile ****

make all 
make: Nothing to be done for `all'.

**** Build Finished ****

**** Build of configuration Debug for project loadfile ****

make all 
make: Nothing to be done for `all'.

**** Build Finished ****

**** Build of configuration Debug for project loadfile ****

make all 
make: Nothing to be done for `all'.

**** Build Finished ****

**** Build of configuration Debug for project loadfile ****

make all 
make: Nothing to be done for `all'.

**** Build Finished ****

**** Build of configuration Debug for project loadfile ****

make all 
make: Nothing to be done for `all'.

**** Build Finished ****

**** Build of configuration Debug for project loadfile ****

make all 
make: Nothing to be done for `all'.

**** Build Finished ****

**** Build of configuration Debug for project loadfile ****

make all 
Building file: ../http.c
Invoking: GCC C Compiler
gcc -O0 -g3 -Wall -c -fmessage-length=0 -MMD -MP -MF"http.d" -MT"http.d" -o "http.o" "../http.c"
../http.c: In function ‘Get_Breakpoint’:
../http.c:79:5: warning: implicit declaration of function ‘read’ [-Wimplicit-function-declaration]
../http.c:86:5: warning: implicit declaration of function ‘close’ [-Wimplicit-function-declaration]
../http.c: In function ‘Save_Breakpoint’:
../http.c:133:5: warning: implicit declaration of function ‘write’ [-Wimplicit-function-declaration]
../http.c: In function ‘HTTP_GetRecvLength’:
../http.c:199:5: warning: implicit declaration of function ‘HTTP_GetContentLength’ [-Wimplicit-function-declaration]
../http.c: In function ‘HTTP_GetFile’:
../http.c:568:13: warning: implicit declaration of function ‘Socket_Connect’ [-Wimplicit-function-declaration]
../http.c: In function ‘HTTP_DownloadFile’:
../http.c:654:5: warning: implicit declaration of function ‘sleep’ [-Wimplicit-function-declaration]
../http.c:658:5: warning: implicit declaration of function ‘Close’ [-Wimplicit-function-declaration]
../http.c: In function ‘HTTP_GetResponseCode’:
../http.c:182:1: warning: control reaches end of non-void function [-Wreturn-type]
Finished building: ../http.c
 
Building target: loadfile
Invoking: GCC C Linker
gcc  -o "loadfile"  ./http.o ./socket.o   
Finished building target: loadfile
 

**** Build Finished ****

**** Build of configuration Debug for project loadfile ****

make all 
make: Nothing to be done for `all'.

**** Build Finished ****

**** Build of configuration Debug for project loadfile ****

make all 
make: Nothing to be done for `all'.

**** Build Finished ****

**** Build of configuration Debug for project loadfile ****

make all 
make: Nothing to be done for `all'.

**** Build Finished ****

**** Build of configuration Debug for project loadfile ****

make all 
make: Nothing to be done for `all'.

**** Build Finished ****

**** Build of configuration Debug for project loadfile ****

make all 
make: Nothing to be done for `all'.

**** Build Finished ****

**** Build of configuration Debug for project loadfile ****

make all 
Building file: ../socket.c
Invoking: GCC C Compiler
gcc -O0 -g3 -Wall -c -fmessage-length=0 -MMD -MP -MF"socket.d" -MT"socket.d" -o "socket.o" "../socket.c"
../socket.c: In function ‘Socket_Connect’:
../socket.c:32:5: warning: implicit declaration of function ‘gethostbyname’ [-Wimplicit-function-declaration]
../socket.c:32:10: warning: assignment makes pointer from integer without a cast [enabled by default]
../socket.c:34:51: error: dereferencing pointer to incomplete type
../socket.c: In function ‘Close’:
../socket.c:83:5: warning: implicit declaration of function ‘close’ [-Wimplicit-function-declaration]
make: *** [socket.o] Error 1

**** Build Finished ****

**** Build of configuration Debug for project loadfile ****

make all 
Building file: ../socket.c
Invoking: GCC C Compiler
gcc -O0 -g3 -Wall -c -fmessage-length=0 -MMD -MP -MF"socket.d" -MT"socket.d" -o "socket.o" "../socket.c"
Finished building: ../socket.c
 
Building target: loadfile
Invoking: GCC C Linker
gcc  -o "loadfile"  ./http.o ./socket.o   
Finished building target: loadfile
 

**** Build Finished ****

**** Build of configuration Debug for project loadfile ****

make all 
make: Nothing to be done for `all'.

**** Build Finished ****

**** Build of configuration Debug for project loadfile ****

make all 
make: Nothing to be done for `all'.

**** Build Finished ****
